{"/Users/user/Documents/it park/hokimiyat/apps/backend/src/config/index.ts": {"path":"/Users/user/Documents/it park/hokimiyat/apps/backend/src/config/index.ts","statementMap":{"0":{"start":{"line":1,"column":13},"end":{"line":58,"column":2}}},"fnMap":{},"branchMap":{"0":{"loc":{"start":{"line":2,"column":17},"end":{"line":2,"column":43}},"type":"binary-expr","locations":[{"start":{"line":2,"column":17},"end":{"line":2,"column":33}},{"start":{"line":2,"column":37},"end":{"line":2,"column":43}}]},"1":{"loc":{"start":{"line":3,"column":11},"end":{"line":3,"column":48}},"type":"binary-expr","locations":[{"start":{"line":3,"column":11},"end":{"line":3,"column":31}},{"start":{"line":3,"column":35},"end":{"line":3,"column":48}}]},"2":{"loc":{"start":{"line":4,"column":13},"end":{"line":4,"column":48}},"type":"binary-expr","locations":[{"start":{"line":4,"column":13},"end":{"line":4,"column":35}},{"start":{"line":4,"column":39},"end":{"line":4,"column":48}}]},"3":{"loc":{"start":{"line":7,"column":18},"end":{"line":7,"column":91}},"type":"binary-expr","locations":[{"start":{"line":7,"column":18},"end":{"line":7,"column":47}},{"start":{"line":7,"column":51},"end":{"line":7,"column":91}}]},"4":{"loc":{"start":{"line":8,"column":19},"end":{"line":8,"column":94}},"type":"binary-expr","locations":[{"start":{"line":8,"column":19},"end":{"line":8,"column":49}},{"start":{"line":8,"column":53},"end":{"line":8,"column":94}}]},"5":{"loc":{"start":{"line":9,"column":21},"end":{"line":9,"column":63}},"type":"binary-expr","locations":[{"start":{"line":9,"column":21},"end":{"line":9,"column":54}},{"start":{"line":9,"column":58},"end":{"line":9,"column":63}}]},"6":{"loc":{"start":{"line":10,"column":22},"end":{"line":10,"column":64}},"type":"binary-expr","locations":[{"start":{"line":10,"column":22},"end":{"line":10,"column":56}},{"start":{"line":10,"column":60},"end":{"line":10,"column":64}}]},"7":{"loc":{"start":{"line":14,"column":9},"end":{"line":14,"column":58}},"type":"binary-expr","locations":[{"start":{"line":14,"column":9},"end":{"line":14,"column":30}},{"start":{"line":14,"column":34},"end":{"line":14,"column":58}}]},"8":{"loc":{"start":{"line":18,"column":9},"end":{"line":18,"column":97}},"type":"binary-expr","locations":[{"start":{"line":18,"column":9},"end":{"line":18,"column":33}},{"start":{"line":18,"column":37},"end":{"line":18,"column":97}}]},"9":{"loc":{"start":{"line":22,"column":11},"end":{"line":22,"column":40}},"type":"binary-expr","locations":[{"start":{"line":22,"column":11},"end":{"line":22,"column":34}},{"start":{"line":22,"column":38},"end":{"line":22,"column":40}}]},"10":{"loc":{"start":{"line":23,"column":14},"end":{"line":23,"column":46}},"type":"binary-expr","locations":[{"start":{"line":23,"column":14},"end":{"line":23,"column":40}},{"start":{"line":23,"column":44},"end":{"line":23,"column":46}}]},"11":{"loc":{"start":{"line":24,"column":12},"end":{"line":24,"column":73}},"type":"binary-expr","locations":[{"start":{"line":24,"column":12},"end":{"line":24,"column":37}},{"start":{"line":24,"column":41},"end":{"line":24,"column":73}}]},"12":{"loc":{"start":{"line":28,"column":17},"end":{"line":28,"column":52}},"type":"binary-expr","locations":[{"start":{"line":28,"column":17},"end":{"line":28,"column":46}},{"start":{"line":28,"column":50},"end":{"line":28,"column":52}}]},"13":{"loc":{"start":{"line":32,"column":14},"end":{"line":32,"column":55}},"type":"binary-expr","locations":[{"start":{"line":32,"column":14},"end":{"line":32,"column":40}},{"start":{"line":32,"column":44},"end":{"line":32,"column":55}}]},"14":{"loc":{"start":{"line":33,"column":19},"end":{"line":33,"column":51}},"type":"binary-expr","locations":[{"start":{"line":33,"column":19},"end":{"line":33,"column":41}},{"start":{"line":33,"column":45},"end":{"line":33,"column":51}}]},"15":{"loc":{"start":{"line":34,"column":15},"end":{"line":34,"column":60}},"type":"binary-expr","locations":[{"start":{"line":34,"column":15},"end":{"line":34,"column":43}},{"start":{"line":34,"column":47},"end":{"line":34,"column":60}}]},"16":{"loc":{"start":{"line":35,"column":15},"end":{"line":35,"column":63}},"type":"binary-expr","locations":[{"start":{"line":35,"column":15},"end":{"line":35,"column":43}},{"start":{"line":35,"column":47},"end":{"line":35,"column":63}}]},"17":{"loc":{"start":{"line":36,"column":12},"end":{"line":36,"column":62}},"type":"binary-expr","locations":[{"start":{"line":36,"column":12},"end":{"line":36,"column":36}},{"start":{"line":36,"column":40},"end":{"line":36,"column":62}}]},"18":{"loc":{"start":{"line":40,"column":23},"end":{"line":40,"column":94}},"type":"binary-expr","locations":[{"start":{"line":40,"column":23},"end":{"line":40,"column":56}},{"start":{"line":40,"column":60},"end":{"line":40,"column":94}}]},"19":{"loc":{"start":{"line":43,"column":12},"end":{"line":43,"column":42}},"type":"binary-expr","locations":[{"start":{"line":43,"column":12},"end":{"line":43,"column":35}},{"start":{"line":43,"column":39},"end":{"line":43,"column":42}}]},"20":{"loc":{"start":{"line":47,"column":23},"end":{"line":47,"column":66}},"type":"binary-expr","locations":[{"start":{"line":47,"column":23},"end":{"line":47,"column":55}},{"start":{"line":47,"column":59},"end":{"line":47,"column":66}}]},"21":{"loc":{"start":{"line":48,"column":26},"end":{"line":48,"column":70}},"type":"binary-expr","locations":[{"start":{"line":48,"column":26},"end":{"line":48,"column":61}},{"start":{"line":48,"column":65},"end":{"line":48,"column":70}}]},"22":{"loc":{"start":{"line":52,"column":36},"end":{"line":52,"column":80}},"type":"binary-expr","locations":[{"start":{"line":52,"column":36},"end":{"line":52,"column":71}},{"start":{"line":52,"column":75},"end":{"line":52,"column":80}}]},"23":{"loc":{"start":{"line":53,"column":24},"end":{"line":53,"column":68}},"type":"binary-expr","locations":[{"start":{"line":53,"column":24},"end":{"line":53,"column":57}},{"start":{"line":53,"column":61},"end":{"line":53,"column":68}}]},"24":{"loc":{"start":{"line":54,"column":22},"end":{"line":54,"column":64}},"type":"binary-expr","locations":[{"start":{"line":54,"column":22},"end":{"line":54,"column":53}},{"start":{"line":54,"column":57},"end":{"line":54,"column":64}}]},"25":{"loc":{"start":{"line":55,"column":25},"end":{"line":55,"column":70}},"type":"binary-expr","locations":[{"start":{"line":55,"column":25},"end":{"line":55,"column":59}},{"start":{"line":55,"column":63},"end":{"line":55,"column":70}}]},"26":{"loc":{"start":{"line":56,"column":23},"end":{"line":56,"column":66}},"type":"binary-expr","locations":[{"start":{"line":56,"column":23},"end":{"line":56,"column":55}},{"start":{"line":56,"column":59},"end":{"line":56,"column":66}}]}},"s":{"0":0},"f":{},"b":{"0":[0,0],"1":[0,0],"2":[0,0],"3":[0,0],"4":[0,0],"5":[0,0],"6":[0,0],"7":[0,0],"8":[0,0],"9":[0,0],"10":[0,0],"11":[0,0],"12":[0,0],"13":[0,0],"14":[0,0],"15":[0,0],"16":[0,0],"17":[0,0],"18":[0,0],"19":[0,0],"20":[0,0],"21":[0,0],"22":[0,0],"23":[0,0],"24":[0,0],"25":[0,0],"26":[0,0]}}
,"/Users/user/Documents/it park/hokimiyat/apps/backend/src/controllers/admin.ts": {"path":"/Users/user/Documents/it park/hokimiyat/apps/backend/src/controllers/admin.ts","statementMap":{"0":{"start":{"line":6,"column":0},"end":{"line":6,"column":7}},"1":{"start":{"line":52,"column":0},"end":{"line":52,"column":7}},"2":{"start":{"line":94,"column":0},"end":{"line":94,"column":7}},"3":{"start":{"line":113,"column":0},"end":{"line":113,"column":7}},"4":{"start":{"line":146,"column":0},"end":{"line":146,"column":7}},"5":{"start":{"line":175,"column":0},"end":{"line":175,"column":7}},"6":{"start":{"line":196,"column":0},"end":{"line":196,"column":7}},"7":{"start":{"line":234,"column":0},"end":{"line":234,"column":7}},"8":{"start":{"line":2,"column":0},"end":{"line":2,"column":44}},"9":{"start":{"line":3,"column":0},"end":{"line":3,"column":53}},"10":{"start":{"line":4,"column":0},"end":{"line":4,"column":55}},"11":{"start":{"line":7,"column":2},"end":{"line":49,"column":3}},"12":{"start":{"line":8,"column":118},"end":{"line":8,"column":126}},"13":{"start":{"line":10,"column":17},"end":{"line":35,"column":6}},"14":{"start":{"line":37,"column":4},"end":{"line":44,"column":7}},"15":{"start":{"line":46,"column":4},"end":{"line":46,"column":31}},"16":{"start":{"line":48,"column":4},"end":{"line":48,"column":16}},"17":{"start":{"line":53,"column":2},"end":{"line":91,"column":3}},"18":{"start":{"line":54,"column":17},"end":{"line":54,"column":56}},"19":{"start":{"line":55,"column":18},"end":{"line":55,"column":59}},"20":{"start":{"line":56,"column":27},"end":{"line":56,"column":61}},"21":{"start":{"line":57,"column":25},"end":{"line":57,"column":57}},"22":{"start":{"line":58,"column":19},"end":{"line":58,"column":45}},"23":{"start":{"line":59,"column":21},"end":{"line":59,"column":49}},"24":{"start":{"line":61,"column":23},"end":{"line":61,"column":42}},"25":{"start":{"line":62,"column":4},"end":{"line":62,"column":62}},"26":{"start":{"line":62,"column":24},"end":{"line":62,"column":62}},"27":{"start":{"line":63,"column":4},"end":{"line":63,"column":56}},"28":{"start":{"line":63,"column":22},"end":{"line":63,"column":56}},"29":{"start":{"line":64,"column":4},"end":{"line":64,"column":69}},"30":{"start":{"line":64,"column":32},"end":{"line":64,"column":69}},"31":{"start":{"line":65,"column":4},"end":{"line":71,"column":5}},"32":{"start":{"line":66,"column":6},"end":{"line":70,"column":8}},"33":{"start":{"line":73,"column":31},"end":{"line":86,"column":6}},"34":{"start":{"line":88,"column":4},"end":{"line":88,"column":86}},"35":{"start":{"line":90,"column":4},"end":{"line":90,"column":16}},"36":{"start":{"line":95,"column":2},"end":{"line":110,"column":3}},"37":{"start":{"line":96,"column":21},"end":{"line":103,"column":6}},"38":{"start":{"line":104,"column":4},"end":{"line":106,"column":5}},"39":{"start":{"line":105,"column":6},"end":{"line":105,"column":77}},"40":{"start":{"line":107,"column":4},"end":{"line":107,"column":23}},"41":{"start":{"line":109,"column":4},"end":{"line":109,"column":16}},"42":{"start":{"line":114,"column":2},"end":{"line":143,"column":3}},"43":{"start":{"line":115,"column":115},"end":{"line":115,"column":123}},"44":{"start":{"line":117,"column":21},"end":{"line":130,"column":6}},"45":{"start":{"line":132,"column":4},"end":{"line":138,"column":7}},"46":{"start":{"line":140,"column":4},"end":{"line":140,"column":23}},"47":{"start":{"line":142,"column":4},"end":{"line":142,"column":16}},"48":{"start":{"line":147,"column":2},"end":{"line":172,"column":3}},"49":{"start":{"line":148,"column":21},"end":{"line":148,"column":87}},"50":{"start":{"line":149,"column":4},"end":{"line":149,"column":90}},"51":{"start":{"line":149,"column":19},"end":{"line":149,"column":90}},"52":{"start":{"line":151,"column":4},"end":{"line":154,"column":7}},"53":{"start":{"line":156,"column":4},"end":{"line":159,"column":7}},"54":{"start":{"line":161,"column":4},"end":{"line":167,"column":7}},"55":{"start":{"line":169,"column":4},"end":{"line":169,"column":46}},"56":{"start":{"line":171,"column":4},"end":{"line":171,"column":16}},"57":{"start":{"line":176,"column":2},"end":{"line":193,"column":3}},"58":{"start":{"line":177,"column":17},"end":{"line":177,"column":56}},"59":{"start":{"line":178,"column":18},"end":{"line":178,"column":59}},"60":{"start":{"line":180,"column":26},"end":{"line":188,"column":6}},"61":{"start":{"line":190,"column":4},"end":{"line":190,"column":93}},"62":{"start":{"line":192,"column":4},"end":{"line":192,"column":16}},"63":{"start":{"line":197,"column":2},"end":{"line":231,"column":3}},"64":{"start":{"line":198,"column":18},"end":{"line":198,"column":28}},"65":{"start":{"line":199,"column":4},"end":{"line":199,"column":31}},"66":{"start":{"line":200,"column":21},"end":{"line":200,"column":36}},"67":{"start":{"line":201,"column":4},"end":{"line":201,"column":45}},"68":{"start":{"line":210,"column":8},"end":{"line":219,"column":6}},"69":{"start":{"line":221,"column":4},"end":{"line":228,"column":7}},"70":{"start":{"line":230,"column":4},"end":{"line":230,"column":16}},"71":{"start":{"line":235,"column":2},"end":{"line":266,"column":3}},"72":{"start":{"line":236,"column":26},"end":{"line":236,"column":73}},"73":{"start":{"line":244,"column":8},"end":{"line":255,"column":6}},"74":{"start":{"line":257,"column":4},"end":{"line":263,"column":7}},"75":{"start":{"line":265,"column":4},"end":{"line":265,"column":16}}},"fnMap":{"0":{"name":"createEmployeeHandler","decl":{"start":{"line":6,"column":22},"end":{"line":6,"column":43}},"loc":{"start":{"line":6,"column":91},"end":{"line":50,"column":1}}},"1":{"name":"getEmployeesHandler","decl":{"start":{"line":52,"column":22},"end":{"line":52,"column":41}},"loc":{"start":{"line":52,"column":89},"end":{"line":92,"column":1}}},"2":{"name":"getEmployeeByIdHandler","decl":{"start":{"line":94,"column":22},"end":{"line":94,"column":44}},"loc":{"start":{"line":94,"column":92},"end":{"line":111,"column":1}}},"3":{"name":"updateEmployeeHandler","decl":{"start":{"line":113,"column":22},"end":{"line":113,"column":43}},"loc":{"start":{"line":113,"column":91},"end":{"line":144,"column":1}}},"4":{"name":"deleteEmployeeHandler","decl":{"start":{"line":146,"column":22},"end":{"line":146,"column":43}},"loc":{"start":{"line":146,"column":91},"end":{"line":173,"column":1}}},"5":{"name":"getSuspiciousActivitiesHandler","decl":{"start":{"line":175,"column":22},"end":{"line":175,"column":52}},"loc":{"start":{"line":175,"column":100},"end":{"line":194,"column":1}}},"6":{"name":"getDashboardStatsHandler","decl":{"start":{"line":196,"column":22},"end":{"line":196,"column":46}},"loc":{"start":{"line":196,"column":95},"end":{"line":232,"column":1}}},"7":{"name":"getSystemStatsHandler","decl":{"start":{"line":234,"column":22},"end":{"line":234,"column":43}},"loc":{"start":{"line":234,"column":92},"end":{"line":267,"column":1}}}},"branchMap":{"0":{"loc":{"start":{"line":28,"column":25},"end":{"line":28,"column":72}},"type":"cond-expr","locations":[{"start":{"line":28,"column":39},"end":{"line":28,"column":60}},{"start":{"line":28,"column":63},"end":{"line":28,"column":72}}]},"1":{"loc":{"start":{"line":29,"column":22},"end":{"line":29,"column":64}},"type":"cond-expr","locations":[{"start":{"line":29,"column":33},"end":{"line":29,"column":51}},{"start":{"line":29,"column":54},"end":{"line":29,"column":64}}]},"2":{"loc":{"start":{"line":54,"column":17},"end":{"line":54,"column":56}},"type":"binary-expr","locations":[{"start":{"line":54,"column":17},"end":{"line":54,"column":51}},{"start":{"line":54,"column":55},"end":{"line":54,"column":56}}]},"3":{"loc":{"start":{"line":55,"column":18},"end":{"line":55,"column":59}},"type":"binary-expr","locations":[{"start":{"line":55,"column":18},"end":{"line":55,"column":53}},{"start":{"line":55,"column":57},"end":{"line":55,"column":59}}]},"4":{"loc":{"start":{"line":62,"column":4},"end":{"line":62,"column":62}},"type":"if","locations":[{"start":{"line":62,"column":4},"end":{"line":62,"column":62}}]},"5":{"loc":{"start":{"line":63,"column":4},"end":{"line":63,"column":56}},"type":"if","locations":[{"start":{"line":63,"column":4},"end":{"line":63,"column":56}}]},"6":{"loc":{"start":{"line":64,"column":4},"end":{"line":64,"column":69}},"type":"if","locations":[{"start":{"line":64,"column":4},"end":{"line":64,"column":69}}]},"7":{"loc":{"start":{"line":65,"column":4},"end":{"line":71,"column":5}},"type":"if","locations":[{"start":{"line":65,"column":4},"end":{"line":71,"column":5}}]},"8":{"loc":{"start":{"line":104,"column":4},"end":{"line":106,"column":5}},"type":"if","locations":[{"start":{"line":104,"column":4},"end":{"line":106,"column":5}}]},"9":{"loc":{"start":{"line":126,"column":21},"end":{"line":126,"column":68}},"type":"cond-expr","locations":[{"start":{"line":126,"column":35},"end":{"line":126,"column":56}},{"start":{"line":126,"column":59},"end":{"line":126,"column":68}}]},"10":{"loc":{"start":{"line":127,"column":14},"end":{"line":127,"column":61}},"type":"cond-expr","locations":[{"start":{"line":127,"column":25},"end":{"line":127,"column":49}},{"start":{"line":127,"column":52},"end":{"line":127,"column":61}}]},"11":{"loc":{"start":{"line":149,"column":4},"end":{"line":149,"column":90}},"type":"if","locations":[{"start":{"line":149,"column":4},"end":{"line":149,"column":90}}]},"12":{"loc":{"start":{"line":177,"column":17},"end":{"line":177,"column":56}},"type":"binary-expr","locations":[{"start":{"line":177,"column":17},"end":{"line":177,"column":51}},{"start":{"line":177,"column":55},"end":{"line":177,"column":56}}]},"13":{"loc":{"start":{"line":178,"column":18},"end":{"line":178,"column":59}},"type":"binary-expr","locations":[{"start":{"line":178,"column":18},"end":{"line":178,"column":53}},{"start":{"line":178,"column":57},"end":{"line":178,"column":59}}]}},"s":{"0":0,"1":0,"2":0,"3":0,"4":0,"5":0,"6":0,"7":0,"8":0,"9":0,"10":0,"11":0,"12":0,"13":0,"14":0,"15":0,"16":0,"17":0,"18":0,"19":0,"20":0,"21":0,"22":0,"23":0,"24":0,"25":0,"26":0,"27":0,"28":0,"29":0,"30":0,"31":0,"32":0,"33":0,"34":0,"35":0,"36":0,"37":0,"38":0,"39":0,"40":0,"41":0,"42":0,"43":0,"44":0,"45":0,"46":0,"47":0,"48":0,"49":0,"50":0,"51":0,"52":0,"53":0,"54":0,"55":0,"56":0,"57":0,"58":0,"59":0,"60":0,"61":0,"62":0,"63":0,"64":0,"65":0,"66":0,"67":0,"68":0,"69":0,"70":0,"71":0,"72":0,"73":0,"74":0,"75":0},"f":{"0":0,"1":0,"2":0,"3":0,"4":0,"5":0,"6":0,"7":0},"b":{"0":[0,0],"1":[0,0],"2":[0,0],"3":[0,0],"4":[0],"5":[0],"6":[0],"7":[0],"8":[0],"9":[0,0],"10":[0,0],"11":[0],"12":[0,0],"13":[0,0]}}
,"/Users/user/Documents/it park/hokimiyat/apps/backend/src/controllers/appVersion.ts": {"path":"/Users/user/Documents/it park/hokimiyat/apps/backend/src/controllers/appVersion.ts","statementMap":{"0":{"start":{"line":4,"column":0},"end":{"line":4,"column":7}},"1":{"start":{"line":2,"column":0},"end":{"line":2,"column":57}},"2":{"start":{"line":5,"column":2},"end":{"line":14,"column":3}},"3":{"start":{"line":6,"column":22},"end":{"line":6,"column":64}},"4":{"start":{"line":7,"column":28},"end":{"line":7,"column":67}},"5":{"start":{"line":8,"column":31},"end":{"line":8,"column":83}},"6":{"start":{"line":10,"column":19},"end":{"line":10,"column":86}},"7":{"start":{"line":11,"column":4},"end":{"line":11,"column":21}},"8":{"start":{"line":13,"column":4},"end":{"line":13,"column":16}}},"fnMap":{"0":{"name":"checkAppVersionHandler","decl":{"start":{"line":4,"column":22},"end":{"line":4,"column":44}},"loc":{"start":{"line":4,"column":92},"end":{"line":15,"column":1}}}},"branchMap":{"0":{"loc":{"start":{"line":6,"column":22},"end":{"line":6,"column":64}},"type":"binary-expr","locations":[{"start":{"line":6,"column":22},"end":{"line":6,"column":51}},{"start":{"line":6,"column":55},"end":{"line":6,"column":64}}]},"1":{"loc":{"start":{"line":7,"column":28},"end":{"line":7,"column":67}},"type":"binary-expr","locations":[{"start":{"line":7,"column":28},"end":{"line":7,"column":56}},{"start":{"line":7,"column":60},"end":{"line":7,"column":67}}]},"2":{"loc":{"start":{"line":8,"column":40},"end":{"line":8,"column":78}},"type":"binary-expr","locations":[{"start":{"line":8,"column":40},"end":{"line":8,"column":71}},{"start":{"line":8,"column":75},"end":{"line":8,"column":78}}]}},"s":{"0":0,"1":0,"2":0,"3":0,"4":0,"5":0,"6":0,"7":0,"8":0},"f":{"0":0},"b":{"0":[0,0],"1":[0,0],"2":[0,0]}}
,"/Users/user/Documents/it park/hokimiyat/apps/backend/src/controllers/attendance.ts": {"path":"/Users/user/Documents/it park/hokimiyat/apps/backend/src/controllers/attendance.ts","statementMap":{"0":{"start":{"line":7,"column":0},"end":{"line":7,"column":7}},"1":{"start":{"line":47,"column":0},"end":{"line":47,"column":7}},"2":{"start":{"line":81,"column":0},"end":{"line":81,"column":7}},"3":{"start":{"line":92,"column":0},"end":{"line":92,"column":7}},"4":{"start":{"line":108,"column":0},"end":{"line":108,"column":7}},"5":{"start":{"line":122,"column":0},"end":{"line":122,"column":7}},"6":{"start":{"line":2,"column":0},"end":{"line":2,"column":45}},"7":{"start":{"line":3,"column":0},"end":{"line":3,"column":160}},"8":{"start":{"line":4,"column":0},"end":{"line":4,"column":60}},"9":{"start":{"line":5,"column":0},"end":{"line":5,"column":53}},"10":{"start":{"line":8,"column":2},"end":{"line":44,"column":3}},"11":{"start":{"line":9,"column":4},"end":{"line":11,"column":5}},"12":{"start":{"line":10,"column":6},"end":{"line":10,"column":63}},"13":{"start":{"line":13,"column":17},"end":{"line":13,"column":131}},"14":{"start":{"line":14,"column":23},"end":{"line":14,"column":31}},"15":{"start":{"line":16,"column":19},"end":{"line":28,"column":6}},"16":{"start":{"line":30,"column":4},"end":{"line":39,"column":7}},"17":{"start":{"line":41,"column":4},"end":{"line":41,"column":33}},"18":{"start":{"line":43,"column":4},"end":{"line":43,"column":16}},"19":{"start":{"line":48,"column":2},"end":{"line":78,"column":3}},"20":{"start":{"line":49,"column":4},"end":{"line":51,"column":5}},"21":{"start":{"line":50,"column":6},"end":{"line":50,"column":63}},"22":{"start":{"line":53,"column":17},"end":{"line":53,"column":91}},"23":{"start":{"line":55,"column":19},"end":{"line":63,"column":6}},"24":{"start":{"line":65,"column":4},"end":{"line":73,"column":7}},"25":{"start":{"line":75,"column":4},"end":{"line":75,"column":33}},"26":{"start":{"line":77,"column":4},"end":{"line":77,"column":16}},"27":{"start":{"line":82,"column":2},"end":{"line":89,"column":3}},"28":{"start":{"line":83,"column":4},"end":{"line":83,"column":88}},"29":{"start":{"line":83,"column":31},"end":{"line":83,"column":88}},"30":{"start":{"line":85,"column":20},"end":{"line":85,"column":65}},"31":{"start":{"line":86,"column":4},"end":{"line":86,"column":22}},"32":{"start":{"line":88,"column":4},"end":{"line":88,"column":16}},"33":{"start":{"line":93,"column":2},"end":{"line":105,"column":3}},"34":{"start":{"line":94,"column":4},"end":{"line":94,"column":88}},"35":{"start":{"line":94,"column":31},"end":{"line":94,"column":88}},"36":{"start":{"line":96,"column":17},"end":{"line":96,"column":56}},"37":{"start":{"line":97,"column":18},"end":{"line":97,"column":59}},"38":{"start":{"line":98,"column":22},"end":{"line":98,"column":141}},"39":{"start":{"line":99,"column":20},"end":{"line":99,"column":90}},"40":{"start":{"line":101,"column":19},"end":{"line":101,"column":99}},"41":{"start":{"line":102,"column":4},"end":{"line":102,"column":21}},"42":{"start":{"line":104,"column":4},"end":{"line":104,"column":16}},"43":{"start":{"line":109,"column":2},"end":{"line":119,"column":3}},"44":{"start":{"line":110,"column":4},"end":{"line":110,"column":88}},"45":{"start":{"line":110,"column":31},"end":{"line":110,"column":88}},"46":{"start":{"line":112,"column":22},"end":{"line":112,"column":141}},"47":{"start":{"line":113,"column":20},"end":{"line":113,"column":90}},"48":{"start":{"line":115,"column":18},"end":{"line":115,"column":83}},"49":{"start":{"line":116,"column":4},"end":{"line":116,"column":20}},"50":{"start":{"line":118,"column":4},"end":{"line":118,"column":16}},"51":{"start":{"line":123,"column":2},"end":{"line":131,"column":3}},"52":{"start":{"line":124,"column":25},"end":{"line":124,"column":48}},"53":{"start":{"line":125,"column":17},"end":{"line":125,"column":81}},"54":{"start":{"line":127,"column":19},"end":{"line":127,"column":68}},"55":{"start":{"line":128,"column":4},"end":{"line":128,"column":21}},"56":{"start":{"line":130,"column":4},"end":{"line":130,"column":16}}},"fnMap":{"0":{"name":"checkInHandler","decl":{"start":{"line":7,"column":22},"end":{"line":7,"column":36}},"loc":{"start":{"line":7,"column":84},"end":{"line":45,"column":1}}},"1":{"name":"checkOutHandler","decl":{"start":{"line":47,"column":22},"end":{"line":47,"column":37}},"loc":{"start":{"line":47,"column":85},"end":{"line":79,"column":1}}},"2":{"name":"getTodayHandler","decl":{"start":{"line":81,"column":22},"end":{"line":81,"column":37}},"loc":{"start":{"line":81,"column":85},"end":{"line":90,"column":1}}},"3":{"name":"getHistoryHandler","decl":{"start":{"line":92,"column":22},"end":{"line":92,"column":39}},"loc":{"start":{"line":92,"column":87},"end":{"line":106,"column":1}}},"4":{"name":"getStatsHandler","decl":{"start":{"line":108,"column":22},"end":{"line":108,"column":37}},"loc":{"start":{"line":108,"column":85},"end":{"line":120,"column":1}}},"5":{"name":"getDepartmentAttendanceHandler","decl":{"start":{"line":122,"column":22},"end":{"line":122,"column":52}},"loc":{"start":{"line":122,"column":100},"end":{"line":132,"column":1}}}},"branchMap":{"0":{"loc":{"start":{"line":9,"column":4},"end":{"line":11,"column":5}},"type":"if","locations":[{"start":{"line":9,"column":4},"end":{"line":11,"column":5}}]},"1":{"loc":{"start":{"line":9,"column":8},"end":{"line":9,"column":58}},"type":"binary-expr","locations":[{"start":{"line":9,"column":8},"end":{"line":9,"column":29}},{"start":{"line":9,"column":33},"end":{"line":9,"column":58}}]},"2":{"loc":{"start":{"line":49,"column":4},"end":{"line":51,"column":5}},"type":"if","locations":[{"start":{"line":49,"column":4},"end":{"line":51,"column":5}}]},"3":{"loc":{"start":{"line":49,"column":8},"end":{"line":49,"column":58}},"type":"binary-expr","locations":[{"start":{"line":49,"column":8},"end":{"line":49,"column":29}},{"start":{"line":49,"column":33},"end":{"line":49,"column":58}}]},"4":{"loc":{"start":{"line":83,"column":4},"end":{"line":83,"column":88}},"type":"if","locations":[{"start":{"line":83,"column":4},"end":{"line":83,"column":88}}]},"5":{"loc":{"start":{"line":94,"column":4},"end":{"line":94,"column":88}},"type":"if","locations":[{"start":{"line":94,"column":4},"end":{"line":94,"column":88}}]},"6":{"loc":{"start":{"line":96,"column":17},"end":{"line":96,"column":56}},"type":"binary-expr","locations":[{"start":{"line":96,"column":17},"end":{"line":96,"column":51}},{"start":{"line":96,"column":55},"end":{"line":96,"column":56}}]},"7":{"loc":{"start":{"line":97,"column":18},"end":{"line":97,"column":59}},"type":"binary-expr","locations":[{"start":{"line":97,"column":18},"end":{"line":97,"column":53}},{"start":{"line":97,"column":57},"end":{"line":97,"column":59}}]},"8":{"loc":{"start":{"line":98,"column":22},"end":{"line":98,"column":141}},"type":"cond-expr","locations":[{"start":{"line":98,"column":44},"end":{"line":98,"column":83}},{"start":{"line":98,"column":86},"end":{"line":98,"column":141}}]},"9":{"loc":{"start":{"line":99,"column":20},"end":{"line":99,"column":90}},"type":"cond-expr","locations":[{"start":{"line":99,"column":40},"end":{"line":99,"column":77}},{"start":{"line":99,"column":80},"end":{"line":99,"column":90}}]},"10":{"loc":{"start":{"line":110,"column":4},"end":{"line":110,"column":88}},"type":"if","locations":[{"start":{"line":110,"column":4},"end":{"line":110,"column":88}}]},"11":{"loc":{"start":{"line":112,"column":22},"end":{"line":112,"column":141}},"type":"cond-expr","locations":[{"start":{"line":112,"column":44},"end":{"line":112,"column":83}},{"start":{"line":112,"column":86},"end":{"line":112,"column":141}}]},"12":{"loc":{"start":{"line":113,"column":20},"end":{"line":113,"column":90}},"type":"cond-expr","locations":[{"start":{"line":113,"column":40},"end":{"line":113,"column":77}},{"start":{"line":113,"column":80},"end":{"line":113,"column":90}}]},"13":{"loc":{"start":{"line":125,"column":17},"end":{"line":125,"column":81}},"type":"cond-expr","locations":[{"start":{"line":125,"column":34},"end":{"line":125,"column":68}},{"start":{"line":125,"column":71},"end":{"line":125,"column":81}}]}},"s":{"0":0,"1":0,"2":0,"3":0,"4":0,"5":0,"6":0,"7":0,"8":0,"9":0,"10":0,"11":0,"12":0,"13":0,"14":0,"15":0,"16":0,"17":0,"18":0,"19":0,"20":0,"21":0,"22":0,"23":0,"24":0,"25":0,"26":0,"27":0,"28":0,"29":0,"30":0,"31":0,"32":0,"33":0,"34":0,"35":0,"36":0,"37":0,"38":0,"39":0,"40":0,"41":0,"42":0,"43":0,"44":0,"45":0,"46":0,"47":0,"48":0,"49":0,"50":0,"51":0,"52":0,"53":0,"54":0,"55":0,"56":0},"f":{"0":0,"1":0,"2":0,"3":0,"4":0,"5":0},"b":{"0":[0],"1":[0,0],"2":[0],"3":[0,0],"4":[0],"5":[0],"6":[0,0],"7":[0,0],"8":[0,0],"9":[0,0],"10":[0],"11":[0,0],"12":[0,0],"13":[0,0]}}
,"/Users/user/Documents/it park/hokimiyat/apps/backend/src/controllers/audit.ts": {"path":"/Users/user/Documents/it park/hokimiyat/apps/backend/src/controllers/audit.ts","statementMap":{"0":{"start":{"line":5,"column":0},"end":{"line":5,"column":7}},"1":{"start":{"line":39,"column":0},"end":{"line":39,"column":7}},"2":{"start":{"line":2,"column":0},"end":{"line":2,"column":44}},"3":{"start":{"line":3,"column":0},"end":{"line":3,"column":55}},"4":{"start":{"line":6,"column":2},"end":{"line":36,"column":3}},"5":{"start":{"line":7,"column":17},"end":{"line":7,"column":56}},"6":{"start":{"line":8,"column":18},"end":{"line":8,"column":59}},"7":{"start":{"line":9,"column":19},"end":{"line":9,"column":45}},"8":{"start":{"line":10,"column":20},"end":{"line":10,"column":47}},"9":{"start":{"line":11,"column":22},"end":{"line":11,"column":95}},"10":{"start":{"line":12,"column":20},"end":{"line":12,"column":89}},"11":{"start":{"line":14,"column":23},"end":{"line":14,"column":25}},"12":{"start":{"line":15,"column":4},"end":{"line":15,"column":38}},"13":{"start":{"line":15,"column":16},"end":{"line":15,"column":38}},"14":{"start":{"line":16,"column":4},"end":{"line":16,"column":41}},"15":{"start":{"line":16,"column":17},"end":{"line":16,"column":41}},"16":{"start":{"line":17,"column":4},"end":{"line":21,"column":5}},"17":{"start":{"line":18,"column":6},"end":{"line":18,"column":27}},"18":{"start":{"line":19,"column":6},"end":{"line":19,"column":53}},"19":{"start":{"line":19,"column":21},"end":{"line":19,"column":53}},"20":{"start":{"line":20,"column":6},"end":{"line":20,"column":49}},"21":{"start":{"line":20,"column":19},"end":{"line":20,"column":49}},"22":{"start":{"line":23,"column":26},"end":{"line":31,"column":6}},"23":{"start":{"line":33,"column":4},"end":{"line":33,"column":81}},"24":{"start":{"line":35,"column":4},"end":{"line":35,"column":16}},"25":{"start":{"line":40,"column":2},"end":{"line":45,"column":3}},"26":{"start":{"line":41,"column":19},"end":{"line":41,"column":43}},"27":{"start":{"line":42,"column":4},"end":{"line":42,"column":21}},"28":{"start":{"line":44,"column":4},"end":{"line":44,"column":16}}},"fnMap":{"0":{"name":"getAuditLogsHandler","decl":{"start":{"line":5,"column":22},"end":{"line":5,"column":41}},"loc":{"start":{"line":5,"column":89},"end":{"line":37,"column":1}}},"1":{"name":"verifyAuditChainHandler","decl":{"start":{"line":39,"column":22},"end":{"line":39,"column":45}},"loc":{"start":{"line":39,"column":94},"end":{"line":46,"column":1}}}},"branchMap":{"0":{"loc":{"start":{"line":7,"column":17},"end":{"line":7,"column":56}},"type":"binary-expr","locations":[{"start":{"line":7,"column":17},"end":{"line":7,"column":51}},{"start":{"line":7,"column":55},"end":{"line":7,"column":56}}]},"1":{"loc":{"start":{"line":8,"column":18},"end":{"line":8,"column":59}},"type":"binary-expr","locations":[{"start":{"line":8,"column":18},"end":{"line":8,"column":53}},{"start":{"line":8,"column":57},"end":{"line":8,"column":59}}]},"2":{"loc":{"start":{"line":11,"column":22},"end":{"line":11,"column":95}},"type":"cond-expr","locations":[{"start":{"line":11,"column":44},"end":{"line":11,"column":83}},{"start":{"line":11,"column":86},"end":{"line":11,"column":95}}]},"3":{"loc":{"start":{"line":12,"column":20},"end":{"line":12,"column":89}},"type":"cond-expr","locations":[{"start":{"line":12,"column":40},"end":{"line":12,"column":77}},{"start":{"line":12,"column":80},"end":{"line":12,"column":89}}]},"4":{"loc":{"start":{"line":15,"column":4},"end":{"line":15,"column":38}},"type":"if","locations":[{"start":{"line":15,"column":4},"end":{"line":15,"column":38}}]},"5":{"loc":{"start":{"line":16,"column":4},"end":{"line":16,"column":41}},"type":"if","locations":[{"start":{"line":16,"column":4},"end":{"line":16,"column":41}}]},"6":{"loc":{"start":{"line":17,"column":4},"end":{"line":21,"column":5}},"type":"if","locations":[{"start":{"line":17,"column":4},"end":{"line":21,"column":5}}]},"7":{"loc":{"start":{"line":17,"column":8},"end":{"line":17,"column":28}},"type":"binary-expr","locations":[{"start":{"line":17,"column":8},"end":{"line":17,"column":17}},{"start":{"line":17,"column":21},"end":{"line":17,"column":28}}]},"8":{"loc":{"start":{"line":19,"column":6},"end":{"line":19,"column":53}},"type":"if","locations":[{"start":{"line":19,"column":6},"end":{"line":19,"column":53}}]},"9":{"loc":{"start":{"line":20,"column":6},"end":{"line":20,"column":49}},"type":"if","locations":[{"start":{"line":20,"column":6},"end":{"line":20,"column":49}}]}},"s":{"0":0,"1":0,"2":0,"3":0,"4":0,"5":0,"6":0,"7":0,"8":0,"9":0,"10":0,"11":0,"12":0,"13":0,"14":0,"15":0,"16":0,"17":0,"18":0,"19":0,"20":0,"21":0,"22":0,"23":0,"24":0,"25":0,"26":0,"27":0,"28":0},"f":{"0":0,"1":0},"b":{"0":[0,0],"1":[0,0],"2":[0,0],"3":[0,0],"4":[0],"5":[0],"6":[0],"7":[0,0],"8":[0],"9":[0]}}
,"/Users/user/Documents/it park/hokimiyat/apps/backend/src/controllers/auth.ts": {"path":"/Users/user/Documents/it park/hokimiyat/apps/backend/src/controllers/auth.ts","statementMap":{"0":{"start":{"line":29,"column":0},"end":{"line":29,"column":7}},"1":{"start":{"line":48,"column":0},"end":{"line":48,"column":7}},"2":{"start":{"line":157,"column":0},"end":{"line":157,"column":7}},"3":{"start":{"line":207,"column":0},"end":{"line":207,"column":7}},"4":{"start":{"line":2,"column":0},"end":{"line":2,"column":24}},"5":{"start":{"line":3,"column":0},"end":{"line":3,"column":44}},"6":{"start":{"line":4,"column":0},"end":{"line":4,"column":56}},"7":{"start":{"line":5,"column":0},"end":{"line":5,"column":72}},"8":{"start":{"line":6,"column":0},"end":{"line":6,"column":51}},"9":{"start":{"line":7,"column":0},"end":{"line":7,"column":53}},"10":{"start":{"line":8,"column":0},"end":{"line":8,"column":73}},"11":{"start":{"line":9,"column":0},"end":{"line":9,"column":45}},"12":{"start":{"line":11,"column":25},"end":{"line":13,"column":2}},"13":{"start":{"line":15,"column":24},"end":{"line":23,"column":2}},"14":{"start":{"line":25,"column":22},"end":{"line":27,"column":2}},"15":{"start":{"line":30,"column":2},"end":{"line":45,"column":3}},"16":{"start":{"line":31,"column":22},"end":{"line":31,"column":54}},"17":{"start":{"line":32,"column":4},"end":{"line":32,"column":28}},"18":{"start":{"line":34,"column":4},"end":{"line":40,"column":7}},"19":{"start":{"line":42,"column":4},"end":{"line":42,"column":66}},"20":{"start":{"line":44,"column":4},"end":{"line":44,"column":16}},"21":{"start":{"line":49,"column":2},"end":{"line":154,"column":3}},"22":{"start":{"line":50,"column":82},"end":{"line":50,"column":113}},"23":{"start":{"line":52,"column":4},"end":{"line":52,"column":33}},"24":{"start":{"line":54,"column":15},"end":{"line":62,"column":6}},"25":{"start":{"line":64,"column":4},"end":{"line":86,"column":5}},"26":{"start":{"line":65,"column":6},"end":{"line":85,"column":9}},"27":{"start":{"line":88,"column":4},"end":{"line":107,"column":5}},"28":{"start":{"line":89,"column":6},"end":{"line":106,"column":9}},"29":{"start":{"line":109,"column":22},"end":{"line":117,"column":6}},"30":{"start":{"line":119,"column":4},"end":{"line":125,"column":7}},"31":{"start":{"line":127,"column":4},"end":{"line":135,"column":7}},"32":{"start":{"line":137,"column":4},"end":{"line":151,"column":7}},"33":{"start":{"line":153,"column":4},"end":{"line":153,"column":16}},"34":{"start":{"line":158,"column":2},"end":{"line":204,"column":3}},"35":{"start":{"line":159,"column":29},"end":{"line":159,"column":58}},"36":{"start":{"line":161,"column":20},"end":{"line":161,"column":52}},"37":{"start":{"line":163,"column":17},"end":{"line":171,"column":6}},"38":{"start":{"line":173,"column":4},"end":{"line":175,"column":5}},"39":{"start":{"line":174,"column":6},"end":{"line":174,"column":60}},"40":{"start":{"line":177,"column":4},"end":{"line":179,"column":5}},"41":{"start":{"line":178,"column":6},"end":{"line":178,"column":61}},"42":{"start":{"line":181,"column":22},"end":{"line":189,"column":6}},"43":{"start":{"line":191,"column":4},"end":{"line":194,"column":7}},"44":{"start":{"line":196,"column":4},"end":{"line":201,"column":7}},"45":{"start":{"line":203,"column":4},"end":{"line":203,"column":16}},"46":{"start":{"line":208,"column":2},"end":{"line":234,"column":3}},"47":{"start":{"line":209,"column":4},"end":{"line":209,"column":49}},"48":{"start":{"line":209,"column":19},"end":{"line":209,"column":49}},"49":{"start":{"line":211,"column":4},"end":{"line":214,"column":7}},"50":{"start":{"line":216,"column":4},"end":{"line":219,"column":5}},"51":{"start":{"line":217,"column":24},"end":{"line":217,"column":40}},"52":{"start":{"line":218,"column":6},"end":{"line":218,"column":52}},"53":{"start":{"line":221,"column":4},"end":{"line":229,"column":7}},"54":{"start":{"line":231,"column":4},"end":{"line":231,"column":53}},"55":{"start":{"line":233,"column":4},"end":{"line":233,"column":16}}},"fnMap":{"0":{"name":"requestOtpHandler","decl":{"start":{"line":29,"column":22},"end":{"line":29,"column":39}},"loc":{"start":{"line":29,"column":87},"end":{"line":46,"column":1}}},"1":{"name":"verifyOtpHandler","decl":{"start":{"line":48,"column":22},"end":{"line":48,"column":38}},"loc":{"start":{"line":48,"column":86},"end":{"line":155,"column":1}}},"2":{"name":"refreshTokenHandler","decl":{"start":{"line":157,"column":22},"end":{"line":157,"column":41}},"loc":{"start":{"line":157,"column":89},"end":{"line":205,"column":1}}},"3":{"name":"logoutHandler","decl":{"start":{"line":207,"column":22},"end":{"line":207,"column":35}},"loc":{"start":{"line":207,"column":83},"end":{"line":235,"column":1}}}},"branchMap":{"0":{"loc":{"start":{"line":64,"column":4},"end":{"line":86,"column":5}},"type":"if","locations":[{"start":{"line":64,"column":4},"end":{"line":86,"column":5}}]},"1":{"loc":{"start":{"line":88,"column":4},"end":{"line":107,"column":5}},"type":"if","locations":[{"start":{"line":88,"column":4},"end":{"line":107,"column":5}}]},"2":{"loc":{"start":{"line":94,"column":22},"end":{"line":94,"column":40}},"type":"binary-expr","locations":[{"start":{"line":94,"column":22},"end":{"line":94,"column":32}},{"start":{"line":94,"column":36},"end":{"line":94,"column":40}}]},"3":{"loc":{"start":{"line":95,"column":20},"end":{"line":95,"column":36}},"type":"binary-expr","locations":[{"start":{"line":95,"column":20},"end":{"line":95,"column":28}},{"start":{"line":95,"column":32},"end":{"line":95,"column":36}}]},"4":{"loc":{"start":{"line":96,"column":21},"end":{"line":96,"column":38}},"type":"binary-expr","locations":[{"start":{"line":96,"column":21},"end":{"line":96,"column":30}},{"start":{"line":96,"column":34},"end":{"line":96,"column":38}}]},"5":{"loc":{"start":{"line":97,"column":21},"end":{"line":97,"column":38}},"type":"binary-expr","locations":[{"start":{"line":97,"column":21},"end":{"line":97,"column":30}},{"start":{"line":97,"column":34},"end":{"line":97,"column":38}}]},"6":{"loc":{"start":{"line":100,"column":22},"end":{"line":100,"column":45}},"type":"binary-expr","locations":[{"start":{"line":100,"column":22},"end":{"line":100,"column":32}},{"start":{"line":100,"column":36},"end":{"line":100,"column":45}}]},"7":{"loc":{"start":{"line":101,"column":20},"end":{"line":101,"column":41}},"type":"binary-expr","locations":[{"start":{"line":101,"column":20},"end":{"line":101,"column":28}},{"start":{"line":101,"column":32},"end":{"line":101,"column":41}}]},"8":{"loc":{"start":{"line":102,"column":21},"end":{"line":102,"column":43}},"type":"binary-expr","locations":[{"start":{"line":102,"column":21},"end":{"line":102,"column":30}},{"start":{"line":102,"column":34},"end":{"line":102,"column":43}}]},"9":{"loc":{"start":{"line":103,"column":21},"end":{"line":103,"column":43}},"type":"binary-expr","locations":[{"start":{"line":103,"column":21},"end":{"line":103,"column":30}},{"start":{"line":103,"column":34},"end":{"line":103,"column":43}}]},"10":{"loc":{"start":{"line":173,"column":4},"end":{"line":175,"column":5}},"type":"if","locations":[{"start":{"line":173,"column":4},"end":{"line":175,"column":5}}]},"11":{"loc":{"start":{"line":173,"column":8},"end":{"line":173,"column":51}},"type":"binary-expr","locations":[{"start":{"line":173,"column":8},"end":{"line":173,"column":13}},{"start":{"line":173,"column":17},"end":{"line":173,"column":51}}]},"12":{"loc":{"start":{"line":177,"column":4},"end":{"line":179,"column":5}},"type":"if","locations":[{"start":{"line":177,"column":4},"end":{"line":179,"column":5}}]},"13":{"loc":{"start":{"line":209,"column":4},"end":{"line":209,"column":49}},"type":"if","locations":[{"start":{"line":209,"column":4},"end":{"line":209,"column":49}}]},"14":{"loc":{"start":{"line":216,"column":4},"end":{"line":219,"column":5}},"type":"if","locations":[{"start":{"line":216,"column":4},"end":{"line":219,"column":5}}]}},"s":{"0":0,"1":0,"2":0,"3":0,"4":0,"5":0,"6":0,"7":0,"8":0,"9":0,"10":0,"11":0,"12":0,"13":0,"14":0,"15":0,"16":0,"17":0,"18":0,"19":0,"20":0,"21":0,"22":0,"23":0,"24":0,"25":0,"26":0,"27":0,"28":0,"29":0,"30":0,"31":0,"32":0,"33":0,"34":0,"35":0,"36":0,"37":0,"38":0,"39":0,"40":0,"41":0,"42":0,"43":0,"44":0,"45":0,"46":0,"47":0,"48":0,"49":0,"50":0,"51":0,"52":0,"53":0,"54":0,"55":0},"f":{"0":0,"1":0,"2":0,"3":0},"b":{"0":[0],"1":[0],"2":[0,0],"3":[0,0],"4":[0,0],"5":[0,0],"6":[0,0],"7":[0,0],"8":[0,0],"9":[0,0],"10":[0],"11":[0,0],"12":[0],"13":[0],"14":[0]}}
,"/Users/user/Documents/it park/hokimiyat/apps/backend/src/controllers/department.ts": {"path":"/Users/user/Documents/it park/hokimiyat/apps/backend/src/controllers/department.ts","statementMap":{"0":{"start":{"line":5,"column":0},"end":{"line":5,"column":7}},"1":{"start":{"line":19,"column":0},"end":{"line":19,"column":7}},"2":{"start":{"line":38,"column":0},"end":{"line":38,"column":7}},"3":{"start":{"line":55,"column":0},"end":{"line":55,"column":7}},"4":{"start":{"line":67,"column":0},"end":{"line":67,"column":7}},"5":{"start":{"line":2,"column":0},"end":{"line":2,"column":44}},"6":{"start":{"line":3,"column":0},"end":{"line":3,"column":59}},"7":{"start":{"line":6,"column":2},"end":{"line":16,"column":3}},"8":{"start":{"line":7,"column":68},"end":{"line":7,"column":76}},"9":{"start":{"line":9,"column":23},"end":{"line":11,"column":6}},"10":{"start":{"line":13,"column":4},"end":{"line":13,"column":37}},"11":{"start":{"line":15,"column":4},"end":{"line":15,"column":16}},"12":{"start":{"line":20,"column":2},"end":{"line":35,"column":3}},"13":{"start":{"line":21,"column":27},"end":{"line":21,"column":61}},"14":{"start":{"line":22,"column":23},"end":{"line":22,"column":42}},"15":{"start":{"line":23,"column":4},"end":{"line":23,"column":62}},"16":{"start":{"line":23,"column":24},"end":{"line":23,"column":62}},"17":{"start":{"line":25,"column":24},"end":{"line":31,"column":6}},"18":{"start":{"line":32,"column":4},"end":{"line":32,"column":26}},"19":{"start":{"line":34,"column":4},"end":{"line":34,"column":16}},"20":{"start":{"line":39,"column":2},"end":{"line":52,"column":3}},"21":{"start":{"line":40,"column":23},"end":{"line":47,"column":6}},"22":{"start":{"line":48,"column":4},"end":{"line":48,"column":55}},"23":{"start":{"line":48,"column":21},"end":{"line":48,"column":55}},"24":{"start":{"line":49,"column":4},"end":{"line":49,"column":25}},"25":{"start":{"line":51,"column":4},"end":{"line":51,"column":16}},"26":{"start":{"line":56,"column":2},"end":{"line":64,"column":3}},"27":{"start":{"line":57,"column":23},"end":{"line":60,"column":6}},"28":{"start":{"line":61,"column":4},"end":{"line":61,"column":25}},"29":{"start":{"line":63,"column":4},"end":{"line":63,"column":16}},"30":{"start":{"line":68,"column":2},"end":{"line":76,"column":3}},"31":{"start":{"line":69,"column":4},"end":{"line":72,"column":7}},"32":{"start":{"line":73,"column":4},"end":{"line":73,"column":47}},"33":{"start":{"line":75,"column":4},"end":{"line":75,"column":16}}},"fnMap":{"0":{"name":"createDepartmentHandler","decl":{"start":{"line":5,"column":22},"end":{"line":5,"column":45}},"loc":{"start":{"line":5,"column":93},"end":{"line":17,"column":1}}},"1":{"name":"getDepartmentsHandler","decl":{"start":{"line":19,"column":22},"end":{"line":19,"column":43}},"loc":{"start":{"line":19,"column":91},"end":{"line":36,"column":1}}},"2":{"name":"getDepartmentByIdHandler","decl":{"start":{"line":38,"column":22},"end":{"line":38,"column":46}},"loc":{"start":{"line":38,"column":94},"end":{"line":53,"column":1}}},"3":{"name":"updateDepartmentHandler","decl":{"start":{"line":55,"column":22},"end":{"line":55,"column":45}},"loc":{"start":{"line":55,"column":93},"end":{"line":65,"column":1}}},"4":{"name":"deleteDepartmentHandler","decl":{"start":{"line":67,"column":22},"end":{"line":67,"column":45}},"loc":{"start":{"line":67,"column":93},"end":{"line":77,"column":1}}}},"branchMap":{"0":{"loc":{"start":{"line":23,"column":4},"end":{"line":23,"column":62}},"type":"if","locations":[{"start":{"line":23,"column":4},"end":{"line":23,"column":62}}]},"1":{"loc":{"start":{"line":48,"column":4},"end":{"line":48,"column":55}},"type":"if","locations":[{"start":{"line":48,"column":4},"end":{"line":48,"column":55}}]}},"s":{"0":0,"1":0,"2":0,"3":0,"4":0,"5":0,"6":0,"7":0,"8":0,"9":0,"10":0,"11":0,"12":0,"13":0,"14":0,"15":0,"16":0,"17":0,"18":0,"19":0,"20":0,"21":0,"22":0,"23":0,"24":0,"25":0,"26":0,"27":0,"28":0,"29":0,"30":0,"31":0,"32":0,"33":0},"f":{"0":0,"1":0,"2":0,"3":0,"4":0},"b":{"0":[0],"1":[0]}}
,"/Users/user/Documents/it park/hokimiyat/apps/backend/src/controllers/faceVerification.ts": {"path":"/Users/user/Documents/it park/hokimiyat/apps/backend/src/controllers/faceVerification.ts","statementMap":{"0":{"start":{"line":6,"column":0},"end":{"line":6,"column":7}},"1":{"start":{"line":22,"column":0},"end":{"line":22,"column":7}},"2":{"start":{"line":44,"column":0},"end":{"line":44,"column":7}},"3":{"start":{"line":2,"column":0},"end":{"line":2,"column":98}},"4":{"start":{"line":3,"column":0},"end":{"line":3,"column":44}},"5":{"start":{"line":4,"column":0},"end":{"line":4,"column":60}},"6":{"start":{"line":7,"column":2},"end":{"line":19,"column":3}},"7":{"start":{"line":8,"column":4},"end":{"line":8,"column":88}},"8":{"start":{"line":8,"column":31},"end":{"line":8,"column":88}},"9":{"start":{"line":10,"column":4},"end":{"line":13,"column":5}},"10":{"start":{"line":11,"column":6},"end":{"line":11,"column":70}},"11":{"start":{"line":12,"column":6},"end":{"line":12,"column":13}},"12":{"start":{"line":15,"column":4},"end":{"line":15,"column":68}},"13":{"start":{"line":16,"column":4},"end":{"line":16,"column":57}},"14":{"start":{"line":18,"column":4},"end":{"line":18,"column":16}},"15":{"start":{"line":23,"column":2},"end":{"line":41,"column":3}},"16":{"start":{"line":24,"column":4},"end":{"line":24,"column":88}},"17":{"start":{"line":24,"column":31},"end":{"line":24,"column":88}},"18":{"start":{"line":26,"column":4},"end":{"line":29,"column":5}},"19":{"start":{"line":27,"column":6},"end":{"line":27,"column":76}},"20":{"start":{"line":28,"column":6},"end":{"line":28,"column":13}},"21":{"start":{"line":31,"column":22},"end":{"line":31,"column":66}},"22":{"start":{"line":32,"column":4},"end":{"line":35,"column":5}},"23":{"start":{"line":33,"column":6},"end":{"line":33,"column":99}},"24":{"start":{"line":34,"column":6},"end":{"line":34,"column":13}},"25":{"start":{"line":37,"column":19},"end":{"line":37,"column":63}},"26":{"start":{"line":38,"column":4},"end":{"line":38,"column":21}},"27":{"start":{"line":40,"column":4},"end":{"line":40,"column":16}},"28":{"start":{"line":45,"column":2},"end":{"line":59,"column":3}},"29":{"start":{"line":46,"column":4},"end":{"line":49,"column":5}},"30":{"start":{"line":47,"column":6},"end":{"line":47,"column":83}},"31":{"start":{"line":48,"column":6},"end":{"line":48,"column":13}},"32":{"start":{"line":51,"column":21},"end":{"line":54,"column":6}},"33":{"start":{"line":56,"column":4},"end":{"line":56,"column":68}},"34":{"start":{"line":58,"column":4},"end":{"line":58,"column":16}}},"fnMap":{"0":{"name":"uploadReferencePhotoHandler","decl":{"start":{"line":6,"column":22},"end":{"line":6,"column":49}},"loc":{"start":{"line":6,"column":97},"end":{"line":20,"column":1}}},"1":{"name":"verifySelfieHandler","decl":{"start":{"line":22,"column":22},"end":{"line":22,"column":41}},"loc":{"start":{"line":22,"column":89},"end":{"line":42,"column":1}}},"2":{"name":"getReferencePhotoStatusHandler","decl":{"start":{"line":44,"column":22},"end":{"line":44,"column":52}},"loc":{"start":{"line":44,"column":100},"end":{"line":60,"column":1}}}},"branchMap":{"0":{"loc":{"start":{"line":8,"column":4},"end":{"line":8,"column":88}},"type":"if","locations":[{"start":{"line":8,"column":4},"end":{"line":8,"column":88}}]},"1":{"loc":{"start":{"line":10,"column":4},"end":{"line":13,"column":5}},"type":"if","locations":[{"start":{"line":10,"column":4},"end":{"line":13,"column":5}}]},"2":{"loc":{"start":{"line":24,"column":4},"end":{"line":24,"column":88}},"type":"if","locations":[{"start":{"line":24,"column":4},"end":{"line":24,"column":88}}]},"3":{"loc":{"start":{"line":26,"column":4},"end":{"line":29,"column":5}},"type":"if","locations":[{"start":{"line":26,"column":4},"end":{"line":29,"column":5}}]},"4":{"loc":{"start":{"line":32,"column":4},"end":{"line":35,"column":5}},"type":"if","locations":[{"start":{"line":32,"column":4},"end":{"line":35,"column":5}}]},"5":{"loc":{"start":{"line":46,"column":4},"end":{"line":49,"column":5}},"type":"if","locations":[{"start":{"line":46,"column":4},"end":{"line":49,"column":5}}]}},"s":{"0":0,"1":0,"2":0,"3":0,"4":0,"5":0,"6":0,"7":0,"8":0,"9":0,"10":0,"11":0,"12":0,"13":0,"14":0,"15":0,"16":0,"17":0,"18":0,"19":0,"20":0,"21":0,"22":0,"23":0,"24":0,"25":0,"26":0,"27":0,"28":0,"29":0,"30":0,"31":0,"32":0,"33":0,"34":0},"f":{"0":0,"1":0,"2":0},"b":{"0":[0],"1":[0],"2":[0],"3":[0],"4":[0],"5":[0]}}
,"/Users/user/Documents/it park/hokimiyat/apps/backend/src/controllers/import.ts": {"path":"/Users/user/Documents/it park/hokimiyat/apps/backend/src/controllers/import.ts","statementMap":{"0":{"start":{"line":4,"column":0},"end":{"line":4,"column":7}},"1":{"start":{"line":2,"column":0},"end":{"line":2,"column":63}},"2":{"start":{"line":5,"column":2},"end":{"line":37,"column":3}},"3":{"start":{"line":6,"column":4},"end":{"line":9,"column":5}},"4":{"start":{"line":7,"column":6},"end":{"line":7,"column":76}},"5":{"start":{"line":8,"column":6},"end":{"line":8,"column":13}},"6":{"start":{"line":11,"column":4},"end":{"line":14,"column":5}},"7":{"start":{"line":12,"column":6},"end":{"line":12,"column":70}},"8":{"start":{"line":13,"column":6},"end":{"line":13,"column":13}},"9":{"start":{"line":16,"column":20},"end":{"line":16,"column":53}},"10":{"start":{"line":17,"column":17},"end":{"line":17,"column":34}},"11":{"start":{"line":19,"column":4},"end":{"line":22,"column":5}},"12":{"start":{"line":20,"column":6},"end":{"line":20,"column":139}},"13":{"start":{"line":21,"column":6},"end":{"line":21,"column":13}},"14":{"start":{"line":24,"column":4},"end":{"line":27,"column":5}},"15":{"start":{"line":25,"column":6},"end":{"line":25,"column":104}},"16":{"start":{"line":26,"column":6},"end":{"line":26,"column":13}},"17":{"start":{"line":29,"column":19},"end":{"line":29,"column":71}},"18":{"start":{"line":31,"column":4},"end":{"line":34,"column":7}},"19":{"start":{"line":36,"column":4},"end":{"line":36,"column":16}}},"fnMap":{"0":{"name":"importEmployeesHandler","decl":{"start":{"line":4,"column":22},"end":{"line":4,"column":44}},"loc":{"start":{"line":4,"column":92},"end":{"line":38,"column":1}}}},"branchMap":{"0":{"loc":{"start":{"line":6,"column":4},"end":{"line":9,"column":5}},"type":"if","locations":[{"start":{"line":6,"column":4},"end":{"line":9,"column":5}}]},"1":{"loc":{"start":{"line":11,"column":4},"end":{"line":14,"column":5}},"type":"if","locations":[{"start":{"line":11,"column":4},"end":{"line":14,"column":5}}]},"2":{"loc":{"start":{"line":19,"column":4},"end":{"line":22,"column":5}},"type":"if","locations":[{"start":{"line":19,"column":4},"end":{"line":22,"column":5}}]},"3":{"loc":{"start":{"line":24,"column":4},"end":{"line":27,"column":5}},"type":"if","locations":[{"start":{"line":24,"column":4},"end":{"line":27,"column":5}}]}},"s":{"0":0,"1":0,"2":0,"3":0,"4":0,"5":0,"6":0,"7":0,"8":0,"9":0,"10":0,"11":0,"12":0,"13":0,"14":0,"15":0,"16":0,"17":0,"18":0,"19":0},"f":{"0":0},"b":{"0":[0],"1":[0],"2":[0],"3":[0]}}
,"/Users/user/Documents/it park/hokimiyat/apps/backend/src/controllers/meeting.ts": {"path":"/Users/user/Documents/it park/hokimiyat/apps/backend/src/controllers/meeting.ts","statementMap":{"0":{"start":{"line":28,"column":0},"end":{"line":28,"column":7}},"1":{"start":{"line":63,"column":0},"end":{"line":63,"column":7}},"2":{"start":{"line":86,"column":0},"end":{"line":86,"column":7}},"3":{"start":{"line":109,"column":0},"end":{"line":109,"column":7}},"4":{"start":{"line":120,"column":0},"end":{"line":120,"column":7}},"5":{"start":{"line":131,"column":0},"end":{"line":131,"column":7}},"6":{"start":{"line":163,"column":0},"end":{"line":163,"column":7}},"7":{"start":{"line":180,"column":0},"end":{"line":180,"column":7}},"8":{"start":{"line":203,"column":0},"end":{"line":203,"column":7}},"9":{"start":{"line":2,"column":0},"end":{"line":2,"column":24}},"10":{"start":{"line":3,"column":0},"end":{"line":3,"column":45}},"11":{"start":{"line":4,"column":0},"end":{"line":4,"column":44}},"12":{"start":{"line":5,"column":0},"end":{"line":5,"column":130}},"13":{"start":{"line":6,"column":0},"end":{"line":6,"column":85}},"14":{"start":{"line":7,"column":0},"end":{"line":7,"column":53}},"15":{"start":{"line":8,"column":0},"end":{"line":8,"column":105}},"16":{"start":{"line":10,"column":28},"end":{"line":26,"column":2}},"17":{"start":{"line":14,"column":36},"end":{"line":14,"column":47}},"18":{"start":{"line":15,"column":41},"end":{"line":15,"column":52}},"19":{"start":{"line":16,"column":39},"end":{"line":16,"column":50}},"20":{"start":{"line":29,"column":2},"end":{"line":60,"column":3}},"21":{"start":{"line":30,"column":4},"end":{"line":32,"column":5}},"22":{"start":{"line":31,"column":6},"end":{"line":31,"column":56}},"23":{"start":{"line":34,"column":17},"end":{"line":34,"column":52}},"24":{"start":{"line":36,"column":4},"end":{"line":38,"column":5}},"25":{"start":{"line":37,"column":6},"end":{"line":37,"column":98}},"26":{"start":{"line":40,"column":20},"end":{"line":44,"column":6}},"27":{"start":{"line":46,"column":4},"end":{"line":55,"column":7}},"28":{"start":{"line":57,"column":4},"end":{"line":57,"column":34}},"29":{"start":{"line":59,"column":4},"end":{"line":59,"column":16}},"30":{"start":{"line":64,"column":2},"end":{"line":83,"column":3}},"31":{"start":{"line":65,"column":4},"end":{"line":65,"column":88}},"32":{"start":{"line":65,"column":31},"end":{"line":65,"column":88}},"33":{"start":{"line":67,"column":19},"end":{"line":67,"column":81}},"34":{"start":{"line":69,"column":4},"end":{"line":78,"column":7}},"35":{"start":{"line":80,"column":4},"end":{"line":80,"column":21}},"36":{"start":{"line":82,"column":4},"end":{"line":82,"column":16}},"37":{"start":{"line":87,"column":2},"end":{"line":106,"column":3}},"38":{"start":{"line":88,"column":4},"end":{"line":88,"column":46}},"39":{"start":{"line":88,"column":19},"end":{"line":88,"column":46}},"40":{"start":{"line":90,"column":4},"end":{"line":90,"column":56}},"41":{"start":{"line":92,"column":4},"end":{"line":101,"column":7}},"42":{"start":{"line":103,"column":4},"end":{"line":103,"column":53}},"43":{"start":{"line":105,"column":4},"end":{"line":105,"column":16}},"44":{"start":{"line":110,"column":2},"end":{"line":117,"column":3}},"45":{"start":{"line":111,"column":4},"end":{"line":111,"column":88}},"46":{"start":{"line":111,"column":31},"end":{"line":111,"column":88}},"47":{"start":{"line":113,"column":21},"end":{"line":113,"column":67}},"48":{"start":{"line":114,"column":4},"end":{"line":114,"column":23}},"49":{"start":{"line":116,"column":4},"end":{"line":116,"column":16}},"50":{"start":{"line":121,"column":2},"end":{"line":128,"column":3}},"51":{"start":{"line":122,"column":4},"end":{"line":122,"column":88}},"52":{"start":{"line":122,"column":31},"end":{"line":122,"column":88}},"53":{"start":{"line":124,"column":21},"end":{"line":124,"column":66}},"54":{"start":{"line":125,"column":4},"end":{"line":125,"column":23}},"55":{"start":{"line":127,"column":4},"end":{"line":127,"column":16}},"56":{"start":{"line":132,"column":2},"end":{"line":160,"column":3}},"57":{"start":{"line":133,"column":20},"end":{"line":154,"column":6}},"58":{"start":{"line":156,"column":4},"end":{"line":156,"column":55}},"59":{"start":{"line":156,"column":18},"end":{"line":156,"column":55}},"60":{"start":{"line":157,"column":4},"end":{"line":157,"column":22}},"61":{"start":{"line":159,"column":4},"end":{"line":159,"column":16}},"62":{"start":{"line":164,"column":2},"end":{"line":177,"column":3}},"63":{"start":{"line":165,"column":21},"end":{"line":172,"column":6}},"64":{"start":{"line":174,"column":4},"end":{"line":174,"column":23}},"65":{"start":{"line":176,"column":4},"end":{"line":176,"column":16}},"66":{"start":{"line":181,"column":2},"end":{"line":200,"column":3}},"67":{"start":{"line":182,"column":20},"end":{"line":182,"column":85}},"68":{"start":{"line":183,"column":4},"end":{"line":183,"column":55}},"69":{"start":{"line":183,"column":18},"end":{"line":183,"column":55}},"70":{"start":{"line":185,"column":18},"end":{"line":185,"column":45}},"71":{"start":{"line":186,"column":19},"end":{"line":186,"column":45}},"72":{"start":{"line":188,"column":4},"end":{"line":192,"column":5}},"73":{"start":{"line":189,"column":22},"end":{"line":189,"column":52}},"74":{"start":{"line":190,"column":6},"end":{"line":190,"column":69}},"75":{"start":{"line":191,"column":6},"end":{"line":191,"column":13}},"76":{"start":{"line":194,"column":19},"end":{"line":194,"column":48}},"77":{"start":{"line":195,"column":4},"end":{"line":195,"column":47}},"78":{"start":{"line":196,"column":4},"end":{"line":196,"column":89}},"79":{"start":{"line":197,"column":4},"end":{"line":197,"column":21}},"80":{"start":{"line":199,"column":4},"end":{"line":199,"column":16}},"81":{"start":{"line":204,"column":2},"end":{"line":257,"column":3}},"82":{"start":{"line":205,"column":4},"end":{"line":205,"column":88}},"83":{"start":{"line":205,"column":31},"end":{"line":205,"column":88}},"84":{"start":{"line":207,"column":22},"end":{"line":207,"column":52}},"85":{"start":{"line":208,"column":4},"end":{"line":208,"column":67}},"86":{"start":{"line":208,"column":16},"end":{"line":208,"column":67}},"87":{"start":{"line":210,"column":20},"end":{"line":210,"column":40}},"88":{"start":{"line":211,"column":4},"end":{"line":211,"column":81}},"89":{"start":{"line":211,"column":18},"end":{"line":211,"column":81}},"90":{"start":{"line":213,"column":20},"end":{"line":218,"column":6}},"91":{"start":{"line":220,"column":4},"end":{"line":220,"column":55}},"92":{"start":{"line":220,"column":18},"end":{"line":220,"column":55}},"93":{"start":{"line":222,"column":21},"end":{"line":222,"column":44}},"94":{"start":{"line":223,"column":4},"end":{"line":225,"column":5}},"95":{"start":{"line":224,"column":6},"end":{"line":224,"column":63}},"96":{"start":{"line":227,"column":4},"end":{"line":241,"column":7}},"97":{"start":{"line":243,"column":4},"end":{"line":252,"column":7}},"98":{"start":{"line":254,"column":4},"end":{"line":254,"column":80}},"99":{"start":{"line":256,"column":4},"end":{"line":256,"column":16}}},"fnMap":{"0":{"name":"(anonymous_0)","decl":{"start":{"line":14,"column":29},"end":{"line":14,"column":30}},"loc":{"start":{"line":14,"column":36},"end":{"line":14,"column":47}}},"1":{"name":"(anonymous_1)","decl":{"start":{"line":15,"column":34},"end":{"line":15,"column":35}},"loc":{"start":{"line":15,"column":41},"end":{"line":15,"column":52}}},"2":{"name":"(anonymous_2)","decl":{"start":{"line":16,"column":32},"end":{"line":16,"column":33}},"loc":{"start":{"line":16,"column":39},"end":{"line":16,"column":50}}},"3":{"name":"createMeetingHandler","decl":{"start":{"line":28,"column":22},"end":{"line":28,"column":42}},"loc":{"start":{"line":28,"column":90},"end":{"line":61,"column":1}}},"4":{"name":"confirmMeetingHandler","decl":{"start":{"line":63,"column":22},"end":{"line":63,"column":43}},"loc":{"start":{"line":63,"column":91},"end":{"line":84,"column":1}}},"5":{"name":"cancelMeetingHandler","decl":{"start":{"line":86,"column":22},"end":{"line":86,"column":42}},"loc":{"start":{"line":86,"column":90},"end":{"line":107,"column":1}}},"6":{"name":"getMyMeetingsHandler","decl":{"start":{"line":109,"column":22},"end":{"line":109,"column":42}},"loc":{"start":{"line":109,"column":90},"end":{"line":118,"column":1}}},"7":{"name":"getPendingMeetingsHandler","decl":{"start":{"line":120,"column":22},"end":{"line":120,"column":47}},"loc":{"start":{"line":120,"column":95},"end":{"line":129,"column":1}}},"8":{"name":"getMeetingByIdHandler","decl":{"start":{"line":131,"column":22},"end":{"line":131,"column":43}},"loc":{"start":{"line":131,"column":91},"end":{"line":161,"column":1}}},"9":{"name":"getDepartmentMeetingsHandler","decl":{"start":{"line":163,"column":22},"end":{"line":163,"column":50}},"loc":{"start":{"line":163,"column":98},"end":{"line":178,"column":1}}},"10":{"name":"getMeetingQRHandler","decl":{"start":{"line":180,"column":22},"end":{"line":180,"column":41}},"loc":{"start":{"line":180,"column":89},"end":{"line":201,"column":1}}},"11":{"name":"scanQRHandler","decl":{"start":{"line":203,"column":22},"end":{"line":203,"column":35}},"loc":{"start":{"line":203,"column":83},"end":{"line":258,"column":1}}}},"branchMap":{"0":{"loc":{"start":{"line":30,"column":4},"end":{"line":32,"column":5}},"type":"if","locations":[{"start":{"line":30,"column":4},"end":{"line":32,"column":5}}]},"1":{"loc":{"start":{"line":30,"column":8},"end":{"line":30,"column":58}},"type":"binary-expr","locations":[{"start":{"line":30,"column":8},"end":{"line":30,"column":33}},{"start":{"line":30,"column":37},"end":{"line":30,"column":58}}]},"2":{"loc":{"start":{"line":36,"column":4},"end":{"line":38,"column":5}},"type":"if","locations":[{"start":{"line":36,"column":4},"end":{"line":38,"column":5}}]},"3":{"loc":{"start":{"line":36,"column":8},"end":{"line":36,"column":56}},"type":"binary-expr","locations":[{"start":{"line":36,"column":8},"end":{"line":36,"column":21}},{"start":{"line":36,"column":25},"end":{"line":36,"column":56}}]},"4":{"loc":{"start":{"line":65,"column":4},"end":{"line":65,"column":88}},"type":"if","locations":[{"start":{"line":65,"column":4},"end":{"line":65,"column":88}}]},"5":{"loc":{"start":{"line":88,"column":4},"end":{"line":88,"column":46}},"type":"if","locations":[{"start":{"line":88,"column":4},"end":{"line":88,"column":46}}]},"6":{"loc":{"start":{"line":111,"column":4},"end":{"line":111,"column":88}},"type":"if","locations":[{"start":{"line":111,"column":4},"end":{"line":111,"column":88}}]},"7":{"loc":{"start":{"line":122,"column":4},"end":{"line":122,"column":88}},"type":"if","locations":[{"start":{"line":122,"column":4},"end":{"line":122,"column":88}}]},"8":{"loc":{"start":{"line":156,"column":4},"end":{"line":156,"column":55}},"type":"if","locations":[{"start":{"line":156,"column":4},"end":{"line":156,"column":55}}]},"9":{"loc":{"start":{"line":183,"column":4},"end":{"line":183,"column":55}},"type":"if","locations":[{"start":{"line":183,"column":4},"end":{"line":183,"column":55}}]},"10":{"loc":{"start":{"line":188,"column":4},"end":{"line":192,"column":5}},"type":"if","locations":[{"start":{"line":188,"column":4},"end":{"line":192,"column":5}}]},"11":{"loc":{"start":{"line":205,"column":4},"end":{"line":205,"column":88}},"type":"if","locations":[{"start":{"line":205,"column":4},"end":{"line":205,"column":88}}]},"12":{"loc":{"start":{"line":208,"column":4},"end":{"line":208,"column":67}},"type":"if","locations":[{"start":{"line":208,"column":4},"end":{"line":208,"column":67}}]},"13":{"loc":{"start":{"line":211,"column":4},"end":{"line":211,"column":81}},"type":"if","locations":[{"start":{"line":211,"column":4},"end":{"line":211,"column":81}}]},"14":{"loc":{"start":{"line":220,"column":4},"end":{"line":220,"column":55}},"type":"if","locations":[{"start":{"line":220,"column":4},"end":{"line":220,"column":55}}]},"15":{"loc":{"start":{"line":223,"column":4},"end":{"line":225,"column":5}},"type":"if","locations":[{"start":{"line":223,"column":4},"end":{"line":225,"column":5}}]},"16":{"loc":{"start":{"line":223,"column":8},"end":{"line":223,"column":38}},"type":"binary-expr","locations":[{"start":{"line":223,"column":8},"end":{"line":223,"column":16}},{"start":{"line":223,"column":20},"end":{"line":223,"column":38}}]}},"s":{"0":0,"1":0,"2":0,"3":0,"4":0,"5":0,"6":0,"7":0,"8":0,"9":0,"10":0,"11":0,"12":0,"13":0,"14":0,"15":0,"16":0,"17":0,"18":0,"19":0,"20":0,"21":0,"22":0,"23":0,"24":0,"25":0,"26":0,"27":0,"28":0,"29":0,"30":0,"31":0,"32":0,"33":0,"34":0,"35":0,"36":0,"37":0,"38":0,"39":0,"40":0,"41":0,"42":0,"43":0,"44":0,"45":0,"46":0,"47":0,"48":0,"49":0,"50":0,"51":0,"52":0,"53":0,"54":0,"55":0,"56":0,"57":0,"58":0,"59":0,"60":0,"61":0,"62":0,"63":0,"64":0,"65":0,"66":0,"67":0,"68":0,"69":0,"70":0,"71":0,"72":0,"73":0,"74":0,"75":0,"76":0,"77":0,"78":0,"79":0,"80":0,"81":0,"82":0,"83":0,"84":0,"85":0,"86":0,"87":0,"88":0,"89":0,"90":0,"91":0,"92":0,"93":0,"94":0,"95":0,"96":0,"97":0,"98":0,"99":0},"f":{"0":0,"1":0,"2":0,"3":0,"4":0,"5":0,"6":0,"7":0,"8":0,"9":0,"10":0,"11":0},"b":{"0":[0],"1":[0,0],"2":[0],"3":[0,0],"4":[0],"5":[0],"6":[0],"7":[0],"8":[0],"9":[0],"10":[0],"11":[0],"12":[0],"13":[0],"14":[0],"15":[0],"16":[0,0]}}
,"/Users/user/Documents/it park/hokimiyat/apps/backend/src/controllers/message.ts": {"path":"/Users/user/Documents/it park/hokimiyat/apps/backend/src/controllers/message.ts","statementMap":{"0":{"start":{"line":5,"column":0},"end":{"line":5,"column":7}},"1":{"start":{"line":27,"column":0},"end":{"line":27,"column":7}},"2":{"start":{"line":38,"column":0},"end":{"line":38,"column":7}},"3":{"start":{"line":53,"column":0},"end":{"line":53,"column":7}},"4":{"start":{"line":64,"column":0},"end":{"line":64,"column":7}},"5":{"start":{"line":2,"column":0},"end":{"line":2,"column":114}},"6":{"start":{"line":3,"column":0},"end":{"line":3,"column":60}},"7":{"start":{"line":6,"column":2},"end":{"line":24,"column":3}},"8":{"start":{"line":7,"column":4},"end":{"line":7,"column":88}},"9":{"start":{"line":7,"column":31},"end":{"line":7,"column":88}},"10":{"start":{"line":9,"column":44},"end":{"line":9,"column":52}},"11":{"start":{"line":10,"column":4},"end":{"line":13,"column":5}},"12":{"start":{"line":11,"column":6},"end":{"line":11,"column":92}},"13":{"start":{"line":12,"column":6},"end":{"line":12,"column":13}},"14":{"start":{"line":15,"column":20},"end":{"line":19,"column":6}},"15":{"start":{"line":21,"column":4},"end":{"line":21,"column":34}},"16":{"start":{"line":23,"column":4},"end":{"line":23,"column":16}},"17":{"start":{"line":28,"column":2},"end":{"line":35,"column":3}},"18":{"start":{"line":29,"column":4},"end":{"line":29,"column":88}},"19":{"start":{"line":29,"column":31},"end":{"line":29,"column":88}},"20":{"start":{"line":31,"column":26},"end":{"line":31,"column":69}},"21":{"start":{"line":32,"column":4},"end":{"line":32,"column":28}},"22":{"start":{"line":34,"column":4},"end":{"line":34,"column":16}},"23":{"start":{"line":39,"column":2},"end":{"line":50,"column":3}},"24":{"start":{"line":40,"column":4},"end":{"line":40,"column":88}},"25":{"start":{"line":40,"column":31},"end":{"line":40,"column":88}},"26":{"start":{"line":42,"column":20},"end":{"line":42,"column":41}},"27":{"start":{"line":43,"column":18},"end":{"line":43,"column":65}},"28":{"start":{"line":44,"column":19},"end":{"line":44,"column":66}},"29":{"start":{"line":46,"column":21},"end":{"line":46,"column":83}},"30":{"start":{"line":47,"column":4},"end":{"line":47,"column":23}},"31":{"start":{"line":49,"column":4},"end":{"line":49,"column":16}},"32":{"start":{"line":54,"column":2},"end":{"line":61,"column":3}},"33":{"start":{"line":55,"column":4},"end":{"line":55,"column":88}},"34":{"start":{"line":55,"column":31},"end":{"line":55,"column":88}},"35":{"start":{"line":57,"column":18},"end":{"line":57,"column":59}},"36":{"start":{"line":58,"column":4},"end":{"line":58,"column":24}},"37":{"start":{"line":60,"column":4},"end":{"line":60,"column":16}},"38":{"start":{"line":65,"column":2},"end":{"line":77,"column":3}},"39":{"start":{"line":66,"column":4},"end":{"line":66,"column":88}},"40":{"start":{"line":66,"column":31},"end":{"line":66,"column":88}},"41":{"start":{"line":68,"column":20},"end":{"line":68,"column":75}},"42":{"start":{"line":69,"column":4},"end":{"line":72,"column":5}},"43":{"start":{"line":70,"column":6},"end":{"line":70,"column":70}},"44":{"start":{"line":71,"column":6},"end":{"line":71,"column":13}},"45":{"start":{"line":74,"column":4},"end":{"line":74,"column":46}},"46":{"start":{"line":76,"column":4},"end":{"line":76,"column":16}}},"fnMap":{"0":{"name":"sendMessageHandler","decl":{"start":{"line":5,"column":22},"end":{"line":5,"column":40}},"loc":{"start":{"line":5,"column":88},"end":{"line":25,"column":1}}},"1":{"name":"getConversationsHandler","decl":{"start":{"line":27,"column":22},"end":{"line":27,"column":45}},"loc":{"start":{"line":27,"column":93},"end":{"line":36,"column":1}}},"2":{"name":"getMessagesHandler","decl":{"start":{"line":38,"column":22},"end":{"line":38,"column":40}},"loc":{"start":{"line":38,"column":88},"end":{"line":51,"column":1}}},"3":{"name":"getUnreadCountHandler","decl":{"start":{"line":53,"column":22},"end":{"line":53,"column":43}},"loc":{"start":{"line":53,"column":91},"end":{"line":62,"column":1}}},"4":{"name":"deleteMessageHandler","decl":{"start":{"line":64,"column":22},"end":{"line":64,"column":42}},"loc":{"start":{"line":64,"column":90},"end":{"line":78,"column":1}}}},"branchMap":{"0":{"loc":{"start":{"line":7,"column":4},"end":{"line":7,"column":88}},"type":"if","locations":[{"start":{"line":7,"column":4},"end":{"line":7,"column":88}}]},"1":{"loc":{"start":{"line":10,"column":4},"end":{"line":13,"column":5}},"type":"if","locations":[{"start":{"line":10,"column":4},"end":{"line":13,"column":5}}]},"2":{"loc":{"start":{"line":10,"column":8},"end":{"line":10,"column":39}},"type":"binary-expr","locations":[{"start":{"line":10,"column":8},"end":{"line":10,"column":27}},{"start":{"line":10,"column":31},"end":{"line":10,"column":39}}]},"3":{"loc":{"start":{"line":29,"column":4},"end":{"line":29,"column":88}},"type":"if","locations":[{"start":{"line":29,"column":4},"end":{"line":29,"column":88}}]},"4":{"loc":{"start":{"line":40,"column":4},"end":{"line":40,"column":88}},"type":"if","locations":[{"start":{"line":40,"column":4},"end":{"line":40,"column":88}}]},"5":{"loc":{"start":{"line":43,"column":27},"end":{"line":43,"column":60}},"type":"binary-expr","locations":[{"start":{"line":43,"column":27},"end":{"line":43,"column":52}},{"start":{"line":43,"column":56},"end":{"line":43,"column":60}}]},"6":{"loc":{"start":{"line":44,"column":28},"end":{"line":44,"column":61}},"type":"binary-expr","locations":[{"start":{"line":44,"column":28},"end":{"line":44,"column":54}},{"start":{"line":44,"column":58},"end":{"line":44,"column":61}}]},"7":{"loc":{"start":{"line":55,"column":4},"end":{"line":55,"column":88}},"type":"if","locations":[{"start":{"line":55,"column":4},"end":{"line":55,"column":88}}]},"8":{"loc":{"start":{"line":66,"column":4},"end":{"line":66,"column":88}},"type":"if","locations":[{"start":{"line":66,"column":4},"end":{"line":66,"column":88}}]},"9":{"loc":{"start":{"line":69,"column":4},"end":{"line":72,"column":5}},"type":"if","locations":[{"start":{"line":69,"column":4},"end":{"line":72,"column":5}}]}},"s":{"0":0,"1":0,"2":0,"3":0,"4":0,"5":0,"6":0,"7":0,"8":0,"9":0,"10":0,"11":0,"12":0,"13":0,"14":0,"15":0,"16":0,"17":0,"18":0,"19":0,"20":0,"21":0,"22":0,"23":0,"24":0,"25":0,"26":0,"27":0,"28":0,"29":0,"30":0,"31":0,"32":0,"33":0,"34":0,"35":0,"36":0,"37":0,"38":0,"39":0,"40":0,"41":0,"42":0,"43":0,"44":0,"45":0,"46":0},"f":{"0":0,"1":0,"2":0,"3":0,"4":0},"b":{"0":[0],"1":[0],"2":[0,0],"3":[0],"4":[0],"5":[0,0],"6":[0,0],"7":[0],"8":[0],"9":[0]}}
,"/Users/user/Documents/it park/hokimiyat/apps/backend/src/controllers/notification.ts": {"path":"/Users/user/Documents/it park/hokimiyat/apps/backend/src/controllers/notification.ts","statementMap":{"0":{"start":{"line":4,"column":0},"end":{"line":4,"column":7}},"1":{"start":{"line":27,"column":0},"end":{"line":27,"column":7}},"2":{"start":{"line":42,"column":0},"end":{"line":42,"column":7}},"3":{"start":{"line":57,"column":0},"end":{"line":57,"column":7}},"4":{"start":{"line":2,"column":0},"end":{"line":2,"column":44}},"5":{"start":{"line":5,"column":2},"end":{"line":24,"column":3}},"6":{"start":{"line":6,"column":4},"end":{"line":6,"column":39}},"7":{"start":{"line":6,"column":19},"end":{"line":6,"column":39}},"8":{"start":{"line":8,"column":17},"end":{"line":8,"column":56}},"9":{"start":{"line":9,"column":18},"end":{"line":9,"column":59}},"10":{"start":{"line":11,"column":35},"end":{"line":19,"column":6}},"11":{"start":{"line":21,"column":4},"end":{"line":21,"column":90}},"12":{"start":{"line":23,"column":4},"end":{"line":23,"column":16}},"13":{"start":{"line":28,"column":2},"end":{"line":39,"column":3}},"14":{"start":{"line":29,"column":4},"end":{"line":29,"column":74}},"15":{"start":{"line":29,"column":19},"end":{"line":29,"column":74}},"16":{"start":{"line":31,"column":4},"end":{"line":34,"column":7}},"17":{"start":{"line":36,"column":4},"end":{"line":36,"column":67}},"18":{"start":{"line":38,"column":4},"end":{"line":38,"column":16}},"19":{"start":{"line":43,"column":2},"end":{"line":54,"column":3}},"20":{"start":{"line":44,"column":4},"end":{"line":44,"column":74}},"21":{"start":{"line":44,"column":19},"end":{"line":44,"column":74}},"22":{"start":{"line":46,"column":4},"end":{"line":49,"column":7}},"23":{"start":{"line":51,"column":4},"end":{"line":51,"column":77}},"24":{"start":{"line":53,"column":4},"end":{"line":53,"column":16}},"25":{"start":{"line":58,"column":2},"end":{"line":68,"column":3}},"26":{"start":{"line":59,"column":4},"end":{"line":59,"column":49}},"27":{"start":{"line":59,"column":19},"end":{"line":59,"column":49}},"28":{"start":{"line":61,"column":18},"end":{"line":63,"column":6}},"29":{"start":{"line":65,"column":4},"end":{"line":65,"column":24}},"30":{"start":{"line":67,"column":4},"end":{"line":67,"column":16}}},"fnMap":{"0":{"name":"getMyNotificationsHandler","decl":{"start":{"line":4,"column":22},"end":{"line":4,"column":47}},"loc":{"start":{"line":4,"column":95},"end":{"line":25,"column":1}}},"1":{"name":"markAsReadHandler","decl":{"start":{"line":27,"column":22},"end":{"line":27,"column":39}},"loc":{"start":{"line":27,"column":87},"end":{"line":40,"column":1}}},"2":{"name":"markAllAsReadHandler","decl":{"start":{"line":42,"column":22},"end":{"line":42,"column":42}},"loc":{"start":{"line":42,"column":90},"end":{"line":55,"column":1}}},"3":{"name":"getUnreadCountHandler","decl":{"start":{"line":57,"column":22},"end":{"line":57,"column":43}},"loc":{"start":{"line":57,"column":91},"end":{"line":69,"column":1}}}},"branchMap":{"0":{"loc":{"start":{"line":6,"column":4},"end":{"line":6,"column":39}},"type":"if","locations":[{"start":{"line":6,"column":4},"end":{"line":6,"column":39}}]},"1":{"loc":{"start":{"line":8,"column":17},"end":{"line":8,"column":56}},"type":"binary-expr","locations":[{"start":{"line":8,"column":17},"end":{"line":8,"column":51}},{"start":{"line":8,"column":55},"end":{"line":8,"column":56}}]},"2":{"loc":{"start":{"line":9,"column":18},"end":{"line":9,"column":59}},"type":"binary-expr","locations":[{"start":{"line":9,"column":18},"end":{"line":9,"column":53}},{"start":{"line":9,"column":57},"end":{"line":9,"column":59}}]},"3":{"loc":{"start":{"line":29,"column":4},"end":{"line":29,"column":74}},"type":"if","locations":[{"start":{"line":29,"column":4},"end":{"line":29,"column":74}}]},"4":{"loc":{"start":{"line":44,"column":4},"end":{"line":44,"column":74}},"type":"if","locations":[{"start":{"line":44,"column":4},"end":{"line":44,"column":74}}]},"5":{"loc":{"start":{"line":59,"column":4},"end":{"line":59,"column":49}},"type":"if","locations":[{"start":{"line":59,"column":4},"end":{"line":59,"column":49}}]}},"s":{"0":0,"1":0,"2":0,"3":0,"4":0,"5":0,"6":0,"7":0,"8":0,"9":0,"10":0,"11":0,"12":0,"13":0,"14":0,"15":0,"16":0,"17":0,"18":0,"19":0,"20":0,"21":0,"22":0,"23":0,"24":0,"25":0,"26":0,"27":0,"28":0,"29":0,"30":0},"f":{"0":0,"1":0,"2":0,"3":0},"b":{"0":[0],"1":[0,0],"2":[0,0],"3":[0],"4":[0],"5":[0]}}
,"/Users/user/Documents/it park/hokimiyat/apps/backend/src/controllers/organization.ts": {"path":"/Users/user/Documents/it park/hokimiyat/apps/backend/src/controllers/organization.ts","statementMap":{"0":{"start":{"line":7,"column":0},"end":{"line":7,"column":7}},"1":{"start":{"line":42,"column":0},"end":{"line":42,"column":7}},"2":{"start":{"line":56,"column":0},"end":{"line":56,"column":7}},"3":{"start":{"line":73,"column":0},"end":{"line":73,"column":7}},"4":{"start":{"line":94,"column":0},"end":{"line":94,"column":7}},"5":{"start":{"line":116,"column":0},"end":{"line":116,"column":7}},"6":{"start":{"line":2,"column":0},"end":{"line":2,"column":44}},"7":{"start":{"line":3,"column":0},"end":{"line":3,"column":53}},"8":{"start":{"line":4,"column":0},"end":{"line":4,"column":59}},"9":{"start":{"line":5,"column":0},"end":{"line":5,"column":45}},"10":{"start":{"line":8,"column":2},"end":{"line":39,"column":3}},"11":{"start":{"line":9,"column":102},"end":{"line":9,"column":110}},"12":{"start":{"line":11,"column":25},"end":{"line":26,"column":6}},"13":{"start":{"line":28,"column":4},"end":{"line":34,"column":7}},"14":{"start":{"line":36,"column":4},"end":{"line":36,"column":39}},"15":{"start":{"line":38,"column":4},"end":{"line":38,"column":16}},"16":{"start":{"line":43,"column":2},"end":{"line":53,"column":3}},"17":{"start":{"line":44,"column":26},"end":{"line":49,"column":6}},"18":{"start":{"line":50,"column":4},"end":{"line":50,"column":28}},"19":{"start":{"line":52,"column":4},"end":{"line":52,"column":16}},"20":{"start":{"line":57,"column":2},"end":{"line":70,"column":3}},"21":{"start":{"line":58,"column":16},"end":{"line":65,"column":6}},"22":{"start":{"line":66,"column":4},"end":{"line":66,"column":51}},"23":{"start":{"line":66,"column":14},"end":{"line":66,"column":51}},"24":{"start":{"line":67,"column":4},"end":{"line":67,"column":18}},"25":{"start":{"line":69,"column":4},"end":{"line":69,"column":16}},"26":{"start":{"line":74,"column":2},"end":{"line":91,"column":3}},"27":{"start":{"line":75,"column":16},"end":{"line":78,"column":6}},"28":{"start":{"line":80,"column":4},"end":{"line":86,"column":7}},"29":{"start":{"line":88,"column":4},"end":{"line":88,"column":18}},"30":{"start":{"line":90,"column":4},"end":{"line":90,"column":16}},"31":{"start":{"line":95,"column":2},"end":{"line":113,"column":3}},"32":{"start":{"line":96,"column":21},"end":{"line":100,"column":6}},"33":{"start":{"line":102,"column":4},"end":{"line":108,"column":7}},"34":{"start":{"line":110,"column":4},"end":{"line":110,"column":23}},"35":{"start":{"line":112,"column":4},"end":{"line":112,"column":16}},"36":{"start":{"line":117,"column":2},"end":{"line":125,"column":3}},"37":{"start":{"line":118,"column":4},"end":{"line":121,"column":7}},"38":{"start":{"line":122,"column":4},"end":{"line":122,"column":50}},"39":{"start":{"line":124,"column":4},"end":{"line":124,"column":16}}},"fnMap":{"0":{"name":"createOrganizationHandler","decl":{"start":{"line":7,"column":22},"end":{"line":7,"column":47}},"loc":{"start":{"line":7,"column":95},"end":{"line":40,"column":1}}},"1":{"name":"getOrganizationsHandler","decl":{"start":{"line":42,"column":22},"end":{"line":42,"column":45}},"loc":{"start":{"line":42,"column":93},"end":{"line":54,"column":1}}},"2":{"name":"getOrganizationByIdHandler","decl":{"start":{"line":56,"column":22},"end":{"line":56,"column":48}},"loc":{"start":{"line"
[...]
start":{"line":100,"column":21},"end":{"line":100,"column":47}},"61":{"start":{"line":101,"column":8},"end":{"line":101,"column":57}},"62":{"start":{"line":101,"column":30},"end":{"line":101,"column":57}},"63":{"start":{"line":102,"column":8},"end":{"line":102,"column":33}},"64":{"start":{"line":103,"column":8},"end":{"line":103,"column":62}},"65":{"start":{"line":105,"column":6},"end":{"line":105,"column":12}},"66":{"start":{"line":108,"column":6},"end":{"line":113,"column":7}},"67":{"start":{"line":109,"column":21},"end":{"line":109,"column":65}},"68":{"start":{"line":110,"column":8},"end":{"line":110,"column":57}},"69":{"start":{"line":110,"column":30},"end":{"line":110,"column":57}},"70":{"start":{"line":111,"column":8},"end":{"line":111,"column":33}},"71":{"start":{"line":112,"column":8},"end":{"line":112,"column":62}},"72":{"start":{"line":114,"column":6},"end":{"line":114,"column":12}},"73":{"start":{"line":117,"column":6},"end":{"line":117,"column":95}},"74":{"start":{"line":122,"column":18},"end":{"line":122,"column":33}},"75":{"start":{"line":123,"column":2},"end":{"line":123,"column":23}},"76":{"start":{"line":123,"column":16},"end":{"line":123,"column":23}},"77":{"start":{"line":125,"column":18},"end":{"line":125,"column":92}},"78":{"start":{"line":126,"column":2},"end":{"line":130,"column":5}},"79":{"start":{"line":127,"column":4},"end":{"line":129,"column":5}},"80":{"start":{"line":128,"column":6},"end":{"line":128,"column":23}},"81":{"start":{"line":134,"column":2},"end":{"line":134,"column":66}},"82":{"start":{"line":135,"column":2},"end":{"line":135,"column":71}},"83":{"start":{"line":139,"column":2},"end":{"line":139,"column":62}},"84":{"start":{"line":143,"column":2},"end":{"line":143,"column":13}}},"fnMap":{"0":{"name":"authenticate","decl":{"start":{"line":16,"column":9},"end":{"line":16,"column":21}},"loc":{"start":{"line":16,"column":35},"end":{"line":24,"column":1}}},"1":{"name":"initializeWebSocket","decl":{"start":{"line":26,"column":16},"end":{"line":26,"column":35}},"loc":{"start":{"line":26,"column":54},"end":{"line":85,"column":1}}},"2":{"name":"(anonymous_3)","decl":{"start":{"line":29,"column":23},"end":{"line":29,"column":24}},"loc":{"start":{"line":29,"column":56},"end":{"line":67,"column":3}}},"3":{"name":"(anonymous_4)","decl":{"start":{"line":46,"column":18},"end":{"line":46,"column":21}},"loc":{"start":{"line":46,"column":23},"end":{"line":48,"column":5}}},"4":{"name":"(anonymous_5)","decl":{"start":{"line":50,"column":21},"end":{"line":50,"column":26}},"loc":{"start":{"line":50,"column":36},"end":{"line":57,"column":5}}},"5":{"name":"(anonymous_6)","decl":{"start":{"line":59,"column":19},"end":{"line":59,"column":22}},"loc":{"start":{"line":59,"column":24},"end":{"line":64,"column":5}}},"6":{"name":"(anonymous_7)","decl":{"start":{"line":69,"column":31},"end":{"line":69,"column":34}},"loc":{"start":{"line":69,"column":36},"end":{"line":79,"column":3}}},"7":{"name":"(anonymous_8)","decl":{"start":{"line":70,"column":25},"end":{"line":70,"column":26}},"loc":{"start":{"line":70,"column":32},"end":{"line":78,"column":5}}},"8":{"name":"(anonymous_9)","decl":{"start":{"line":81,"column":18},"end":{"line":81,"column":21}},"loc":{"start":{"line":81,"column":24},"end":{"line":81,"column":47}}},"9":{"name":"handleMessage","decl":{"start":{"line":87,"column":15},"end":{"line":87,"column":28}},"loc":{"start":{"line":87,"column":62},"end":{"line":119,"column":1}}},"10":{"name":"broadcast","decl":{"start":{"line":121,"column":16},"end":{"line":121,"column":25}},"loc":{"start":{"line":121,"column":64},"end":{"line":131,"column":1}}},"11":{"name":"(anonymous_12)","decl":{"start":{"line":126,"column":18},"end":{"line":126,"column":19}},"loc":{"start":{"line":126,"column":25},"end":{"line":130,"column":3}}},"12":{"name":"broadcastAttendance","decl":{"start":{"line":133,"column":16},"end":{"line":133,"column":35}},"loc":{"start":{"line":133,"column":71},"end":{"line":136,"column":1}}},"13":{"name":"broadcastMeetingUpdate","decl":{"start":{"line":138,"column":16},"end":{"line":138,"column":38}},"loc":{"start":{"line":138,"column":69},"end":{"line":140,"column":1}}},"14":{"name":"getWSS","decl":{"start":{"line":142,"column":16},"end":{"line":142,"column":22}},"loc":{"start":{"line":142,"column":22},"end":{"line":144,"column":1}}}},"branchMap":{"0":{"loc":{"start":{"line":18,"column":19},"end":{"line":18,"column":60}},"type":"binary-expr","locations":[{"start":{"line":18,"column":19},"end":{"line":18,"column":48}},{"start":{"line":18,"column":52},"end":{"line":18,"column":60}}]},"1":{"loc":{"start":{"line":31,"column":24},"end":{"line":31,"column":37}},"type":"binary-expr","locations":[{"start":{"line":31,"column":24},"end":{"line":31,"column":31}},{"start":{"line":31,"column":35},"end":{"line":31,"column":37}}]},"2":{"loc":{"start":{"line":32,"column":18},"end":{"line":32,"column":53}},"type":"binary-expr","locations":[{"start":{"line":32,"column":18},"end":{"line":32,"column":47}},{"start":{"line":32,"column":51},"end":{"line":32,"column":53}}]},"3":{"loc":{"start":{"line":35,"column":4},"end":{"line":38,"column":5}},"type":"if","locations":[{"start":{"line":35,"column":4},"end":{"line":38,"column":5}}]},"4":{"loc":{"start":{"line":72,"column":6},"end":{"line":75,"column":7}},"type":"if","locations":[{"start":{"line":72,"column":6},"end":{"line":75,"column":7}}]},"5":{"loc":{"start":{"line":88,"column":2},"end":{"line":118,"column":3}},"type":"switch","locations":[{"start":{"line":89,"column":4},"end":{"line":96,"column":12}},{"start":{"line":98,"column":4},"end":{"line":105,"column":12}},{"start":{"line":107,"column":4},"end":{"line":114,"column":12}},{"start":{"line":116,"column":4},"end":{"line":117,"column":95}}]},"6":{"loc":{"start":{"line":90,"column":6},"end":{"line":95,"column":7}},"type":"if","locations":[{"start":{"line":90,"column":6},"end":{"line":95,"column":7}}]},"7":{"loc":{"start":{"line":92,"column":8},"end":{"line":92,"column":57}},"type":"if","locations":[{"start":{"line":92,"column":8},"end":{"line":92,"column":57}}]},"8":{"loc":{"start":{"line":99,"column":6},"end":{"line":104,"column":7}},"type":"if","locations":[{"start":{"line":99,"column":6},"end":{"line":104,"column":7}}]},"9":{"loc":{"start":{"line":101,"column":8},"end":{"line":101,"column":57}},"type":"if","locations":[{"start":{"line":101,"column":8},"end":{"line":101,"column":57}}]},"10":{"loc":{"start":{"line":108,"column":6},"end":{"line":113,"column":7}},"type":"if","locations":[{"start":{"line":108,"column":6},"end":{"line":113,"column":7}}]},"11":{"loc":{"start":{"line":108,"column":10},"end":{"line":108,"column":68}},"type":"binary-expr","locations":[{"start":{"line":108,"column":10},"end":{"line":108,"column":35}},{"start":{"line":108,"column":39},"end":{"line":108,"column":68}}]},"12":{"loc":{"start":{"line":109,"column":34},"end":{"line":109,"column":63}},"type":"binary-expr","locations":[{"start":{"line":109,"column":34},"end":{"line":109,"column":51}},{"start":{"line":109,"column":55},"end":{"line":109,"column":63}}]},"13":{"loc":{"start":{"line":110,"column":8},"end":{"line":110,"column":57}},"type":"if","locations":[{"start":{"line":110,"column":8},"end":{"line":110,"column":57}}]},"14":{"loc":{"start":{"line":123,"column":2},"end":{"line":123,"column":23}},"type":"if","locations":[{"start":{"line":123,"column":2},"end":{"line":123,"column":23}}]},"15":{"loc":{"start":{"line":127,"column":4},"end":{"line":129,"column":5}},"type":"if","locations":[{"start":{"line":127,"column":4},"end":{"line":129,"column":5}}]}},"s":{"0":0,"1":0,"2":0,"3":0,"4":0,"5":0,"6":0,"7":0,"8":0,"9":0,"10":0,"11":0,"12":0,"13":0,"14":0,"15":0,"16":0,"17":0,"18":0,"19":0,"20":0,"21":0,"22":0,"23":0,"24":0,"25":0,"26":0,"27":0,"28":0,"29":0,"30":0,"31":0,"32":0,"33":0,"34":0,"35":0,"36":0,"37":0,"38":0,"39":0,"40":0,"41":0,"42":0,"43":0,"44":0,"45":0,"46":0,"47":0,"48":0,"49":0,"50":0,"51":0,"52":0,"53":0,"54":0,"55":0,"56":0,"57":0,"58":0,"59":0,"60":0,"61":0,"62":0,"63":0,"64":0,"65":0,"66":0,"67":0,"68":0,"69":0,"70":0,"71":0,"72":0,"73":0,"74":0,"75":0,"76":0,"77":0,"78":0,"79":0,"80":0,"81":0,"82":0,"83":0,"84":0},"f":{"0":0,"1":0,"2":0,"3":0,"4":0,"5":0,"6":0,"7":0,"8":0,"9":0,"10":0,"11":0,"12":0,"13":0,"14":0},"b":{"0":[0,0],"1":[0,0],"2":[0,0],"3":[0],"4":[0],"5":[0,0,0,0],"6":[0],"7":[0],"8":[0],"9":[0],"10":[0],"11":[0,0],"12":[0,0],"13":[0],"14":[0],"15":[0]}}
,"/Users/user/Documents/it park/hokimiyat/apps/backend/src/utils/envValidator.ts": {"path":"/Users/user/Documents/it park/hokimiyat/apps/backend/src/utils/envValidator.ts","statementMap":{"0":{"start":{"line":23,"column":0},"end":{"line":23,"column":16}},"1":{"start":{"line":53,"column":0},"end":{"line":53,"column":16}},"2":{"start":{"line":7,"column":33},"end":{"line":13,"column":2}},"3":{"start":{"line":15,"column":33},"end":{"line":21,"column":2}},"4":{"start":{"line":24,"column":27},"end":{"line":24,"column":29}},"5":{"start":{"line":25,"column":29},"end":{"line":25,"column":31}},"6":{"start":{"line":27,"column":2},"end":{"line":32,"column":3}},"7":{"start":{"line":28,"column":16},"end":{"line":28,"column":36}},"8":{"start":{"line":29,"column":4},"end":{"line":31,"column":5}},"9":{"start":{"line":30,"column":6},"end":{"line":30,"column":53}},"10":{"start":{"line":34,"column":2},"end":{"line":38,"column":3}},"11":{"start":{"line":35,"column":4},"end":{"line":37,"column":5}},"12":{"start":{"line":36,"column":6},"end":{"line":36,"column":71}},"13":{"start":{"line":40,"column":2},"end":{"line":48,"column":3}},"14":{"start":{"line":41,"column":22},"end":{"line":41,"column":57}},"15":{"start":{"line":42,"column":23},"end":{"line":42,"column":59}},"16":{"start":{"line":43,"column":4},"end":{"line":43,"column":105}},"17":{"start":{"line":43,"column":31},"end":{"line":43,"column":105}},"18":{"start":{"line":44,"column":4},"end":{"line":44,"column":107}},"19":{"start":{"line":44,"column":32},"end":{"line":44,"column":107}},"20":{"start":{"line":45,"column":4},"end":{"line":47,"column":5}},"21":{"start":{"line":46,"column":6},"end":{"line":46,"column":74}},"22":{"start":{"line":50,"column":2},"end":{"line":50,"column":58}},"23":{"start":{"line":54,"column":31},"end":{"line":54,"column":52}},"24":{"start":{"line":55,"column":2},"end":{"line":55,"column":60}},"25":{"start":{"line":56,"column":2},"end":{"line":56,"column":54}},"26":{"start":{"line":57,"column":2},"end":{"line":57,"column":58}},"27":{"start":{"line":59,"column":2},"end":{"line":70,"column":3}},"28":{"start":{"line":60,"column":4},"end":{"line":60,"column":58}},"29":{"start":{"line":62,"column":4},"end":{"line":65,"column":5}},"30":{"start":{"line":63,"column":6},"end":{"line":63,"column":87}},"31":{"start":{"line":64,"column":6},"end":{"line":64,"column":55}},"32":{"start":{"line":64,"column":28},"end":{"line":64,"column":53}},"33":{"start":{"line":66,"column":4},"end":{"line":69,"column":5}},"34":{"start":{"line":67,"column":6},"end":{"line":67,"column":96}},"35":{"start":{"line":68,"column":6},"end":{"line":68,"column":57}},"36":{"start":{"line":68,"column":30},"end":{"line":68,"column":55}},"37":{"start":{"line":71,"column":2},"end":{"line":71,"column":60}}},"fnMap":{"0":{"name":"validateEnvironment","decl":{"start":{"line":23,"column":16},"end":{"line":23,"column":35}},"loc":{"start":{"line":23,"column":35},"end":{"line":51,"column":1}}},"1":{"name":"printEnvStatus","decl":{"start":{"line":53,"column":16},"end":{"line":53,"column":30}},"loc":{"start":{"line":53,"column":30},"end":{"line":72,"column":1}}},"2":{"name":"(anonymous_2)","decl":{"start":{"line":64,"column":21},"end":{"line":64,"column":22}},"loc":{"start":{"line":64,"column":28},"end":{"line":64,"column":53}}},"3":{"name":"(anonymous_3)","decl":{"start":{"line":68,"column":23},"end":{"line":68,"column":24}},"loc":{"start":{"line":68,"column":30},"end":{"line":68,"column":55}}}},"branchMap":{"0":{"loc":{"start":{"line":29,"column":4},"end":{"line":31,"column":5}},"type":"if","locations":[{"start":{"line":29,"column":4},"end":{"line":31,"column":5}}]},"1":{"loc":{"start":{"line":29,"column":8},"end":{"line":29,"column":39}},"type":"binary-expr","locations":[{"start":{"line":29,"column":8},"end":{"line":29,"column":12}},{"start":{"line":29,"column":16},"end":{"line":29,"column":39}}]},"2":{"loc":{"start":{"line":35,"column":4},"end":{"line":37,"column":5}},"type":"if","locations":[{"start":{"line":35,"column":4},"end":{"line":37,"column":5}}]},"3":{"loc":{"start":{"line":40,"column":2},"end":{"line":48,"column":3}},"type":"if","locations":[{"start":{"line":40,"column":2},"end":{"line":48,"column":3}}]},"4":{"loc":{"start":{"line":41,"column":22},"end":{"line":41,"column":57}},"type":"binary-expr","locations":[{"start":{"line":41,"column":22},"end":{"line":41,"column":51}},{"start":{"line":41,"column":55},"end":{"line":41,"column":57}}]},"5":{"loc":{"start":{"line":42,"column":23},"end":{"line":42,"column":59}},"type":"binary-expr","locations":[{"start":{"line":42,"column":23},"end":{"line":42,"column":53}},{"start":{"line":42,"column":57},"end":{"line":42,"column":59}}]},"6":{"loc":{"start":{"line":43,"column":4},"end":{"line":43,"column":105}},"type":"if","locations":[{"start":{"line":43,"column":4},"end":{"line":43,"column":105}}]},"7":{"loc":{"start":{"line":44,"column":4},"end":{"line":44,"column":107}},"type":"if","locations":[{"start":{"line":44,"column":4},"end":{"line":44,"column":107}}]},"8":{"loc":{"start":{"line":45,"column":4},"end":{"line":47,"column":5}},"type":"if","locations":[{"start":{"line":45,"column":4},"end":{"line":47,"column":5}}]},"9":{"loc":{"start":{"line":45,"column":9},"end":{"line":45,"column":48}},"type":"binary-expr","locations":[{"start":{"line":45,"column":9},"end":{"line":45,"column":42}},{"start":{"line":45,"column":46},"end":{"line":45,"column":48}}]},"10":{"loc":{"start":{"line":59,"column":2},"end":{"line":70,"column":3}},"type":"if","locations":[{"start":{"line":59,"column":2},"end":{"line":70,"column":3}},{"start":{"line":61,"column":9},"end":{"line":70,"column":3}}]},"11":{"loc":{"start":{"line":59,"column":6},"end":{"line":59,"column":50}},"type":"binary-expr","locations":[{"start":{"line":59,"column":6},"end":{"line":59,"column":25}},{"start":{"line":59,"column":29},"end":{"line":59,"column":50}}]},"12":{"loc":{"start":{"line":62,"column":4},"end":{"line":65,"column":5}},"type":"if","locations":[{"start":{"line":62,"column":4},"end":{"line":65,"column":5}}]},"13":{"loc":{"start":{"line":66,"column":4},"end":{"line":69,"column":5}},"type":"if","locations":[{"start":{"line":66,"column":4},"end":{"line":69,"column":5}}]}},"s":{"0":0,"1":0,"2":0,"3":0,"4":0,"5":0,"6":0,"7":0,"8":0,"9":0,"10":0,"11":0,"12":0,"13":0,"14":0,"15":0,"16":0,"17":0,"18":0,"19":0,"20":0,"21":0,"22":0,"23":0,"24":0,"25":0,"26":0,"27":0,"28":0,"29":0,"30":0,"31":0,"32":0,"33":0,"34":0,"35":0,"36":0,"37":0},"f":{"0":0,"1":0,"2":0,"3":0},"b":{"0":[0],"1":[0,0],"2":[0],"3":[0],"4":[0,0],"5":[0,0],"6":[0],"7":[0],"8":[0],"9":[0,0],"10":[0,0],"11":[0,0],"12":[0],"13":[0]}}
,"/Users/user/Documents/it park/hokimiyat/apps/backend/src/utils/haversine.ts": {"path":"/Users/user/Documents/it park/hokimiyat/apps/backend/src/utils/haversine.ts","statementMap":{"0":{"start":{"line":3,"column":0},"end":{"line":3,"column":16}},"1":{"start":{"line":28,"column":0},"end":{"line":28,"column":16}},"2":{"start":{"line":39,"column":0},"end":{"line":39,"column":16}},"3":{"start":{"line":1,"column":28},"end":{"line":1,"column":35}},"4":{"start":{"line":9,"column":15},"end":{"line":9,"column":37}},"5":{"start":{"line":10,"column":15},"end":{"line":10,"column":37}},"6":{"start":{"line":13,"column":4},"end":{"line":17,"column":24}},"7":{"start":{"line":19,"column":12},"end":{"line":19,"column":58}},"8":{"start":{"line":21,"column":2},"end":{"line":21,"column":33}},"9":{"start":{"line":25,"column":2},"end":{"line":25,"column":35}},"10":{"start":{"line":35,"column":19},"end":{"line":35,"column":84}},"11":{"start":{"line":36,"column":2},"end":{"line":36,"column":34}},"12":{"start":{"line":44,"column":2},"end":{"line":44,"column":38}},"13":{"start":{"line":44,"column":20},"end":{"line":44,"column":38}},"14":{"start":{"line":45,"column":2},"end":{"line":45,"column":43}},"15":{"start":{"line":45,"column":25},"end":{"line":45,"column":43}},"16":{"start":{"line":46,"column":2},"end":{"line":46,"column":33}},"17":{"start":{"line":46,"column":19},"end":{"line":46,"column":33}},"18":{"start":{"line":47,"column":2},"end":{"line":47,"column":18}}},"fnMap":{"0":{"name":"calculateDistance","decl":{"start":{"line":3,"column":16},"end":{"line":3,"column":33}},"loc":{"start":{"line":7,"column":14},"end":{"line":22,"column":1}}},"1":{"name":"toRadians","decl":{"start":{"line":24,"column":9},"end":{"line":24,"column":18}},"loc":{"start":{"line":24,"column":34},"end":{"line":26,"column":1}}},"2":{"name":"isWithinGeofence","decl":{"start":{"line":28,"column":16},"end":{"line":28,"column":32}},"loc":{"start":{"line":33,"column":22},"end":{"line":37,"column":1}}},"3":{"name":"getConfidenceLevel","decl":{"start":{"line":39,"column":16},"end":{"line":39,"column":34}},"loc":{"start":{"line":42,"column":23},"end":{"line":48,"column":1}}}},"branchMap":{"0":{"loc":{"start":{"line":44,"column":2},"end":{"line":44,"column":38}},"type":"if","locations":[{"start":{"line":44,"column":2},"end":{"line":44,"column":38}}]},"1":{"loc":{"start":{"line":45,"column":2},"end":{"line":45,"column":43}},"type":"if","locations":[{"start":{"line":45,"column":2},"end":{"line":45,"column":43}}]},"2":{"loc":{"start":{"line":46,"column":2},"end":{"line":46,"column":33}},"type":"if","locations":[{"start":{"line":46,"column":2},"end":{"line":46,"column":33}}]}},"s":{"0":2,"1":2,"2":2,"3":2,"4":14,"5":14,"6":14,"7":14,"8":14,"9":56,"10":7,"11":7,"12":11,"13":4,"14":7,"15":3,"16":4,"17":2,"18":2},"f":{"0":14,"1":56,"2":7,"3":11},"b":{"0":[4],"1":[3],"2":[2]}}
,"/Users/user/Documents/it park/hokimiyat/apps/backend/src/utils/pagination.ts": {"path":"/Users/user/Documents/it park/hokimiyat/apps/backend/src/utils/pagination.ts","statementMap":{"0":{"start":{"line":15,"column":0},"end":{"line":15,"column":16}},"1":{"start":{"line":26,"column":0},"end":{"line":26,"column":16}},"2":{"start":{"line":19,"column":15},"end":{"line":19,"column":70}},"3":{"start":{"line":20,"column":16},"end":{"line":20,"column":89}},"4":{"start":{"line":21,"column":15},"end":{"line":21,"column":33}},"5":{"start":{"line":23,"column":2},"end":{"line":23,"column":31}},"6":{"start":{"line":31,"column":2},"end":{"line":37,"column":4}}},"fnMap":{"0":{"name":"getPaginationParams","decl":{"start":{"line":15,"column":16},"end":{"line":15,"column":35}},"loc":{"start":{"line":18,"column":1},"end":{"line":24,"column":1}}},"1":{"name":"paginatedResult","decl":{"start":{"line":26,"column":16},"end":{"line":26,"column":31}},"loc":{"start":{"line":29,"column":26},"end":{"line":38,"column":1}}}},"branchMap":{"0":{"loc":{"start":{"line":19,"column":27},"end":{"line":19,"column":69}},"type":"binary-expr","locations":[{"start":{"line":19,"column":27},"end":{"line":19,"column":64}},{"start":{"line":19,"column":68},"end":{"line":19,"column":69}}]},"1":{"loc":{"start":{"line":19,"column":36},"end":{"line":19,"column":59}},"type":"binary-expr","locations":[{"start":{"line":19,"column":36},"end":{"line":19,"column":52}},{"start":{"line":19,"column":56},"end":{"line":19,"column":59}}]},"2":{"loc":{"start":{"line":20,"column":42},"end":{"line":20,"column":87}},"type":"binary-expr","locations":[{"start":{"line":20,"column":42},"end":{"line":20,"column":81}},{"start":{"line":20,"column":85},"end":{"line":20,"column":87}}]},"3":{"loc":{"start":{"line":20,"column":51},"end":{"line":20,"column":76}},"type":"binary-expr","locations":[{"start":{"line":20,"column":51},"end":{"line":20,"column":68}},{"start":{"line":20,"column":72},"end":{"line":20,"column":76}}]}},"s":{"0":0,"1":0,"2":0,"3":0,"4":0,"5":0,"6":0},"f":{"0":0,"1":0},"b":{"0":[0,0],"1":[0,0],"2":[0,0],"3":[0,0]}}
}
