TN:
SF:src/config/index.ts
FNF:0
FNH:0
DA:1,0
LF:1
LH:0
BRDA:2,0,0,0
BRDA:2,0,1,0
BRDA:3,1,0,0
BRDA:3,1,1,0
BRDA:4,2,0,0
BRDA:4,2,1,0
BRDA:7,3,0,0
BRDA:7,3,1,0
BRDA:8,4,0,0
BRDA:8,4,1,0
BRDA:9,5,0,0
BRDA:9,5,1,0
BRDA:10,6,0,0
BRDA:10,6,1,0
BRDA:14,7,0,0
BRDA:14,7,1,0
BRDA:18,8,0,0
BRDA:18,8,1,0
BRDA:22,9,0,0
BRDA:22,9,1,0
BRDA:23,10,0,0
BRDA:23,10,1,0
BRDA:24,11,0,0
BRDA:24,11,1,0
BRDA:28,12,0,0
BRDA:28,12,1,0
BRDA:32,13,0,0
BRDA:32,13,1,0
BRDA:33,14,0,0
BRDA:33,14,1,0
BRDA:34,15,0,0
BRDA:34,15,1,0
BRDA:35,16,0,0
BRDA:35,16,1,0
BRDA:36,17,0,0
BRDA:36,17,1,0
BRDA:40,18,0,0
BRDA:40,18,1,0
BRDA:43,19,0,0
BRDA:43,19,1,0
BRDA:47,20,0,0
BRDA:47,20,1,0
BRDA:48,21,0,0
BRDA:48,21,1,0
BRDA:52,22,0,0
BRDA:52,22,1,0
BRDA:53,23,0,0
BRDA:53,23,1,0
BRDA:54,24,0,0
BRDA:54,24,1,0
BRDA:55,25,0,0
BRDA:55,25,1,0
BRDA:56,26,0,0
BRDA:56,26,1,0
BRF:54
BRH:0
end_of_record
TN:
SF:src/controllers/admin.ts
FN:6,createEmployeeHandler
FN:52,getEmployeesHandler
FN:94,getEmployeeByIdHandler
FN:113,updateEmployeeHandler
FN:146,deleteEmployeeHandler
FN:175,getSuspiciousActivitiesHandler
FN:196,getDashboardStatsHandler
FN:234,getSystemStatsHandler
FNF:8
FNH:0
FNDA:0,createEmployeeHandler
FNDA:0,getEmployeesHandler
FNDA:0,getEmployeeByIdHandler
FNDA:0,updateEmployeeHandler
FNDA:0,deleteEmployeeHandler
FNDA:0,getSuspiciousActivitiesHandler
FNDA:0,getDashboardStatsHandler
FNDA:0,getSystemStatsHandler
DA:2,0
DA:3,0
DA:4,0
DA:6,0
DA:7,0
DA:8,0
DA:10,0
DA:37,0
DA:46,0
DA:48,0
DA:52,0
DA:53,0
DA:54,0
DA:55,0
DA:56,0
DA:57,0
DA:58,0
DA:59,0
DA:61,0
DA:62,0
DA:63,0
DA:64,0
DA:65,0
DA:66,0
DA:73,0
DA:88,0
DA:90,0
DA:94,0
DA:95,0
DA:96,0
DA:104,0
DA:105,0
DA:107,0
DA:109,0
DA:113,0
DA:114,0
DA:115,0
DA:117,0
DA:132,0
DA:140,0
DA:142,0
DA:146,0
DA:147,0
DA:148,0
DA:149,0
DA:151,0
DA:156,0
DA:161,0
DA:169,0
DA:171,0
DA:175,0
DA:176,0
DA:177,0
DA:178,0
DA:180,0
DA:190,0
DA:192,0
DA:196,0
DA:197,0
DA:198,0
DA:199,0
DA:200,0
DA:201,0
DA:210,0
DA:221,0
DA:230,0
DA:234,0
DA:235,0
DA:236,0
DA:244,0
DA:257,0
DA:265,0
LF:72
LH:0
BRDA:28,0,0,0
BRDA:28,0,1,0
BRDA:29,1,0,0
BRDA:29,1,1,0
BRDA:54,2,0,0
BRDA:54,2,1,0
BRDA:55,3,0,0
BRDA:55,3,1,0
BRDA:62,4,0,0
BRDA:63,5,0,0
BRDA:64,6,0,0
BRDA:65,7,0,0
BRDA:104,8,0,0
BRDA:126,9,0,0
BRDA:126,9,1,0
BRDA:127,10,0,0
BRDA:127,10,1,0
BRDA:149,11,0,0
BRDA:177,12,0,0
BRDA:177,12,1,0
BRDA:178,13,0,0
BRDA:178,13,1,0
BRF:22
BRH:0
end_of_record
TN:
SF:src/controllers/appVersion.ts
FN:4,checkAppVersionHandler
FNF:1
FNH:0
FNDA:0,checkAppVersionHandler
DA:2,0
DA:4,0
DA:5,0
DA:6,0
DA:7,0
DA:8,0
DA:10,0
DA:11,0
DA:13,0
LF:9
LH:0
BRDA:6,0,0,0
BRDA:6,0,1,0
BRDA:7,1,0,0
BRDA:7,1,1,0
BRDA:8,2,0,0
BRDA:8,2,1,0
BRF:6
BRH:0
end_of_record
TN:
SF:src/controllers/attendance.ts
FN:7,checkInHandler
FN:47,checkOutHandler
FN:81,getTodayHandler
FN:92,getHistoryHandler
FN:108,getStatsHandler
FN:122,getDepartmentAttendanceHandler
FNF:6
FNH:0
FNDA:0,checkInHandler
FNDA:0,checkOutHandler
FNDA:0,getTodayHandler
FNDA:0,getHistoryHandler
FNDA:0,getStatsHandler
FNDA:0,getDepartmentAttendanceHandler
DA:2,0
DA:3,0
DA:4,0
DA:5,0
DA:7,0
DA:8,0
DA:9,0
DA:10,0
DA:13,0
DA:14,0
DA:16,0
DA:30,0
DA:41,0
DA:43,0
DA:47,0
DA:48,0
DA:49,0
DA:50,0
DA:53,0
DA:55,0
DA:65,0
DA:75,0
DA:77,0
DA:81,0
DA:82,0
DA:83,0
DA:85,0
DA:86,0
DA:88,0
DA:92,0
DA:93,0
DA:94,0
DA:96,0
DA:97,0
DA:98,0
DA:99,0
DA:101,0
DA:102,0
DA:104,0
DA:108,0
DA:109,0
DA:110,0
DA:112,0
DA:113,0
DA:115,0
DA:116,0
DA:118,0
DA:122,0
DA:123,0
DA:124,0
DA:125,0
DA:127,0
DA:128,0
DA:130,0
LF:54
LH:0
BRDA:9,0,0,0
BRDA:9,1,0,0
BRDA:9,1,1,0
BRDA:49,2,0,0
BRDA:49,3,0,0
BRDA:49,3,1,0
BRDA:83,4,0,0
BRDA:94,5,0,0
BRDA:96,6,0,0
BRDA:96,6,1,0
BRDA:97,7,0,0
BRDA:97,7,1,0
BRDA:98,8,0,0
BRDA:98,8,1,0
BRDA:99,9,0,0
BRDA:99,9,1,0
BRDA:110,10,0,0
BRDA:112,11,0,0
BRDA:112,11,1,0
BRDA:113,12,0,0
BRDA:113,12,1,0
BRDA:125,13,0,0
BRDA:125,13,1,0
BRF:23
BRH:0
end_of_record
TN:
SF:src/controllers/audit.ts
FN:5,getAuditLogsHandler
FN:39,verifyAuditChainHandler
FNF:2
FNH:0
FNDA:0,getAuditLogsHandler
FNDA:0,verifyAuditChainHandler
DA:2,0
DA:3,0
DA:5,0
DA:6,0
DA:7,0
DA:8,0
DA:9,0
DA:10,0
DA:11,0
DA:12,0
DA:14,0
DA:15,0
DA:16,0
DA:17,0
DA:18,0
DA:19,0
DA:20,0
DA:23,0
DA:33,0
DA:35,0
DA:39,0
DA:40,0
DA:41,0
DA:42,0
DA:44,0
LF:25
LH:0
BRDA:7,0,0,0
BRDA:7,0,1,0
BRDA:8,1,0,0
BRDA:8,1,1,0
BRDA:11,2,0,0
BRDA:11,2,1,0
BRDA:12,3,0,0
BRDA:12,3,1,0
BRDA:15,4,0,0
BRDA:16,5,0,0
BRDA:17,6,0,0
BRDA:17,7,0,0
BRDA:17,7,1,0
BRDA:19,8,0,0
BRDA:20,9,0,0
BRF:15
BRH:0
end_of_record
TN:
SF:src/controllers/auth.ts
FN:29,requestOtpHandler
FN:48,verifyOtpHandler
FN:157,refreshTokenHandler
FN:207,logoutHandler
FNF:4
FNH:0
FNDA:0,requestOtpHandler
FNDA:0,verifyOtpHandler
FNDA:0,refreshTokenHandler
FNDA:0,logoutHandler
DA:2,0
DA:3,0
DA:4,0
DA:5,0
DA:6,0
DA:7,0
DA:8,0
DA:9,0
DA:11,0
DA:15,0
DA:25,0
DA:29,0
DA:30,0
DA:31,0
DA:32,0
DA:34,0
DA:42,0
DA:44,0
DA:48,0
DA:49,0
DA:50,0
DA:52,0
DA:54,0
DA:64,0
DA:65,0
DA:88,0
DA:89,0
DA:109,0
DA:119,0
DA:127,0
DA:137,0
DA:153,0
DA:157,0
DA:158,0
DA:159,0
DA:161,0
DA:163,0
DA:173,0
DA:174,0
DA:177,0
DA:178,0
DA:181,0
DA:191,0
DA:196,0
DA:203,0
DA:207,0
DA:208,0
DA:209,0
DA:211,0
DA:216,0
DA:217,0
DA:218,0
DA:221,0
DA:231,0
DA:233,0
LF:55
LH:0
BRDA:64,0,0,0
BRDA:88,1,0,0
BRDA:94,2,0,0
BRDA:94,2,1,0
BRDA:95,3,0,0
BRDA:95,3,1,0
BRDA:96,4,0,0
BRDA:96,4,1,0
BRDA:97,5,0,0
BRDA:97,5,1,0
BRDA:100,6,0,0
BRDA:100,6,1,0
BRDA:101,7,0,0
BRDA:101,7,1,0
BRDA:102,8,0,0
BRDA:102,8,1,0
BRDA:103,9,0,0
BRDA:103,9,1,0
BRDA:173,10,0,0
BRDA:173,11,0,0
BRDA:173,11,1,0
BRDA:177,12,0,0
BRDA:209,13,0,0
BRDA:216,14,0,0
BRF:24
BRH:0
end_of_record
TN:
SF:src/controllers/department.ts
FN:5,createDepartmentHandler
FN:19,getDepartmentsHandler
FN:38,getDepartmentByIdHandler
FN:55,updateDepartmentHandler
FN:67,deleteDepartmentHandler
FNF:5
FNH:0
FNDA:0,createDepartmentHandler
FNDA:0,getDepartmentsHandler
FNDA:0,getDepartmentByIdHandler
FNDA:0,updateDepartmentHandler
FNDA:0,deleteDepartmentHandler
DA:2,0
DA:3,0
DA:5,0
DA:6,0
DA:7,0
DA:9,0
DA:13,0
DA:15,0
DA:19,0
DA:20,0
DA:21,0
DA:22,0
DA:23,0
DA:25,0
DA:32,0
DA:34,0
DA:38,0
DA:39,0
DA:40,0
DA:48,0
DA:49,0
DA:51,0
DA:55,0
DA:56,0
DA:57,0
DA:61,0
DA:63,0
DA:67,0
DA:68,0
DA:69,0
DA:73,0
DA:75,0
LF:32
LH:0
BRDA:23,0,0,0
BRDA:48,1,0,0
BRF:2
BRH:0
end_of_record
TN:
SF:src/controllers/faceVerification.ts
FN:6,uploadReferencePhotoHandler
FN:22,verifySelfieHandler
FN:44,getReferencePhotoStatusHandler
FNF:3
FNH:0
FNDA:0,uploadReferencePhotoHandler
FNDA:0,verifySelfieHandler
FNDA:0,getReferencePhotoStatusHandler
DA:2,0
DA:3,0
DA:4,0
DA:6,0
DA:7,0
DA:8,0
DA:10,0
DA:11,0
DA:12,0
DA:15,0
DA:16,0
DA:18,0
DA:22,0
DA:23,0
DA:24,0
DA:26,0
DA:27,0
DA:28,0
DA:31,0
DA:32,0
DA:33,0
DA:34,0
DA:37,0
DA:38,0
DA:40,0
DA:44,0
DA:45,0
DA:46,0
DA:47,0
DA:48,0
DA:51,0
DA:56,0
DA:58,0
LF:33
LH:0
BRDA:8,0,0,0
BRDA:10,1,0,0
BRDA:24,2,0,0
BRDA:26,3,0,0
BRDA:32,4,0,0
BRDA:46,5,0,0
BRF:6
BRH:0
end_of_record
TN:
SF:src/controllers/import.ts
FN:4,importEmployeesHandler
FNF:1
FNH:0
FNDA:0,importEmployeesHandler
DA:2,0
DA:4,0
DA:5,0
DA:6,0
DA:7,0
DA:8,0
DA:11,0
DA:12,0
DA:13,0
DA:16,0
DA:17,0
DA:19,0
DA:20,0
DA:21,0
DA:24,0
DA:25,0
DA:26,0
DA:29,0
DA:31,0
DA:36,0
LF:20
LH:0
BRDA:6,0,0,0
BRDA:11,1,0,0
BRDA:19,2,0,0
BRDA:24,3,0,0
BRF:4
BRH:0
end_of_record
TN:
SF:src/controllers/meeting.ts
FN:14,(anonymous_0)
FN:15,(anonymous_1)
FN:16,(anonymous_2)
FN:28,createMeetingHandler
FN:63,confirmMeetingHandler
FN:86,cancelMeetingHandler
FN:109,getMyMeetingsHandler
FN:120,getPendingMeetingsHandler
FN:131,getMeetingByIdHandler
FN:163,getDepartmentMeetingsHandler
FN:180,getMeetingQRHandler
FN:203,scanQRHandler
FNF:12
FNH:0
FNDA:0,(anonymous_0)
FNDA:0,(anonymous_1)
FNDA:0,(anonymous_2)
FNDA:0,createMeetingHandler
FNDA:0,confirmMeetingHandler
FNDA:0,cancelMeetingHandler
FNDA:0,getMyMeetingsHandler
FNDA:0,getPendingMeetingsHandler
FNDA:0,getMeetingByIdHandler
FNDA:0,getDepartmentMeetingsHandler
FNDA:0,getMeetingQRHandler
FNDA:0,scanQRHandler
DA:2,0
DA:3,0
DA:4,0
DA:5,0
DA:6,0
DA:7,0
DA:8,0
DA:10,0
DA:14,0
DA:15,0
DA:16,0
DA:28,0
DA:29,0
DA:30,0
DA:31,0
DA:34,0
DA:36,0
DA:37,0
DA:40,0
DA:46,0
DA:57,0
DA:59,0
DA:63,0
DA:64,0
DA:65,0
DA:67,0
DA:69,0
DA:80,0
DA:82,0
DA:86,0
DA:87,0
DA:88,0
DA:90,0
DA:92,0
DA:103,0
DA:105,0
DA:109,0
DA:110,0
DA:111,0
DA:113,0
DA:114,0
DA:116,0
DA:120,0
DA:121,0
DA:122,0
DA:124,0
DA:125,0
DA:127,0
DA:131,0
DA:132,0
DA:133,0
DA:156,0
DA:157,0
DA:159,0
DA:163,0
DA:164,0
DA:165,0
DA:174,0
DA:176,0
DA:180,0
DA:181,0
DA:182,0
DA:183,0
DA:185,0
DA:186,0
DA:188,0
DA:189,0
DA:190,0
DA:191,0
DA:194,0
DA:195,0
DA:196,0
DA:197,0
DA:199,0
DA:203,0
DA:204,0
DA:205,0
DA:207,0
DA:208,0
DA:210,0
DA:211,0
DA:213,0
DA:220,0
DA:222,0
DA:223,0
DA:224,0
DA:227,0
DA:243,0
DA:254,0
DA:256,0
LF:90
LH:0
BRDA:30,0,0,0
BRDA:30,1,0,0
BRDA:30,1,1,0
BRDA:36,2,0,0
BRDA:36,3,0,0
BRDA:36,3,1,0
BRDA:65,4,0,0
BRDA:88,5,0,0
BRDA:111,6,0,0
BRDA:122,7,0,0
BRDA:156,8,0,0
BRDA:183,9,0,0
BRDA:188,10,0,0
BRDA:205,11,0,0
BRDA:208,12,0,0
BRDA:211,13,0,0
BRDA:220,14,0,0
BRDA:223,15,0,0
BRDA:223,16,0,0
BRDA:223,16,1,0
BRF:20
BRH:0
end_of_record
TN:
SF:src/controllers/message.ts
FN:5,sendMessageHandler
FN:27,getConversationsHandler
FN:38,getMessagesHandler
FN:53,getUnreadCountHandler
FN:64,deleteMessageHandler
FNF:5
FNH:0
FNDA:0,sendMessageHandler
FNDA:0,getConversationsHandler
FNDA:0,getMessagesHandler
FNDA:0,getUnreadCountHandler
FNDA:0,deleteMessageHandler
DA:2,0
DA:3,0
DA:5,0
DA:6,0
DA:7,0
DA:9,0
DA:10,0
DA:11,0
DA:12,0
DA:15,0
DA:21,0
DA:23,0
DA:27,0
DA:28,0
DA:29,0
DA:31,0
DA:32,0
DA:34,0
DA:38,0
DA:39,0
DA:40,0
DA:42,0
DA:43,0
DA:44,0
DA:46,0
DA:47,0
DA:49,0
DA:53,0
DA:54,0
DA:55,0
DA:57,0
DA:58,0
DA:60,0
DA:64,0
DA:65,0
DA:66,0
DA:68,0
DA:69,0
DA:70,0
DA:71,0
DA:74,0
DA:76,0
LF:42
LH:0
BRDA:7,0,0,0
BRDA:10,1,0,0
BRDA:10,2,0,0
BRDA:10,2,1,0
BRDA:29,3,0,0
BRDA:40,4,0,0
BRDA:43,5,0,0
BRDA:43,5,1,0
BRDA:44,6,0,0
BRDA:44,6,1,0
BRDA:55,7,0,0
BRDA:66,8,0,0
BRDA:69,9,0,0
BRF:13
BRH:0
end_of_record
TN:
SF:src/controllers/notification.ts
FN:4,getMyNotificationsHandler
FN:27,markAsReadHandler
FN:42,markAllAsReadHandler
FN:57,getUnreadCountHandler
FNF:4
FNH:0
FNDA:0,getMyNotificationsHandler
FNDA:0,markAsReadHandler
FNDA:0,markAllAsReadHandler
FNDA:0,getUnreadCountHandler
DA:2,0
DA:4,0
DA:5,0
DA:6,0
DA:8,0
DA:9,0
DA:11,0
DA:21,0
DA:23,0
DA:27,0
DA:28,0
DA:29,0
DA:31,0
DA:36,0
DA:38,0
DA:42,0
DA:43,0
DA:44,0
DA:46,0
DA:51,0
DA:53,0
DA:57,0
DA:58,0
DA:59,0
DA:61,0
DA:65,0
DA:67,0
LF:27
LH:0
BRDA:6,0,0,0
BRDA:8,1,0,0
BRDA:8,1,1,0
BRDA:9,2,0,0
BRDA:9,2,1,0
BRDA:29,3,0,0
BRDA:44,4,0,0
BRDA:59,5,0,0
BRF:8
BRH:0
end_of_record
TN:
SF:src/controllers/organization.ts
FN:7,createOrganizationHandler
FN:42,getOrganizationsHandler
FN:56,getOrganizationByIdHandler
FN:73,updateOrganizationHandler
FN:94,updateOrganizationSettingsHandler
FN:116,deleteOrganizationHandler
FNF:6
FNH:0
FNDA:0,createOrganizationHandler
FNDA:0,getOrganizationsHandler
FNDA:0,getOrganizationByIdHandler
FNDA:0,updateOrganizationHandler
FNDA:0,updateOrganizationSettingsHandler
FNDA:0,deleteOrganizationHandler
DA:2,0
DA:3,0
DA:4,0
DA:5,0
DA:7,0
DA:8,0
DA:9,0
DA:11,0
DA:28,0
DA:36,0
DA:38,0
DA:42,0
DA:43,0
DA:44,0
DA:50,0
DA:52,0
DA:56,0
DA:57,0
DA:58,0
DA:66,0
DA:67,0
DA:69,0
DA:73,0
DA:74,0
DA:75,0
DA:80,0
DA:88,0
DA:90,0
DA:94,0
DA:95,0
DA:96,0
DA:102,0
DA:110,0
DA:112,0
DA:116,0
DA:117,0
DA:118,0
DA:122,0
DA:124,0
LF:39
LH:0
BRDA:66,0,0,0
BRF:1
BRH:0
end_of_record
TN:
SF:src/controllers/report.ts
FN:8,generateExcelReport
FN:50,(anonymous_2)
FN:82,generatePDFReport
FN:127,(anonymous_4)
FN:136,(anonymous_5)
FN:152,(anonymous_6)
FNF:6
FNH:0
FNDA:0,generateExcelReport
FNDA:0,(anonymous_2)
FNDA:0,generatePDFReport
FNDA:0,(anonymous_4)
FNDA:0,(anonymous_5)
FNDA:0,(anonymous_6)
DA:2,0
DA:3,0
DA:4,0
DA:5,0
DA:6,0
DA:8,0
DA:9,0
DA:10,0
DA:11,0
DA:12,0
DA:14,0
DA:17,0
DA:18,0
DA:19,0
DA:21,0
DA:34,0
DA:35,0
DA:36,0
DA:38,0
DA:50,0
DA:51,0
DA:64,0
DA:65,0
DA:67,0
DA:68,0
DA:70,0
DA:78,0
DA:82,0
DA:83,0
DA:84,0
DA:85,0
DA:86,0
DA:88,0
DA:92,0
DA:93,0
DA:94,0
DA:96,0
DA:109,0
DA:111,0
DA:112,0
DA:114,0
DA:116,0
DA:117,0
DA:118,0
DA:119,0
DA:121,0
DA:122,0
DA:123,0
DA:125,0
DA:126,0
DA:127,0
DA:128,0
DA:129,0
DA:132,0
DA:133,0
DA:135,0
DA:136,0
DA:137,0
DA:138,0
DA:139,0
DA:142,0
DA:143,0
DA:152,0
DA:153,0
DA:154,0
DA:157,0
DA:160,0
DA:162,0
DA:170,0
LF:69
LH:0
BRDA:11,0,0,0
BRDA:11,0,1,0
BRDA:12,1,0,0
BRDA:12,1,1,0
BRDA:17,2,0,0
BRDA:18,3,0,0
BRDA:19,4,0,0
BRDA:53,5,0,0
BRDA:53,5,1,0
BRDA:54,6,0,0
BRDA:54,6,1,0
BRDA:56,7,0,0
BRDA:56,7,1,0
BRDA:58,8,0,0
BRDA:58,8,1,0
BRDA:59,9,0,0
BRDA:59,9,1,0
BRDA:60,10,0,0
BRDA:60,10,1,0
BRDA:85,11,0,0
BRDA:85,11,1,0
BRDA:86,12,0,0
BRDA:86,12,1,0
BRDA:92,13,0,0
BRDA:93,14,0,0
BRDA:94,15,0,0
BRDA:137,16,0,0
BRDA:145,17,0,0
BRDA:145,17,1,0
BRDA:146,18,0,0
BRDA:146,18,1,0
BRDA:148,19,0,0
BRDA:148,19,1,0
BRDA:149,20,0,0
BRDA:149,20,1,0
BRF:35
BRH:0
end_of_record
TN:
SF:src/controllers/session.ts
FN:5,getSessionsHandler
FN:15,deleteSessionHandler
FN:29,deleteAllSessionsHandler
FNF:3
FNH:0
FNDA:0,getSessionsHandler
FNDA:0,deleteSessionHandler
FNDA:0,deleteAllSessionsHandler
DA:2,0
DA:3,0
DA:5,0
DA:6,0
DA:7,0
DA:8,0
DA:9,0
DA:11,0
DA:15,0
DA:16,0
DA:17,0
DA:18,0
DA:19,0
DA:20,0
DA:21,0
DA:23,0
DA:25,0
DA:29,0
DA:30,0
DA:31,0
DA:32,0
DA:33,0
DA:35,0
LF:23
LH:0
BRDA:7,0,0,0
BRDA:17,1,0,0
BRDA:19,2,0,0
BRDA:31,3,0,0
BRF:4
BRH:0
end_of_record
TN:
SF:src/controllers/twoFactor.ts
FN:5,enable2FAHandler
FN:20,verify2FAHandler
FN:42,disable2FAHandler
FN:65,status2FAHandler
FNF:4
FNH:0
FNDA:0,enable2FAHandler
FNDA:0,verify2FAHandler
FNDA:0,disable2FAHandler
FNDA:0,status2FAHandler
DA:2,0
DA:3,0
DA:5,0
DA:6,0
DA:7,0
DA:9,0
DA:10,0
DA:16,0
DA:20,0
DA:21,0
DA:22,0
DA:24,0
DA:25,0
DA:26,0
DA:27,0
DA:30,0
DA:31,0
DA:32,0
DA:33,0
DA:36,0
DA:38,0
DA:42,0
DA:43,0
DA:44,0
DA:46,0
DA:47,0
DA:48,0
DA:49,0
DA:52,0
DA:53,0
DA:54,0
DA:55,0
DA:58,0
DA:59,0
DA:61,0
DA:65,0
DA:66,0
DA:67,0
DA:69,0
DA:70,0
DA:72,0
LF:41
LH:0
BRDA:7,0,0,0
BRDA:22,1,0,0
BRDA:25,2,0,0
BRDA:31,3,0,0
BRDA:44,4,0,0
BRDA:47,5,0,0
BRDA:53,6,0,0
BRDA:67,7,0,0
BRF:8
BRH:0
end_of_record
TN:
SF:src/controllers/user.ts
FN:5,getProfileHandler
FN:26,updateProfileHandler
FN:43,getUsersHandler
FN:76,getUserByIdHandler
FN:96,updateUserRoleHandler
FN:111,updatePreferencesHandler
FNF:6
FNH:0
FNDA:0,getProfileHandler
FNDA:0,updateProfileHandler
FNDA:0,getUsersHandler
FNDA:0,getUserByIdHandler
FNDA:0,updateUserRoleHandler
FNDA:0,updatePreferencesHandler
DA:2,0
DA:3,0
DA:5,0
DA:6,0
DA:7,0
DA:9,0
DA:19,0
DA:20,0
DA:22,0
DA:26,0
DA:27,0
DA:28,0
DA:30,0
DA:31,0
DA:37,0
DA:39,0
DA:43,0
DA:44,0
DA:45,0
DA:46,0
DA:47,0
DA:48,0
DA:50,0
DA:51,0
DA:52,0
DA:54,0
DA:70,0
DA:72,0
DA:76,0
DA:77,0
DA:78,0
DA:89,0
DA:90,0
DA:92,0
DA:96,0
DA:97,0
DA:98,0
DA:99,0
DA:105,0
DA:107,0
DA:111,0
DA:112,0
DA:113,0
DA:115,0
DA:116,0
DA:118,0
DA:119,0
DA:121,0
DA:122,0
DA:125,0
DA:131,0
DA:133,0
LF:52
LH:0
BRDA:7,0,0,0
BRDA:19,1,0,0
BRDA:28,2,0,0
BRDA:45,3,0,0
BRDA:45,3,1,0
BRDA:46,4,0,0
BRDA:46,4,1,0
BRDA:51,5,0,0
BRDA:52,6,0,0
BRDA:89,7,0,0
BRDA:113,8,0,0
BRDA:118,9,0,0
BRDA:118,10,0,0
BRDA:118,10,1,0
BRDA:121,11,0,0
BRDA:121,12,0,0
BRDA:121,12,1,0
BRF:17
BRH:0
end_of_record
TN:
SF:src/i18n/index.ts
FN:12,detectLocale
FN:29,t
FN:45,(anonymous_3)
FN:53,getFallback
FN:63,tMiddleware
FN:66,(anonymous_6)
FN:70,getT
FN:71,(anonymous_8)
FNF:8
FNH:0
FNDA:0,detectLocale
FNDA:0,t
FNDA:0,(anonymous_3)
FNDA:0,getFallback
FNDA:0,tMiddleware
FNDA:0,(anonymous_6)
FNDA:0,getT
FNDA:0,(anonymous_8)
DA:2,0
DA:3,0
DA:4,0
DA:9,0
DA:10,0
DA:13,0
DA:14,0
DA:16,0
DA:17,0
DA:20,0
DA:21,0
DA:23,0
DA:24,0
DA:26,0
DA:30,0
DA:31,0
DA:33,0
DA:34,0
DA:35,0
DA:36,0
DA:38,0
DA:41,0
DA:43,0
DA:44,0
DA:45,0
DA:50,0
DA:54,0
DA:55,0
DA:56,0
DA:57,0
DA:58,0
DA:60,0
DA:63,0
DA:64,0
DA:65,0
DA:66,0
DA:67,0
DA:70,0
DA:71,0
DA:74,0
LF:40
LH:0
BRDA:13,0,0,0
BRDA:13,0,1,0
BRDA:13,0,2,0
BRDA:14,1,0,0
BRDA:14,1,1,0
BRDA:17,2,0,0
BRDA:21,3,0,0
BRDA:21,4,0,0
BRDA:21,4,1,0
BRDA:24,5,0,0
BRDA:24,6,0,0
BRDA:24,6,1,0
BRDA:34,7,0,0
BRDA:41,8,0,0
BRDA:43,9,0,0
BRDA:57,10,0,0
BRDA:60,11,0,0
BRDA:60,11,1,0
BRDA:71,12,0,0
BRDA:71,12,1,0
BRF:20
BRH:0
end_of_record
TN:
SF:src/jobs/dailyReport.ts
FN:4,generateDailyReport
FNF:1
FNH:0
FNDA:0,generateDailyReport
DA:1,0
DA:2,0
DA:4,0
DA:5,0
DA:6,0
DA:7,0
DA:8,0
DA:10,0
DA:15,0
DA:16,0
DA:17,0
DA:21,0
DA:29,0
DA:38,0
DA:47,0
DA:55,0
DA:64,0
DA:66,0
DA:67,0
DA:74,0
LF:20
LH:0
BRF:0
BRH:0
end_of_record
TN:
SF:src/jobs/index.ts
FN:4,getRedisConnection
FN:26,scheduleMeetingReminders
FN:41,scheduleIncreasedFrequencyReminders
FN:56,scheduleDailyReport
FN:71,scheduleOverdueConfirmations
FN:86,initializeQueueProcessors
FN:91,(anonymous_15)
FN:93,(anonymous_16)
FN:96,(anonymous_17)
FN:105,(anonymous_18)
FN:106,(anonymous_19)
FN:114,(anonymous_20)
FN:115,(anonymous_21)
FN:123,(anonymous_22)
FN:124,(anonymous_23)
FNF:15
FNH:0
FNDA:0,getRedisConnection
FNDA:0,scheduleMeetingReminders
FNDA:0,scheduleIncreasedFrequencyReminders
FNDA:0,scheduleDailyReport
FNDA:0,scheduleOverdueConfirmations
FNDA:0,initializeQueueProcessors
FNDA:0,(anonymous_15)
FNDA:0,(anonymous_16)
FNDA:0,(anonymous_17)
FNDA:0,(anonymous_18)
FNDA:0,(anonymous_19)
FNDA:0,(anonymous_20)
FNDA:0,(anonymous_21)
FNDA:0,(anonymous_22)
FNDA:0,(anonymous_23)
DA:1,0
DA:2,0
DA:5,0
DA:6,0
DA:7,0
DA:10,0
DA:14,0
DA:18,0
DA:22,0
DA:26,0
DA:27,0
DA:38,0
DA:41,0
DA:42,0
DA:53,0
DA:56,0
DA:57,0
DA:68,0
DA:71,0
DA:72,0
DA:83,0
DA:86,0
DA:87,0
DA:89,0
DA:92,0
DA:93,0
DA:94,0
DA:95,0
DA:96,0
DA:97,0
DA:103,0
DA:106,0
DA:107,0
DA:112,0
DA:115,0
DA:116,0
DA:121,0
DA:124,0
DA:125,0
DA:130,0
DA:131,0
DA:132,0
DA:133,0
DA:135,0
LF:44
LH:0
BRDA:6,0,0,0
BRDA:92,1,0,0
BRDA:92,1,1,0
BRDA:95,2,0,0
BRF:4
BRH:0
end_of_record
TN:
SF:src/jobs/meetingReminders.ts
FN:6,sendMeetingReminders
FN:52,sendHighFrequencyReminders
FNF:2
FNH:0
FNDA:0,sendMeetingReminders
FNDA:0,sendHighFrequencyReminders
DA:1,0
DA:2,0
DA:3,0
DA:4,0
DA:6,0
DA:7,0
DA:8,0
DA:9,0
DA:11,0
DA:31,0
DA:32,0
DA:33,0
DA:35,0
DA:37,0
DA:43,0
DA:44,0
DA:46,0
DA:52,0
DA:53,0
DA:54,0
DA:56,0
DA:76,0
DA:77,0
DA:78,0
DA:79,0
DA:83,0
DA:85,0
LF:27
LH:0
BRF:0
BRH:0
end_of_record
TN:
SF:src/jobs/overdueConfirmations.ts
FN:5,checkOverdueConfirmations
FNF:1
FNH:0
FNDA:0,checkOverdueConfirmations
DA:1,0
DA:2,0
DA:3,0
DA:5,0
DA:6,0
DA:7,0
DA:9,0
DA:24,0
DA:25,0
DA:26,0
DA:28,0
DA:34,0
DA:35,0
DA:40,0
LF:14
LH:0
BRF:0
BRH:0
end_of_record
TN:
SF:src/jobs/smsRetry.ts
FN:10,retryFailedSMS
FN:22,(anonymous_10)
FNF:2
FNH:0
FNDA:0,retryFailedSMS
FNDA:0,(anonymous_10)
DA:1,0
DA:10,0
DA:11,0
DA:12,0
DA:13,0
DA:16,0
DA:17,0
DA:18,0
DA:20,0
DA:22,0
DA:23,0
LF:11
LH:0
BRDA:11,0,0,0
BRF:1
BRH:0
end_of_record
TN:
SF:src/middleware/audit.ts
FN:7,getLastAuditHash
FN:15,calculateHash
FN:20,createAuditLog
FN:59,auditMiddleware
FN:60,(anonymous_5)
FN:62,(anonymous_6)
FN:82,verifyAuditChain
FNF:7
FNH:0
FNDA:0,getLastAuditHash
FNDA:0,calculateHash
FNDA:0,createAuditLog
FNDA:0,auditMiddleware
FNDA:0,(anonymous_5)
FNDA:0,(anonymous_6)
FNDA:0,verifyAuditChain
DA:2,0
DA:3,0
DA:8,0
DA:12,0
DA:16,0
DA:17,0
DA:20,0
DA:30,0
DA:31,0
DA:32,0
DA:38,0
DA:40,0
DA:55,0
DA:59,0
DA:60,0
DA:61,0
DA:62,0
DA:63,0
DA:64,0
DA:65,0
DA:76,0
DA:78,0
DA:82,0
DA:83,0
DA:88,0
DA:89,0
DA:91,0
DA:92,0
DA:94,0
DA:95,0
DA:98,0
DA:104,0
DA:106,0
DA:107,0
DA:110,0
DA:113,0
LF:36
LH:0
BRDA:12,0,0,0
BRDA:12,0,1,0
BRDA:16,1,0,0
BRDA:16,1,1,0
BRDA:63,2,0,0
BRDA:64,3,0,0
BRDA:64,3,1,0
BRDA:94,4,0,0
BRDA:102,5,0,0
BRDA:102,5,1,0
BRDA:106,6,0,0
BRF:11
BRH:0
end_of_record
TN:
SF:src/middleware/auth.ts
FN:27,authenticate
FN:63,authorize
FN:64,(anonymous_3)
FN:77,authorizePermission
FN:78,(anonymous_5)
FNF:5
FNH:0
FNDA:0,authenticate
FNDA:0,authorize
FNDA:0,(anonymous_3)
FNDA:0,authorizePermission
FNDA:0,(anonymous_5)
DA:2,0
DA:3,0
DA:4,0
DA:5,0
DA:6,0
DA:27,0
DA:28,0
DA:29,0
DA:30,0
DA:31,0
DA:34,0
DA:35,0
DA:37,0
DA:38,0
DA:41,0
DA:46,0
DA:47,0
DA:50,0
DA:51,0
DA:53,0
DA:54,0
DA:55,0
DA:56,0
DA:58,0
DA:63,0
DA:64,0
DA:65,0
DA:66,0
DA:67,0
DA:69,0
DA:70,0
DA:71,0
DA:73,0
DA:77,0
DA:78,0
DA:79,0
DA:80,0
DA:81,0
DA:82,0
DA:85,0
DA:86,0
DA:87,0
DA:90,0
DA:98,0
DA:99,0
DA:100,0
DA:103,0
DA:105,0
LF:48
LH:0
BRDA:30,0,0,0
BRDA:30,1,0,0
BRDA:30,1,1,0
BRDA:37,2,0,0
BRDA:46,3,0,0
BRDA:46,4,0,0
BRDA:46,4,1,0
BRDA:53,5,0,0
BRDA:53,5,1,0
BRDA:55,6,0,0
BRDA:55,6,1,0
BRDA:65,7,0,0
BRDA:69,8,0,0
BRDA:69,9,0,0
BRDA:69,9,1,0
BRDA:80,10,0,0
BRDA:85,11,0,0
BRDA:98,12,0,0
BRF:18
BRH:0
end_of_record
TN:
SF:src/middleware/cache.ts
FN:9,(anonymous_0)
FN:9,(anonymous_1)
FN:15,cacheMiddleware
FN:19,(anonymous_3)
FN:32,(anonymous_4)
FNF:5
FNH:0
FNDA:0,(anonymous_0)
FNDA:0,(anonymous_1)
FNDA:0,cacheMiddleware
FNDA:0,(anonymous_3)
FNDA:0,(anonymous_4)
DA:2,0
DA:9,0
DA:10,0
DA:11,0
DA:12,0
DA:15,0
DA:16,0
DA:17,0
DA:19,0
DA:20,0
DA:22,0
DA:23,0
DA:25,0
DA:26,0
DA:27,0
DA:28,0
DA:31,0
DA:32,0
DA:33,0
DA:34,0
DA:37,0
LF:21
LH:0
BRDA:10,0,0,0
BRDA:10,0,1,0
BRDA:15,1,0,0
BRDA:17,2,0,0
BRDA:17,2,1,0
BRDA:20,3,0,0
BRDA:26,4,0,0
BRF:7
BRH:0
end_of_record
TN:
SF:src/middleware/errorHandler.ts
FN:10,(anonymous_0)
FN:20,(anonymous_1)
FN:26,(anonymous_2)
FN:32,(anonymous_3)
FN:40,(anonymous_4)
FN:47,(anonymous_5)
FN:52,errorHandler
FN:68,(anonymous_7)
FNF:8
FNH:0
FNDA:0,(anonymous_0)
FNDA:0,(anonymous_1)
FNDA:0,(anonymous_2)
FNDA:0,(anonymous_3)
FNDA:0,(anonymous_4)
FNDA:0,(anonymous_5)
FNDA:0,errorHandler
FNDA:0,(anonymous_7)
DA:2,0
DA:3,0
DA:5,0
DA:11,0
DA:12,0
DA:13,0
DA:14,0
DA:15,0
DA:19,0
DA:21,0
DA:25,0
DA:27,0
DA:31,0
DA:33,0
DA:37,0
DA:41,0
DA:42,0
DA:46,0
DA:48,0
DA:52,0
DA:53,0
DA:55,0
DA:56,0
DA:63,0
DA:66,0
DA:67,0
DA:68,0
DA:69,0
DA:70,0
DA:71,0
DA:73,0
DA:80,0
DA:83,0
DA:84,0
DA:85,0
DA:86,0
DA:92,0
DA:94,0
DA:95,0
DA:101,0
DA:105,0
LF:41
LH:0
BRDA:10,0,0,0
BRDA:20,1,0,0
BRDA:26,2,0,0
BRDA:32,3,0,0
BRDA:47,4,0,0
BRDA:55,5,0,0
BRDA:60,6,0,0
BRDA:60,6,1,0
BRDA:66,7,0,0
BRDA:70,8,0,0
BRDA:83,9,0,0
BRDA:84,10,0,0
BRDA:85,11,0,0
BRDA:85,11,1,0
BRDA:94,12,0,0
BRF:15
BRH:0
end_of_record
TN:
SF:src/middleware/maintenance.ts
FN:6,isMaintenanceMode
FN:17,setMaintenanceMode
FN:31,getMaintenanceMessage
FN:42,maintenanceMiddleware
FNF:4
FNH:0
FNDA:0,isMaintenanceMode
FNDA:0,setMaintenanceMode
FNDA:0,getMaintenanceMessage
FNDA:0,maintenanceMiddleware
DA:2,0
DA:4,0
DA:6,0
DA:7,0
DA:8,0
DA:9,0
DA:10,0
DA:11,0
DA:13,0
DA:17,0
DA:18,0
DA:19,0
DA:20,0
DA:21,0
DA:22,0
DA:23,0
DA:26,0
DA:27,0
DA:31,0
DA:32,0
DA:33,0
DA:34,0
DA:35,0
DA:36,0
DA:38,0
DA:42,0
DA:43,0
DA:44,0
DA:47,0
DA:48,0
DA:50,0
DA:51,0
DA:53,0
DA:54,0
LF:34
LH:0
BRDA:9,0,0,0
BRDA:19,1,0,0
BRDA:20,2,0,0
BRDA:20,2,1,0
BRDA:22,3,0,0
BRDA:34,4,0,0
BRDA:36,5,0,0
BRDA:36,5,1,0
BRDA:43,6,0,0
BRDA:43,7,0,0
BRDA:43,7,1,0
BRDA:43,7,2,0
BRDA:48,8,0,0
BRDA:51,9,0,0
BRF:14
BRH:0
end_of_record
TN:
SF:src/middleware/rateLimiter.ts
FNF:0
FNH:0
DA:1,0
DA:3,0
DA:12,0
DA:20,0
DA:28,0
DA:36,0
LF:6
LH:0
BRF:0
BRH:0
end_of_record
TN:
SF:src/middleware/sanitize.ts
FN:5,sanitizeInput
FN:15,stripSensitiveFields
FN:17,(anonymous_2)
FN:28,sanitizeHTML
FN:35,sanitizeObjectValues
FNF:5
FNH:0
FNDA:0,sanitizeInput
FNDA:0,stripSensitiveFields
FNDA:0,(anonymous_2)
FNDA:0,sanitizeHTML
FNDA:0,sanitizeObjectValues
DA:3,0
DA:5,0
DA:6,0
DA:7,0
DA:9,0
DA:10,0
DA:12,0
DA:16,0
DA:17,0
DA:18,0
DA:19,0
DA:20,0
DA:25,0
DA:26,0
DA:28,0
DA:29,0
DA:30,0
DA:32,0
DA:36,0
DA:37,0
DA:38,0
DA:41,0
DA:42,0
LF:23
LH:0
BRDA:6,0,0,0
BRDA:6,1,0,0
BRDA:6,1,1,0
BRDA:9,2,0,0
BRDA:9,3,0,0
BRDA:9,3,1,0
BRDA:17,4,0,0
BRDA:17,4,1,0
BRDA:19,5,0,0
BRDA:19,6,0,0
BRDA:19,6,1,0
BRDA:29,7,0,0
BRDA:29,8,0,0
BRDA:29,8,1,0
BRDA:37,9,0,0
BRDA:37,9,1,0
BRDA:41,10,0,0
BRDA:41,11,0,0
BRDA:41,11,1,0
BRF:19
BRH:0
end_of_record
TN:
SF:src/middleware/security.ts
FN:3,noSniffMiddleware
FN:8,noOpenMiddleware
FN:13,frameGuardMiddleware
FN:18,hstsMiddleware
FN:25,cspMiddleware
FN:39,referrerPolicyMiddleware
FN:44,permissionsPolicyMiddleware
FN:53,originCheckMiddleware
FN:54,(anonymous_8)
FN:64,bodySizeLimiter
FN:65,(anonymous_10)
FNF:11
FNH:0
FNDA:0,noSniffMiddleware
FNDA:0,noOpenMiddleware
FNDA:0,frameGuardMiddleware
FNDA:0,hstsMiddleware
FNDA:0,cspMiddleware
FNDA:0,referrerPolicyMiddleware
FNDA:0,permissionsPolicyMiddleware
FNDA:0,originCheckMiddleware
FNDA:0,(anonymous_8)
FNDA:0,bodySizeLimiter
FNDA:0,(anonymous_10)
DA:3,0
DA:4,0
DA:5,0
DA:8,0
DA:9,0
DA:10,0
DA:13,0
DA:14,0
DA:15,0
DA:18,0
DA:19,0
DA:20,0
DA:22,0
DA:25,0
DA:26,0
DA:36,0
DA:39,0
DA:40,0
DA:41,0
DA:44,0
DA:45,0
DA:50,0
DA:53,0
DA:54,0
DA:55,0
DA:56,0
DA:57,0
DA:58,0
DA:60,0
DA:64,0
DA:65,0
DA:66,0
DA:67,0
DA:68,0
DA:69,0
DA:71,0
LF:36
LH:0
BRDA:19,0,0,0
BRDA:56,1,0,0
BRDA:56,2,0,0
BRDA:56,2,1,0
BRDA:56,2,2,0
BRDA:66,3,0,0
BRDA:66,3,1,0
BRDA:67,4,0,0
BRF:8
BRH:0
end_of_record
TN:
SF:src/middleware/upload.ts
FN:16,(anonymous_1)
FN:38,(anonymous_2)
FN:53,(anonymous_3)
FNF:3
FNH:0
FNDA:0,(anonymous_1)
FNDA:0,(anonymous_2)
FNDA:0,(anonymous_3)
DA:1,0
DA:3,0
DA:5,0
DA:6,0
DA:8,0
DA:10,0
DA:17,0
DA:18,0
DA:20,0
DA:29,0
DA:30,0
DA:32,0
DA:39,0
DA:40,0
DA:42,0
DA:47,0
DA:54,0
DA:55,0
DA:57,0
LF:19
LH:0
BRDA:17,0,0,0
BRDA:17,0,1,0
BRDA:39,1,0,0
BRDA:39,1,1,0
BRDA:39,2,0,0
BRDA:39,2,1,0
BRDA:54,3,0,0
BRDA:54,3,1,0
BRF:8
BRH:0
end_of_record
TN:
SF:src/middleware/validate.ts
FN:6,validate
FN:7,(anonymous_1)
FN:15,(anonymous_2)
FNF:3
FNH:0
FNDA:0,validate
FNDA:0,(anonymous_1)
FNDA:0,(anonymous_2)
DA:2,0
DA:6,0
DA:7,0
DA:8,0
DA:9,0
DA:10,0
DA:11,0
DA:13,0
DA:14,0
DA:15,0
DA:16,0
DA:17,0
DA:18,0
DA:20,0
DA:27,0
DA:29,0
LF:16
LH:0
BRDA:6,0,0,0
BRDA:13,1,0,0
BRDA:17,2,0,0
BRF:3
BRH:0
end_of_record
TN:
SF:src/routes/admin.ts
FN:21,(anonymous_0)
FN:27,(anonymous_1)
FNF:2
FNH:0
FNDA:0,(anonymous_0)
FNDA:0,(anonymous_1)
DA:1,0
DA:2,0
DA:3,0
DA:4,0
DA:14,0
DA:15,0
DA:17,0
DA:19,0
DA:20,0
DA:21,0
DA:22,0
DA:23,0
DA:24,0
DA:25,0
DA:27,0
DA:28,0
DA:29,0
DA:30,0
DA:31,0
DA:32,0
DA:34,0
DA:35,0
DA:36,0
DA:37,0
DA:38,0
DA:39,0
DA:40,0
LF:27
LH:0
BRDA:31,0,0,0
BRDA:31,0,1,0
BRF:2
BRH:0
end_of_record
TN:
SF:src/routes/apiKey.ts
FN:7,(anonymous_0)
FN:21,(anonymous_1)
FN:28,(anonymous_2)
FNF:3
FNH:0
FNDA:0,(anonymous_0)
FNDA:0,(anonymous_1)
FNDA:0,(anonymous_2)
DA:1,0
DA:2,0
DA:3,0
DA:5,0
DA:7,0
DA:8,0
DA:9,0
DA:10,0
DA:17,0
DA:18,0
DA:21,0
DA:22,0
DA:23,0
DA:24,0
DA:25,0
DA:28,0
DA:29,0
DA:30,0
DA:31,0
DA:32,0
DA:33,0
LF:21
LH:0
BRDA:15,0,0,0
BRDA:15,0,1,0
BRDA:31,1,0,0
BRF:3
BRH:0
end_of_record
TN:
SF:src/routes/attendance.ts
FNF:0
FNH:0
DA:1,0
DA:2,0
DA:3,0
DA:4,0
DA:5,0
DA:6,0
DA:7,0
DA:9,0
DA:17,0
DA:23,0
DA:25,0
DA:34,0
DA:41,0
DA:42,0
DA:43,0
DA:44,0
LF:16
LH:0
BRF:0
BRH:0
end_of_record
TN:
SF:src/routes/audit.ts
FNF:0
FNH:0
DA:1,0
DA:2,0
DA:3,0
DA:5,0
DA:7,0
DA:8,0
LF:6
LH:0
BRF:0
BRH:0
end_of_record
TN:
SF:src/routes/auth.ts
FNF:0
FNH:0
DA:1,0
DA:2,0
DA:3,0
DA:4,0
DA:6,0
DA:28,0
DA:52,0
DA:75,0
DA:89,0
LF:9
LH:0
BRF:0
BRH:0
end_of_record
TN:
SF:src/routes/calendar.ts
FN:8,(anonymous_0)
FN:19,(anonymous_1)
FNF:2
FNH:0
FNDA:0,(anonymous_0)
FNDA:0,(anonymous_1)
DA:1,0
DA:2,0
DA:3,0
DA:4,0
DA:6,0
DA:8,0
DA:9,0
DA:10,0
DA:11,0
DA:12,0
DA:13,0
DA:15,0
DA:19,0
DA:20,0
DA:21,0
DA:31,0
DA:32,0
DA:33,0
DA:36,0
DA:37,0
DA:39,0
DA:40,0
DA:41,0
DA:43,0
LF:24
LH:0
BRDA:31,0,0,0
BRF:1
BRH:0
end_of_record
TN:
SF:src/routes/department.ts
FNF:0
FNH:0
DA:1,0
DA:2,0
DA:3,0
DA:11,0
DA:13,0
DA:14,0
DA:15,0
DA:16,0
DA:17,0
LF:9
LH:0
BRF:0
BRH:0
end_of_record
TN:
SF:src/routes/document.ts
FN:8,(anonymous_0)
FN:23,(anonymous_1)
FN:35,(anonymous_2)
FNF:3
FNH:0
FNDA:0,(anonymous_0)
FNDA:0,(anonymous_1)
FNDA:0,(anonymous_2)
DA:1,0
DA:2,0
DA:3,0
DA:6,0
DA:8,0
DA:9,0
DA:10,0
DA:11,0
DA:13,0
DA:15,0
DA:16,0
DA:17,0
DA:19,0
DA:23,0
DA:24,0
DA:25,0
DA:27,0
DA:28,0
DA:29,0
DA:31,0
DA:35,0
DA:36,0
DA:37,0
DA:38,0
DA:39,0
DA:42,0
DA:43,0
DA:44,0
DA:45,0
DA:48,0
DA:57,0
DA:58,0
DA:59,0
DA:61,0
LF:34
LH:0
BRDA:10,0,0,0
BRDA:10,0,1,0
BRDA:11,1,0,0
BRDA:11,1,1,0
BRDA:37,2,0,0
BRDA:43,3,0,0
BRDA:43,4,0,0
BRDA:43,4,1,0
BRDA:43,4,2,0
BRDA:51,5,0,0
BRDA:51,5,1,0
BRDA:53,6,0,0
BRDA:53,6,1,0
BRDA:54,7,0,0
BRDA:54,7,1,0
BRF:15
BRH:0
end_of_record
TN:
SF:src/routes/faceVerification.ts
FNF:0
FNH:0
DA:1,0
DA:2,0
DA:3,0
DA:4,0
DA:6,0
DA:8,0
DA:9,0
DA:10,0
LF:8
LH:0
BRF:0
BRH:0
end_of_record
TN:
SF:src/routes/meeting.ts
FNF:0
FNH:0
DA:1,0
DA:2,0
DA:3,0
DA:5,0
DA:7,0
DA:8,0
DA:9,0
DA:10,0
DA:11,0
DA:12,0
DA:13,0
DA:14,0
DA:15,0
LF:13
LH:0
BRF:0
BRH:0
end_of_record
TN:
SF:src/routes/message.ts
FNF:0
FNH:0
DA:1,0
DA:2,0
DA:3,0
DA:11,0
DA:13,0
DA:14,0
DA:15,0
DA:16,0
DA:17,0
LF:9
LH:0
BRF:0
BRH:0
end_of_record
TN:
SF:src/routes/notification.ts
FNF:0
FNH:0
DA:1,0
DA:2,0
DA:3,0
DA:5,0
DA:7,0
DA:8,0
DA:9,0
DA:10,0
LF:8
LH:0
BRF:0
BRH:0
end_of_record
TN:
SF:src/routes/organization.ts
FNF:0
FNH:0
DA:1,0
DA:2,0
DA:3,0
DA:12,0
DA:14,0
DA:15,0
DA:16,0
DA:17,0
DA:18,0
DA:19,0
LF:10
LH:0
BRF:0
BRH:0
end_of_record
TN:
SF:src/routes/report.ts
FNF:0
FNH:0
DA:1,0
DA:2,0
DA:3,0
DA:5,0
DA:7,0
DA:8,0
LF:6
LH:0
BRF:0
BRH:0
end_of_record
TN:
SF:src/routes/retention.ts
FN:7,(anonymous_0)
FN:14,(anonymous_1)
FN:26,(anonymous_2)
FNF:3
FNH:0
FNDA:0,(anonymous_0)
FNDA:0,(anonymous_1)
FNDA:0,(anonymous_2)
DA:1,0
DA:2,0
DA:3,0
DA:5,0
DA:7,0
DA:8,0
DA:9,0
DA:10,0
DA:11,0
DA:14,0
DA:15,0
DA:16,0
DA:17,0
DA:18,0
DA:19,0
DA:21,0
DA:22,0
DA:23,0
DA:26,0
DA:27,0
DA:28,0
DA:29,0
DA:30,0
LF:23
LH:0
BRDA:17,0,0,0
BRDA:17,1,0,0
BRDA:17,1,1,0
BRF:3
BRH:0
end_of_record
TN:
SF:src/routes/session.ts
FNF:0
FNH:0
DA:1,0
DA:2,0
DA:3,0
DA:5,0
DA:7,0
DA:8,0
DA:9,0
LF:7
LH:0
BRF:0
BRH:0
end_of_record
TN:
SF:src/routes/twoFactor.ts
FNF:0
FNH:0
DA:1,0
DA:2,0
DA:3,0
DA:5,0
DA:7,0
DA:8,0
DA:9,0
DA:10,0
LF:8
LH:0
BRF:0
BRH:0
end_of_record
TN:
SF:src/routes/user.ts
FN:17,(anonymous_9)
FN:19,(anonymous_10)
FNF:2
FNH:0
FNDA:0,(anonymous_9)
FNDA:0,(anonymous_10)
DA:1,0
DA:2,0
DA:3,0
DA:4,0
DA:6,0
DA:8,0
DA:9,0
DA:10,0
DA:11,0
DA:12,0
DA:13,0
DA:15,0
DA:16,0
DA:17,0
DA:18,0
DA:19,0
DA:20,0
DA:21,0
DA:23,0
LF:19
LH:0
BRF:0
BRH:0
end_of_record
TN:
SF:src/services/apiKey.ts
FN:7,generateApiKey
FN:16,createApiKey
FN:46,validateApiKey
FN:77,listApiKeys
FN:94,revokeApiKey
FN:102,deleteApiKey
FNF:6
FNH:0
FNDA:0,generateApiKey
FNDA:0,createApiKey
FNDA:0,validateApiKey
FNDA:0,listApiKeys
FNDA:0,revokeApiKey
FNDA:0,deleteApiKey
DA:1,0
DA:2,0
DA:4,0
DA:5,0
DA:7,0
DA:8,0
DA:9,0
DA:10,0
DA:11,0
DA:13,0
DA:16,0
DA:27,0
DA:29,0
DA:43,0
DA:46,0
DA:52,0
DA:54,0
DA:59,0
DA:60,0
DA:61,0
DA:62,0
DA:64,0
DA:69,0
DA:77,0
DA:78,0
DA:94,0
DA:95,0
DA:99,0
DA:102,0
DA:103,0
DA:106,0
LF:31
LH:0
BRDA:36,0,0,0
BRDA:36,0,1,0
BRDA:37,1,0,0
BRDA:37,1,1,0
BRDA:38,2,0,0
BRDA:38,2,1,0
BRDA:59,3,0,0
BRDA:60,4,0,0
BRDA:61,5,0,0
BRDA:61,6,0,0
BRDA:61,6,1,0
BRDA:62,7,0,0
BRDA:72,8,0,0
BRDA:72,8,1,0
BRF:14
BRH:0
end_of_record
TN:
SF:src/services/appVersion.ts
FN:12,checkAppVersion
FN:49,createAppVersion
FNF:2
FNH:0
FNDA:0,checkAppVersion
FNDA:0,createAppVersion
DA:1,0
DA:12,0
DA:17,0
DA:25,0
DA:26,0
DA:36,0
DA:37,0
DA:39,0
DA:49,0
DA:59,0
LF:10
LH:0
BRDA:25,0,0,0
BRDA:37,1,0,0
BRDA:37,1,1,0
BRDA:68,2,0,0
BRDA:68,2,1,0
BRF:5
BRH:0
end_of_record
TN:
SF:src/services/attendance.ts
FN:33,processCheckIn
FN:163,processCheckOut
FN:220,getTodayAttendance
FN:237,getAttendanceHistory
FN:267,getAttendanceStats
FN:277,(anonymous_5)
FN:277,(anonymous_6)
FN:278,(anonymous_7)
FN:290,getDepartmentAttendance
FN:318,(anonymous_9)
FN:330,(anonymous_10)
FNF:11
FNH:0
FNDA:0,processCheckIn
FNDA:0,processCheckOut
FNDA:0,getTodayAttendance
FNDA:0,getAttendanceHistory
FNDA:0,getAttendanceStats
FNDA:0,(anonymous_5)
FNDA:0,(anonymous_6)
FNDA:0,(anonymous_7)
FNDA:0,getDepartmentAttendance
FNDA:0,(anonymous_9)
FNDA:0,(anonymous_10)
DA:1,0
DA:2,0
DA:3,0
DA:4,0
DA:5,0
DA:6,0
DA:7,0
DA:33,0
DA:34,0
DA:35,0
DA:37,0
DA:45,0
DA:46,0
DA:49,0
DA:59,0
DA:60,0
DA:63,0
DA:64,0
DA:65,0
DA:67,0
DA:74,0
DA:82,0
DA:83,0
DA:86,0
DA:88,0
DA:89,0
DA:100,0
DA:109,0
DA:110,0
DA:118,0
DA:119,0
DA:121,0
DA:122,0
DA:123,0
DA:124,0
DA:127,0
DA:149,0
DA:160,0
DA:163,0
DA:164,0
DA:165,0
DA:167,0
DA:175,0
DA:176,0
DA:179,0
DA:187,0
DA:188,0
DA:191,0
DA:206,0
DA:217,0
DA:220,0
DA:221,0
DA:222,0
DA:223,0
DA:224,0
DA:226,0
DA:234,0
DA:237,0
DA:244,0
DA:246,0
DA:264,0
DA:267,0
DA:268,0
DA:276,0
DA:277,0
DA:278,0
DA:279,0
DA:281,0
DA:290,0
DA:294,0
DA:295,0
DA:296,0
DA:297,0
DA:299,0
DA:309,0
DA:317,0
DA:318,0
DA:319,0
DA:320,0
DA:322,0
DA:323,0
DA:324,0
DA:325,0
DA:326,0
DA:330,0
LF:85
LH:0
BRDA:45,0,0,0
BRDA:59,1,0,0
BRDA:59,2,0,0
BRDA:59,2,1,0
BRDA:79,3,0,0
BRDA:79,3,1,0
BRDA:82,4,0,0
BRDA:82,5,0,0
BRDA:82,5,1,0
BRDA:88,6,0,0
BRDA:121,7,0,0
BRDA:122,8,0,0
BRDA:122,8,1,0
BRDA:138,9,0,0
BRDA:138,9,1,0
BRDA:175,10,0,0
BRDA:187,11,0,0
BRDA:198,12,0,0
BRDA:198,12,1,0
BRDA:199,13,0,0
BRDA:199,13,1,0
BRDA:241,14,0,0
BRDA:242,15,0,0
BRDA:278,16,0,0
BRDA:278,16,1,0
BRDA:286,17,0,0
BRDA:286,17,1,0
BRDA:319,18,0,0
BRDA:323,19,0,0
BRDA:323,19,1,0
BRDA:325,20,0,0
BRDA:332,21,0,0
BRDA:332,21,1,0
BRF:33
BRH:0
end_of_record
TN:
SF:src/services/cache.ts
FN:7,cacheKey
FN:11,getCached
FN:26,setCache
FN:39,invalidateCache
FN:59,cachedQuery
FN:60,(anonymous_5)
FNF:6
FNH:0
FNDA:0,cacheKey
FNDA:0,getCached
FNDA:0,setCache
FNDA:0,invalidateCache
FNDA:0,cachedQuery
FNDA:0,(anonymous_5)
DA:1,0
DA:2,0
DA:4,0
DA:5,0
DA:7,0
DA:8,0
DA:11,0
DA:12,0
DA:14,0
DA:15,0
DA:16,0
DA:17,0
DA:18,0
DA:19,0
DA:21,0
DA:22,0
DA:26,0
DA:27,0
DA:29,0
DA:30,0
DA:31,0
DA:32,0
DA:33,0
DA:35,0
DA:39,0
DA:40,0
DA:42,0
DA:43,0
DA:44,0
DA:45,0
DA:46,0
DA:47,0
DA:48,0
DA:49,0
DA:50,0
DA:53,0
DA:55,0
DA:59,0
DA:60,0
DA:61,0
DA:62,0
DA:63,0
DA:65,0
DA:66,0
DA:67,0
LF:45
LH:0
BRDA:4,0,0,0
BRDA:4,0,1,0
BRDA:12,1,0,0
BRDA:12,2,0,0
BRDA:12,2,1,0
BRDA:18,3,0,0
BRDA:26,4,0,0
BRDA:27,5,0,0
BRDA:27,6,0,0
BRDA:27,6,1,0
BRDA:40,7,0,0
BRDA:40,8,0,0
BRDA:40,8,1,0
BRDA:49,9,0,0
BRDA:63,10,0,0
BRF:15
BRH:0
end_of_record
TN:
SF:src/services/documentGenerator.ts
FN:11,generateAttendanceCertificate
FN:35,(anonymous_2)
FN:38,(anonymous_3)
FN:45,(anonymous_4)
FN:76,(anonymous_5)
FN:77,(anonymous_6)
FN:81,generateMeetingMinutes
FN:101,(anonymous_8)
FN:127,(anonymous_9)
FN:155,(anonymous_10)
FN:156,(anonymous_11)
FN:160,generateOrderDocument
FN:176,(anonymous_13)
FN:214,(anonymous_14)
FN:215,(anonymous_15)
FN:219,drawHeader
FN:232,formatDate
FN:238,formatTime
FN:242,getWorkingDays
FN:253,getStatusLabel
FNF:20
FNH:0
FNDA:0,generateAttendanceCertificate
FNDA:0,(anonymous_2)
FNDA:0,(anonymous_3)
FNDA:0,(anonymous_4)
FNDA:0,(anonymous_5)
FNDA:0,(anonymous_6)
FNDA:0,generateMeetingMinutes
FNDA:0,(anonymous_8)
FNDA:0,(anonymous_9)
FNDA:0,(anonymous_10)
FNDA:0,(anonymous_11)
FNDA:0,generateOrderDocument
FNDA:0,(anonymous_13)
FNDA:0,(anonymous_14)
FNDA:0,(anonymous_15)
FNDA:0,drawHeader
FNDA:0,formatDate
FNDA:0,formatTime
FNDA:0,getWorkingDays
FNDA:0,getStatusLabel
DA:1,0
DA:2,0
DA:11,0
DA:16,0
DA:32,0
DA:34,0
DA:35,0
DA:37,0
DA:38,0
DA:39,0
DA:40,0
DA:43,0
DA:44,0
DA:45,0
DA:47,0
DA:54,0
DA:55,0
DA:57,0
DA:58,0
DA:59,0
DA:60,0
DA:61,0
DA:62,0
DA:63,0
DA:64,0
DA:65,0
DA:66,0
DA:67,0
DA:69,0
DA:70,0
DA:71,0
DA:72,0
DA:74,0
DA:76,0
DA:77,0
DA:81,0
DA:84,0
DA:97,0
DA:99,0
DA:100,0
DA:101,0
DA:103,0
DA:110,0
DA:111,0
DA:113,0
DA:114,0
DA:115,0
DA:116,0
DA:117,0
DA:118,0
DA:119,0
DA:120,0
DA:121,0
DA:122,0
DA:123,0
DA:125,0
DA:126,0
DA:127,0
DA:128,0
DA:129,0
DA:132,0
DA:133,0
DA:134,0
DA:135,0
DA:136,0
DA:137,0
DA:141,0
DA:142,0
DA:143,0
DA:144,0
DA:147,0
DA:148,0
DA:149,0
DA:150,0
DA:151,0
DA:153,0
DA:155,0
DA:156,0
DA:160,0
DA:171,0
DA:172,0
DA:174,0
DA:175,0
DA:176,0
DA:178,0
DA:185,0
DA:186,0
DA:188,0
DA:189,0
DA:190,0
DA:191,0
DA:192,0
DA:194,0
DA:195,0
DA:196,0
DA:198,0
DA:199,0
DA:200,0
DA:201,0
DA:202,0
DA:203,0
DA:207,0
DA:208,0
DA:209,0
DA:210,0
DA:212,0
DA:214,0
DA:215,0
DA:220,0
DA:221,0
DA:222,0
DA:223,0
DA:224,0
DA:225,0
DA:226,0
DA:227,0
DA:228,0
DA:229,0
DA:233,0
DA:234,0
DA:235,0
DA:239,0
DA:243,0
DA:244,0
DA:245,0
DA:246,0
DA:247,0
DA:248,0
DA:250,0
DA:254,0
DA:261,0
LF:131
LH:0
BRDA:32,0,0,0
BRDA:39,1,0,0
BRDA:39,1,1,0
BRDA:58,2,0,0
BRDA:58,2,1,0
BRDA:60,3,0,0
BRDA:60,3,1,0
BRDA:66,4,0,0
BRDA:66,4,1,0
BRDA:97,5,0,0
BRDA:118,6,0,0
BRDA:119,7,0,0
BRDA:120,8,0,0
BRDA:120,9,0,0
BRDA:120,9,1,0
BRDA:122,10,0,0
BRDA:122,10,1,0
BRDA:127,11,0,0
BRDA:127,11,1,0
BRDA:129,12,0,0
BRDA:129,12,1,0
BRDA:132,13,0,0
BRDA:137,14,0,0
BRDA:137,14,1,0
BRDA:141,15,0,0
BRDA:172,16,0,0
BRDA:198,17,0,0
BRDA:247,18,0,0
BRDA:247,19,0,0
BRDA:247,19,1,0
BRDA:261,20,0,0
BRDA:261,20,1,0
BRF:32
BRH:0
end_of_record
TN:
SF:src/services/email.ts
FN:14,getTransporter
FN:36,sendEmail
FN:78,sendMeetingInvite
FN:112,sendAttendanceReport
FNF:4
FNH:0
FNDA:0,getTransporter
FNDA:0,sendEmail
FNDA:0,sendMeetingInvite
FNDA:0,sendAttendanceReport
DA:1,0
DA:2,0
DA:12,0
DA:15,0
DA:17,0
DA:18,0
DA:20,0
DA:33,0
DA:36,0
DA:37,0
DA:38,0
DA:39,0
DA:40,0
DA:43,0
DA:44,0
DA:45,0
DA:47,0
DA:58,0
DA:60,0
DA:62,0
DA:74,0
DA:78,0
DA:82,0
DA:85,0
DA:86,0
DA:88,0
DA:105,0
DA:112,0
DA:116,0
DA:118,0
DA:134,0
LF:31
LH:0
BRDA:15,0,0,0
BRDA:18,1,0,0
BRDA:22,2,0,0
BRDA:22,2,1,0
BRDA:26,3,0,0
BRDA:26,3,1,0
BRDA:38,4,0,0
BRDA:44,5,0,0
BRDA:44,5,1,0
BRDA:44,5,2,0
BRDA:96,6,0,0
BRDA:96,6,1,0
BRDA:97,7,0,0
BRDA:97,7,1,0
BRDA:98,8,0,0
BRDA:98,8,1,0
BRF:16
BRH:0
end_of_record
TN:
SF:src/services/faceVerification.ts
FN:13,averageHash
FN:18,computeImageHash
FN:26,(anonymous_3)
FN:27,(anonymous_4)
FN:32,hammingDistance
FN:46,verifyFace
FN:74,storeReferencePhoto
FN:87,getReferencePhoto
FN:99,getEncryptionKey
FN:108,encryptPhoto
FN:117,decryptPhoto
FNF:11
FNH:0
FNDA:0,averageHash
FNDA:0,computeImageHash
FNDA:0,(anonymous_3)
FNDA:0,(anonymous_4)
FNDA:0,hammingDistance
FNDA:0,verifyFace
FNDA:0,storeReferencePhoto
FNDA:0,getReferencePhoto
FNDA:0,getEncryptionKey
FNDA:0,encryptPhoto
FNDA:0,decryptPhoto
DA:1,0
DA:2,0
DA:3,0
DA:5,0
DA:14,0
DA:15,0
DA:18,0
DA:19,0
DA:25,0
DA:26,0
DA:27,0
DA:29,0
DA:32,0
DA:33,0
DA:34,0
DA:35,0
DA:37,0
DA:38,0
DA:39,0
DA:43,0
DA:46,0
DA:50,0
DA:51,0
DA:52,0
DA:54,0
DA:55,0
DA:56,0
DA:58,0
DA:66,0
DA:74,0
DA:75,0
DA:76,0
DA:78,0
DA:87,0
DA:88,0
DA:93,0
DA:95,0
DA:96,0
DA:100,0
DA:101,0
DA:102,0
DA:103,0
DA:105,0
DA:109,0
DA:110,0
DA:111,0
DA:112,0
DA:113,0
DA:114,0
DA:118,0
DA:119,0
DA:120,0
DA:121,0
DA:122,0
DA:123,0
DA:124,0
LF:56
LH:0
BRDA:5,0,0,0
BRDA:5,0,1,0
BRDA:27,1,0,0
BRDA:27,1,1,0
BRDA:37,2,0,0
BRDA:37,2,1,0
BRDA:61,3,0,0
BRDA:61,3,1,0
BRDA:93,4,0,0
BRDA:100,5,0,0
BRDA:100,5,1,0
BRDA:102,6,0,0
BRF:12
BRH:0
end_of_record
TN:
SF:src/services/ical.ts
FN:15,formatICALDate
FN:19,escapeICALText
FN:27,generateEvent
FN:54,generateCalendar
FN:71,generateMeetingEvent
FN:93,(anonymous_5)
FN:100,exportMeetingsCalendar
FN:113,(anonymous_7)
FNF:8
FNH:0
FNDA:0,formatICALDate
FNDA:0,escapeICALText
FNDA:0,generateEvent
FNDA:0,generateCalendar
FNDA:0,generateMeetingEvent
FNDA:0,(anonymous_5)
FNDA:0,exportMeetingsCalendar
FNDA:0,(anonymous_7)
DA:1,0
DA:16,0
DA:20,0
DA:28,0
DA:29,0
DA:30,0
DA:31,0
DA:32,0
DA:33,0
DA:34,0
DA:36,0
DA:37,0
DA:39,0
DA:40,0
DA:42,0
DA:43,0
DA:45,0
DA:46,0
DA:47,0
DA:50,0
DA:51,0
DA:54,0
DA:55,0
DA:56,0
DA:57,0
DA:58,0
DA:59,0
DA:60,0
DA:61,0
DA:63,0
DA:64,0
DA:67,0
DA:68,0
DA:71,0
DA:83,0
DA:85,0
DA:93,0
DA:100,0
DA:101,0
DA:113,0
DA:114,0
LF:41
LH:0
BRDA:36,0,0,0
BRDA:39,1,0,0
BRDA:42,2,0,0
BRDA:45,3,0,0
BRDA:45,3,1,0
BRDA:46,4,0,0
BRDA:46,4,1,0
BRDA:83,5,0,0
BRDA:83,5,1,0
BRDA:88,6,0,0
BRDA:88,6,1,0
BRDA:89,7,0,0
BRDA:89,7,1,0
BRDA:92,8,0,0
BRDA:92,8,1,0
BRDA:94,9,0,0
BRDA:94,9,1,0
BRDA:95,10,0,0
BRDA:95,10,1,0
BRDA:102,11,0,0
BRDA:102,11,1,0
BRF:21
BRH:0
end_of_record
TN:
SF:src/services/import.ts
FN:17,importEmployees
FN:25,(anonymous_1)
FN:69,(anonymous_2)
FN:104,parseCSV
FN:105,(anonymous_4)
FN:108,(anonymous_5)
FN:119,(anonymous_6)
FNF:7
FNH:0
FNDA:0,importEmployees
FNDA:0,(anonymous_1)
FNDA:0,(anonymous_2)
FNDA:0,parseCSV
FNDA:0,(anonymous_4)
FNDA:0,(anonymous_5)
FNDA:0,(anonymous_6)
DA:1,0
DA:17,0
DA:21,0
DA:22,0
DA:25,0
DA:27,0
DA:30,0
DA:31,0
DA:34,0
DA:35,0
DA:36,0
DA:38,0
DA:39,0
DA:40,0
DA:41,0
DA:42,0
DA:45,0
DA:46,0
DA:47,0
DA:48,0
DA:51,0
DA:52,0
DA:53,0
DA:54,0
DA:55,0
DA:59,0
DA:60,0
DA:61,0
DA:62,0
DA:63,0
DA:64,0
DA:66,0
DA:69,0
DA:70,0
DA:81,0
DA:82,0
DA:94,0
DA:96,0
DA:97,0
DA:101,0
DA:104,0
DA:105,0
DA:106,0
DA:108,0
DA:109,0
DA:110,0
DA:111,0
DA:112,0
DA:113,0
DA:115,0
DA:117,0
DA:118,0
DA:119,0
DA:120,0
DA:122,0
DA:131,0
LF:56
LH:0
BRDA:30,0,0,0
BRDA:39,1,0,0
BRDA:39,2,0,0
BRDA:39,2,1,0
BRDA:45,3,0,0
BRDA:45,4,0,0
BRDA:45,4,1,0
BRDA:52,5,0,0
BRDA:59,6,0,0
BRDA:61,7,0,0
BRDA:86,8,0,0
BRDA:86,8,1,0
BRDA:87,9,0,0
BRDA:87,9,1,0
BRDA:97,10,0,0
BRDA:97,10,1,0
BRDA:106,11,0,0
BRDA:109,12,0,0
BRDA:109,12,1,0
BRDA:109,12,2,0
BRDA:109,12,3,0
BRDA:110,13,0,0
BRDA:110,13,1,0
BRDA:110,13,2,0
BRDA:110,13,3,0
BRDA:111,14,0,0
BRDA:111,14,1,0
BRDA:111,14,2,0
BRDA:111,14,3,0
BRDA:112,15,0,0
BRDA:112,15,1,0
BRDA:112,15,2,0
BRDA:113,16,0,0
BRDA:113,16,1,0
BRDA:115,17,0,0
BRDA:115,18,0,0
BRDA:115,18,1,0
BRDA:120,19,0,0
BRDA:125,20,0,0
BRDA:125,20,1,0
BRDA:126,21,0,0
BRDA:126,21,1,0
BRDA:127,22,0,0
BRDA:127,22,1,0
BRF:44
BRH:0
end_of_record
TN:
SF:src/services/jwt.ts
FN:13,generateTokenPair
FN:57,verifyRefreshToken
FN:61,parseDuration
FNF:3
FNH:0
FNDA:0,generateTokenPair
FNDA:0,verifyRefreshToken
FNDA:0,parseDuration
DA:1,0
DA:2,0
DA:3,0
DA:13,0
DA:22,0
DA:24,0
DA:39,0
DA:51,0
DA:52,0
DA:54,0
DA:57,0
DA:58,0
DA:62,0
DA:63,0
DA:65,0
DA:66,0
DA:68,0
DA:69,0
DA:70,0
DA:71,0
DA:72,0
DA:73,0
LF:22
LH:0
BRDA:63,0,0,0
BRDA:68,1,0,0
BRDA:68,1,1,0
BRDA:68,1,2,0
BRDA:68,1,3,0
BRDA:68,1,4,0
BRF:6
BRH:0
end_of_record
TN:
SF:src/services/meeting.ts
FN:28,createMeeting
FN:47,(anonymous_1)
FN:54,(anonymous_2)
FN:145,confirmParticipation
FN:174,cancelMeeting
FN:193,(anonymous_5)
FN:194,(anonymous_6)
FN:212,getEmployeeMeetings
FN:237,(anonymous_8)
FN:244,getPendingMeetings
FNF:10
FNH:0
FNDA:0,createMeeting
FNDA:0,(anonymous_1)
FNDA:0,(anonymous_2)
FNDA:0,confirmParticipation
FNDA:0,cancelMeeting
FNDA:0,(anonymous_5)
FNDA:0,(anonymous_6)
FNDA:0,getEmployeeMeetings
FNDA:0,(anonymous_8)
FNDA:0,getPendingMeetings
DA:1,0
DA:2,0
DA:3,0
DA:4,0
DA:5,0
DA:6,0
DA:28,0
DA:29,0
DA:47,0
DA:54,0
DA:81,0
DA:89,0
DA:100,0
DA:101,0
DA:103,0
DA:115,0
DA:116,0
DA:118,0
DA:121,0
DA:128,0
DA:133,0
DA:142,0
DA:145,0
DA:146,0
DA:150,0
DA:151,0
DA:154,0
DA:155,0
DA:158,0
DA:163,0
DA:171,0
DA:174,0
DA:175,0
DA:182,0
DA:183,0
DA:184,0
DA:187,0
DA:192,0
DA:193,0
DA:194,0
DA:196,0
DA:202,0
DA:212,0
DA:213,0
DA:214,0
DA:216,0
DA:237,0
DA:244,0
DA:245,0
LF:49
LH:0
BRDA:40,0,0,0
BRDA:40,0,1,0
BRDA:45,1,0,0
BRDA:45,1,1,0
BRDA:52,2,0,0
BRDA:52,2,1,0
BRDA:150,3,0,0
BRDA:154,4,0,0
BRDA:182,5,0,0
BRDA:183,6,0,0
BRDA:214,7,0,0
BRF:11
BRH:0
end_of_record
TN:
SF:src/services/messaging.ts
FN:11,sendMessage
FN:35,getConversations
FN:80,(anonymous_2)
FN:87,getMessages
FN:120,getUnreadCount
FN:126,deleteMessage
FNF:6
FNH:0
FNDA:0,sendMessage
FNDA:0,getConversations
FNDA:0,(anonymous_2)
FNDA:0,getMessages
FNDA:0,getUnreadCount
FNDA:0,deleteMessage
DA:1,0
DA:2,0
DA:11,0
DA:12,0
DA:25,0
DA:32,0
DA:35,0
DA:36,0
DA:41,0
DA:42,0
DA:43,0
DA:44,0
DA:47,0
DA:49,0
DA:54,0
DA:55,0
DA:56,0
DA:67,0
DA:71,0
DA:80,0
DA:81,0
DA:82,0
DA:83,0
DA:87,0
DA:93,0
DA:108,0
DA:117,0
DA:120,0
DA:121,0
DA:126,0
DA:127,0
DA:130,0
LF:32
LH:0
BRDA:17,0,0,0
BRDA:17,0,1,0
BRDA:43,1,0,0
BRDA:44,2,0,0
BRDA:47,3,0,0
BRDA:74,4,0,0
BRDA:74,4,1,0
BRDA:75,5,0,0
BRDA:75,5,1,0
BRDA:81,6,0,0
BRDA:81,6,1,0
BRDA:82,7,0,0
BRDA:82,7,1,0
BRDA:90,8,0,0
BRDA:91,9,0,0
BRF:15
BRH:0
end_of_record
TN:
SF:src/services/metrics.ts
FN:52,metricsMiddleware
FN:58,(anonymous_2)
FN:70,metricsHandler
FN:75,trackDbQuery
FN:79,trackRedisOperation
FN:83,setQueueMetrics
FNF:6
FNH:0
FNDA:0,metricsMiddleware
FNDA:0,(anonymous_2)
FNDA:0,metricsHandler
FNDA:0,trackDbQuery
FNDA:0,trackRedisOperation
FNDA:0,setQueueMetrics
DA:2,0
DA:3,0
DA:5,0
DA:7,0
DA:9,0
DA:16,0
DA:22,0
DA:27,0
DA:33,0
DA:39,0
DA:45,0
DA:46,0
DA:47,0
DA:48,0
DA:49,0
DA:50,0
DA:52,0
DA:53,0
DA:55,0
DA:56,0
DA:58,0
DA:59,0
DA:60,0
DA:62,0
DA:63,0
DA:64,0
DA:67,0
DA:70,0
DA:71,0
DA:72,0
DA:75,0
DA:76,0
DA:79,0
DA:80,0
DA:83,0
DA:84,0
DA:85,0
DA:86,0
DA:87,0
DA:88,0
DA:89,0
DA:95,0
LF:42
LH:0
BRDA:53,0,0,0
BRDA:60,1,0,0
BRDA:60,1,1,0
BRDA:89,2,0,0
BRDA:89,2,1,0
BRF:5
BRH:0
end_of_record
TN:
SF:src/services/notification.ts
FN:15,sendPushNotification
FN:108,sendBulkPushNotification
FN:112,(anonymous_3)
FNF:3
FNH:0
FNDA:0,sendPushNotification
FNDA:0,sendBulkPushNotification
FNDA:0,(anonymous_3)
DA:1,0
DA:2,0
DA:3,0
DA:4,0
DA:15,0
DA:19,0
DA:20,0
DA:24,0
DA:25,0
DA:27,0
DA:36,0
DA:47,0
DA:59,0
DA:60,0
DA:75,0
DA:77,0
DA:78,0
DA:79,0
DA:85,0
DA:90,0
DA:96,0
DA:97,0
DA:104,0
DA:108,0
DA:112,0
DA:113,0
LF:26
LH:0
BRDA:25,0,0,0
BRDA:38,1,0,0
BRDA:38,1,1,0
BRDA:68,2,0,0
BRDA:68,2,1,0
BRDA:77,3,0,0
BRDA:77,3,1,0
BRDA:78,4,0,0
BRDA:87,5,0,0
BRDA:87,5,1,0
BRF:10
BRH:0
end_of_record
TN:
SF:src/services/otp.ts
FN:11,generateOTP
FN:20,hashOTP
FN:24,requestOTP
FN:73,verifyOTP
FNF:4
FNH:0
FNDA:0,generateOTP
FNDA:0,hashOTP
FNDA:0,requestOTP
FNDA:0,verifyOTP
DA:1,0
DA:2,0
DA:3,0
DA:4,0
DA:6,0
DA:7,0
DA:8,0
DA:9,0
DA:12,0
DA:13,0
DA:14,0
DA:15,0
DA:17,0
DA:21,0
DA:24,0
DA:25,0
DA:26,0
DA:27,0
DA:30,0
DA:38,0
DA:39,0
DA:40,0
DA:41,0
DA:48,0
DA:49,0
DA:50,0
DA:52,0
DA:57,0
DA:66,0
DA:67,0
DA:69,0
DA:73,0
DA:74,0
DA:75,0
DA:77,0
DA:87,0
DA:88,0
DA:91,0
DA:92,0
DA:93,0
DA:98,0
DA:99,0
DA:106,0
DA:113,0
DA:116,0
DA:121,0
LF:46
LH:0
BRDA:26,0,0,0
BRDA:38,1,0,0
BRDA:87,2,0,0
BRDA:91,3,0,0
BRDA:98,4,0,0
BRF:5
BRH:0
end_of_record
TN:
SF:src/services/prisma.ts
FNF:0
FNH:0
DA:1,0
DA:3,0
DA:5,0
DA:9,0
LF:4
LH:0
BRDA:5,0,0,0
BRDA:5,0,1,0
BRDA:6,1,0,0
BRDA:6,1,1,0
BRDA:9,2,0,0
BRF:5
BRH:0
end_of_record
TN:
SF:src/services/qrcode.ts
FN:14,generateQRToken
FN:22,verifyQRToken
FN:32,generateQRDataURL
FN:41,generateQRBuffer
FNF:4
FNH:0
FNDA:0,generateQRToken
FNDA:0,verifyQRToken
FNDA:0,generateQRDataURL
FNDA:0,generateQRBuffer
DA:1,0
DA:2,0
DA:3,0
DA:5,0
DA:14,0
DA:15,0
DA:22,0
DA:23,0
DA:24,0
DA:25,0
DA:26,0
DA:28,0
DA:32,0
DA:33,0
DA:41,0
DA:42,0
LF:16
LH:0
BRDA:5,0,0,0
BRDA:5,0,1,0
BRDA:25,1,0,0
BRF:3
BRH:0
end_of_record
TN:
SF:src/services/redis.ts
FN:6,initializeRedis
FN:10,(anonymous_2)
FN:16,(anonymous_3)
FN:20,(anonymous_4)
FN:25,getRedis
FN:30,(anonymous_6)
FN:31,(anonymous_7)
FN:32,(anonymous_8)
FN:33,(anonymous_9)
FN:34,(anonymous_10)
FN:35,(anonymous_11)
FN:36,(anonymous_12)
FN:37,(anonymous_13)
FN:40,cacheSet
FN:46,cacheGet
FN:51,cacheDel
FN:57,cacheSetObject
FN:61,cacheGetObject
FN:71,blacklistToken
FN:75,isTokenBlacklisted
FNF:20
FNH:0
FNDA:0,initializeRedis
FNDA:0,(anonymous_2)
FNDA:0,(anonymous_3)
FNDA:0,(anonymous_4)
FNDA:0,getRedis
FNDA:0,(anonymous_6)
FNDA:0,(anonymous_7)
FNDA:0,(anonymous_8)
FNDA:0,(anonymous_9)
FNDA:0,(anonymous_10)
FNDA:0,(anonymous_11)
FNDA:0,(anonymous_12)
FNDA:0,(anonymous_13)
FNDA:0,cacheSet
FNDA:0,cacheGet
FNDA:0,cacheDel
FNDA:0,cacheSetObject
FNDA:0,cacheGetObject
FNDA:0,blacklistToken
FNDA:0,isTokenBlacklisted
DA:1,0
DA:2,0
DA:4,0
DA:6,0
DA:7,0
DA:11,0
DA:12,0
DA:16,0
DA:17,0
DA:20,0
DA:21,0
DA:25,0
DA:26,0
DA:29,0
DA:30,0
DA:31,0
DA:32,0
DA:33,0
DA:34,0
DA:35,0
DA:36,0
DA:37,0
DA:40,0
DA:41,0
DA:42,0
DA:43,0
DA:46,0
DA:47,0
DA:48,0
DA:51,0
DA:52,0
DA:53,0
DA:54,0
DA:57,0
DA:58,0
DA:61,0
DA:62,0
DA:63,0
DA:64,0
DA:65,0
DA:67,0
DA:71,0
DA:72,0
DA:75,0
DA:76,0
DA:77,0
LF:46
LH:0
BRDA:11,0,0,0
BRDA:30,1,0,0
BRDA:30,1,1,0
BRDA:31,2,0,0
BRDA:32,3,0,0
BRDA:33,4,0,0
BRDA:34,5,0,0
BRDA:34,5,1,0
BRDA:34,6,0,0
BRDA:34,6,1,0
BRDA:35,7,0,0
BRDA:35,7,1,0
BRDA:36,8,0,0
BRDA:37,9,0,0
BRDA:37,9,1,0
BRDA:40,10,0,0
BRDA:42,11,0,0
BRDA:48,12,0,0
BRDA:48,12,1,0
BRDA:53,13,0,0
BRDA:57,14,0,0
BRDA:63,15,0,0
BRF:22
BRH:0
end_of_record
TN:
SF:src/services/retention.ts
FN:12,applyRetentionPolicy
FN:57,(anonymous_1)
FN:61,(anonymous_2)
FN:95,updateRetentionConfig
FN:108,getRetentionConfigs
FNF:5
FNH:0
FNDA:0,applyRetentionPolicy
FNDA:0,(anonymous_1)
FNDA:0,(anonymous_2)
FNDA:0,updateRetentionConfig
FNDA:0,getRetentionConfigs
DA:1,0
DA:2,0
DA:12,0
DA:13,0
DA:21,0
DA:28,0
DA:29,0
DA:30,0
DA:32,0
DA:34,0
DA:40,0
DA:41,0
DA:45,0
DA:53,0
DA:54,0
DA:57,0
DA:60,0
DA:61,0
DA:64,0
DA:66,0
DA:70,0
DA:75,0
DA:76,0
DA:80,0
DA:86,0
DA:87,0
DA:92,0
DA:95,0
DA:101,0
DA:108,0
DA:109,0
LF:31
LH:0
BRDA:23,0,0,0
BRDA:23,0,1,0
BRDA:32,1,0,0
BRDA:32,1,1,0
BRDA:32,1,2,0
BRDA:32,1,3,0
BRDA:36,2,0,0
BRDA:36,2,1,0
BRDA:47,3,0,0
BRDA:47,3,1,0
BRDA:53,4,0,0
BRDA:99,5,0,0
BRF:12
BRH:0
end_of_record
TN:
SF:src/services/sentry.ts
FN:4,initializeSentry
FN:23,(anonymous_10)
FN:37,getSentry
FNF:3
FNH:0
FNDA:0,initializeSentry
FNDA:0,(anonymous_10)
FNDA:0,getSentry
DA:1,0
DA:2,0
DA:4,0
DA:5,0
DA:6,0
DA:7,0
DA:8,0
DA:11,0
DA:24,0
DA:25,0
DA:26,0
DA:27,0
DA:30,0
DA:34,0
DA:37,0
DA:38,0
LF:16
LH:0
BRDA:6,0,0,0
BRDA:6,1,0,0
BRDA:6,1,1,0
BRDA:13,2,0,0
BRDA:13,2,1,0
BRDA:18,3,0,0
BRDA:18,3,1,0
BRDA:19,4,0,0
BRDA:19,4,1,0
BRDA:22,5,0,0
BRDA:22,5,1,0
BRDA:24,6,0,0
BRDA:26,7,0,0
BRF:13
BRH:0
end_of_record
TN:
SF:src/services/session.ts
FN:4,createSession
FN:28,validateSession
FN:50,listSessions
FN:66,terminateSession
FN:74,terminateAllSessions
FN:86,cleanupExpiredSessions
FNF:6
FNH:0
FNDA:0,createSession
FNDA:0,validateSession
FNDA:0,listSessions
FNDA:0,terminateSession
FNDA:0,terminateAllSessions
FNDA:0,cleanupExpiredSessions
DA:1,0
DA:2,0
DA:4,0
DA:10,0
DA:11,0
DA:13,0
DA:25,0
DA:28,0
DA:29,0
DA:33,0
DA:34,0
DA:35,0
DA:39,0
DA:42,0
DA:47,0
DA:50,0
DA:51,0
DA:66,0
DA:67,0
DA:71,0
DA:74,0
DA:75,0
DA:83,0
DA:86,0
DA:87,0
DA:91,0
LF:26
LH:0
BRDA:33,0,0,0
BRDA:34,1,0,0
BRDA:79,2,0,0
BRDA:79,2,1,0
BRF:4
BRH:0
end_of_record
TN:
SF:src/services/sms.ts
FN:10,getClient
FN:21,getToken
FN:38,refreshToken
FN:47,sendSMS
FN:80,(anonymous_5)
FNF:5
FNH:0
FNDA:0,getClient
FNDA:0,getToken
FNDA:0,refreshToken
FNDA:0,sendSMS
FNDA:0,(anonymous_5)
DA:1,0
DA:2,0
DA:3,0
DA:5,0
DA:6,0
DA:11,0
DA:12,0
DA:18,0
DA:22,0
DA:23,0
DA:25,0
DA:26,0
DA:31,0
DA:32,0
DA:34,0
DA:35,0
DA:39,0
DA:40,0
DA:41,0
DA:42,0
DA:43,0
DA:44,0
DA:47,0
DA:48,0
DA:50,0
DA:51,0
DA:52,0
DA:53,0
DA:55,0
DA:65,0
DA:67,0
DA:69,0
DA:70,0
DA:71,0
DA:72,0
DA:78,0
DA:79,0
DA:80,0
DA:85,0
DA:86,0
LF:40
LH:0
BRDA:11,0,0,0
BRDA:23,1,0,0
BRDA:32,2,0,0
BRDA:42,3,0,0
BRDA:69,4,0,0
BRDA:78,5,0,0
BRF:6
BRH:0
end_of_record
TN:
SF:src/services/storage.ts
FN:10,ensureUploadDir
FN:16,encryptBuffer
FN:24,decryptBuffer
FN:32,saveSelfie
FN:53,readSelfie
FN:65,deleteSelfie
FNF:6
FNH:0
FNDA:0,ensureUploadDir
FNDA:0,encryptBuffer
FNDA:0,decryptBuffer
FNDA:0,saveSelfie
FNDA:0,readSelfie
FNDA:0,deleteSelfie
DA:1,0
DA:2,0
DA:3,0
DA:4,0
DA:6,0
DA:7,0
DA:8,0
DA:11,0
DA:12,0
DA:16,0
DA:17,0
DA:18,0
DA:19,0
DA:20,0
DA:21,0
DA:24,0
DA:25,0
DA:26,0
DA:27,0
DA:28,0
DA:29,0
DA:32,0
DA:37,0
DA:39,0
DA:40,0
DA:41,0
DA:43,0
DA:44,0
DA:46,0
DA:48,0
DA:50,0
DA:53,0
DA:54,0
DA:55,0
DA:57,0
DA:58,0
DA:59,0
DA:61,0
DA:62,0
DA:65,0
DA:66,0
DA:67,0
DA:68,0
LF:43
LH:0
BRDA:11,0,0,0
BRDA:54,1,0,0
BRDA:54,1,1,0
BRDA:66,2,0,0
BRDA:66,2,1,0
BRDA:67,3,0,0
BRF:6
BRH:0
end_of_record
TN:
SF:src/services/totp.ts
FN:6,generateBackupCodes
FN:15,enableTOTP
FN:35,verifyTOTP
FN:65,confirmTOTPEnable
FN:77,disableTOTP
FN:88,isTOTPEnabled
FN:96,generateTOTPToken
FNF:7
FNH:0
FNDA:0,generateBackupCodes
FNDA:0,enableTOTP
FNDA:0,verifyTOTP
FNDA:0,confirmTOTPEnable
FNDA:0,disableTOTP
FNDA:0,isTOTPEnabled
FNDA:0,generateTOTPToken
DA:1,0
DA:2,0
DA:4,0
DA:6,0
DA:7,0
DA:8,0
DA:9,0
DA:10,0
DA:12,0
DA:15,0
DA:16,0
DA:17,0
DA:19,0
DA:28,0
DA:35,0
DA:36,0
DA:41,0
DA:43,0
DA:44,0
DA:45,0
DA:46,0
DA:47,0
DA:48,0
DA:52,0
DA:56,0
DA:57,0
DA:58,0
DA:59,0
DA:62,0
DA:65,0
DA:66,0
DA:67,0
DA:68,0
DA:72,0
DA:74,0
DA:77,0
DA:78,0
DA:88,0
DA:89,0
DA:93,0
DA:97,0
DA:98,0
DA:99,0
DA:100,0
DA:103,0
DA:104,0
DA:105,0
DA:106,0
DA:108,0
DA:112,0
DA:113,0
LF:51
LH:0
BRDA:6,0,0,0
BRDA:41,1,0,0
BRDA:43,2,0,0
BRDA:43,3,0,0
BRDA:43,3,1,0
BRDA:45,4,0,0
BRDA:59,5,0,0
BRDA:67,6,0,0
BRDA:93,7,0,0
BRDA:93,7,1,0
BRF:10
BRH:0
end_of_record
TN:
SF:src/services/websocket.ts
FN:16,authenticate
FN:26,initializeWebSocket
FN:29,(anonymous_3)
FN:46,(anonymous_4)
FN:50,(anonymous_5)
FN:59,(anonymous_6)
FN:69,(anonymous_7)
FN:70,(anonymous_8)
FN:81,(anonymous_9)
FN:87,handleMessage
FN:121,broadcast
FN:126,(anonymous_12)
FN:133,broadcastAttendance
FN:138,broadcastMeetingUpdate
FN:142,getWSS
FNF:15
FNH:0
FNDA:0,authenticate
FNDA:0,initializeWebSocket
FNDA:0,(anonymous_3)
FNDA:0,(anonymous_4)
FNDA:0,(anonymous_5)
FNDA:0,(anonymous_6)
FNDA:0,(anonymous_7)
FNDA:0,(anonymous_8)
FNDA:0,(anonymous_9)
FNDA:0,handleMessage
FNDA:0,broadcast
FNDA:0,(anonymous_12)
FNDA:0,broadcastAttendance
FNDA:0,broadcastMeetingUpdate
FNDA:0,getWSS
DA:2,0
DA:3,0
DA:13,0
DA:14,0
DA:17,0
DA:18,0
DA:19,0
DA:20,0
DA:22,0
DA:26,0
DA:27,0
DA:29,0
DA:30,0
DA:31,0
DA:32,0
DA:34,0
DA:35,0
DA:36,0
DA:37,0
DA:40,0
DA:41,0
DA:42,0
DA:44,0
DA:46,0
DA:47,0
DA:50,0
DA:51,0
DA:52,0
DA:53,0
DA:55,0
DA:59,0
DA:60,0
DA:61,0
DA:62,0
DA:66,0
DA:69,0
DA:70,0
DA:71,0
DA:72,0
DA:73,0
DA:74,0
DA:76,0
DA:77,0
DA:81,0
DA:83,0
DA:84,0
DA:88,0
DA:90,0
DA:91,0
DA:92,0
DA:93,0
DA:94,0
DA:96,0
DA:99,0
DA:100,0
DA:101,0
DA:102,0
DA:103,0
DA:105,0
DA:108,0
DA:109,0
DA:110,0
DA:111,0
DA:112,0
DA:114,0
DA:117,0
DA:121,0
DA:122,0
DA:123,0
DA:125,0
DA:126,0
DA:127,0
DA:128,0
DA:133,0
DA:134,0
DA:135,0
DA:138,0
DA:139,0
DA:142,0
DA:143,0
LF:80
LH:0
BRDA:18,0,0,0
BRDA:18,0,1,0
BRDA:31,1,0,0
BRDA:31,1,1,0
BRDA:32,2,0,0
BRDA:32,2,1,0
BRDA:35,3,0,0
BRDA:72,4,0,0
BRDA:88,5,0,0
BRDA:88,5,1,0
BRDA:88,5,2,0
BRDA:88,5,3,0
BRDA:90,6,0,0
BRDA:92,7,0,0
BRDA:99,8,0,0
BRDA:101,9,0,0
BRDA:108,10,0,0
BRDA:108,11,0,0
BRDA:108,11,1,0
BRDA:109,12,0,0
BRDA:109,12,1,0
BRDA:110,13,0,0
BRDA:123,14,0,0
BRDA:127,15,0,0
BRF:24
BRH:0
end_of_record
TN:
SF:src/utils/envValidator.ts
FN:23,validateEnvironment
FN:53,printEnvStatus
FN:64,(anonymous_2)
FN:68,(anonymous_3)
FNF:4
FNH:0
FNDA:0,validateEnvironment
FNDA:0,printEnvStatus
FNDA:0,(anonymous_2)
FNDA:0,(anonymous_3)
DA:7,0
DA:15,0
DA:23,0
DA:24,0
DA:25,0
DA:27,0
DA:28,0
DA:29,0
DA:30,0
DA:34,0
DA:35,0
DA:36,0
DA:40,0
DA:41,0
DA:42,0
DA:43,0
DA:44,0
DA:45,0
DA:46,0
DA:50,0
DA:53,0
DA:54,0
DA:55,0
DA:56,0
DA:57,0
DA:59,0
DA:60,0
DA:62,0
DA:63,0
DA:64,0
DA:66,0
DA:67,0
DA:68,0
DA:71,0
LF:34
LH:0
BRDA:29,0,0,0
BRDA:29,1,0,0
BRDA:29,1,1,0
BRDA:35,2,0,0
BRDA:40,3,0,0
BRDA:41,4,0,0
BRDA:41,4,1,0
BRDA:42,5,0,0
BRDA:42,5,1,0
BRDA:43,6,0,0
BRDA:44,7,0,0
BRDA:45,8,0,0
BRDA:45,9,0,0
BRDA:45,9,1,0
BRDA:59,10,0,0
BRDA:59,10,1,0
BRDA:59,11,0,0
BRDA:59,11,1,0
BRDA:62,12,0,0
BRDA:66,13,0,0
BRF:20
BRH:0
end_of_record
TN:
SF:src/utils/haversine.ts
FN:3,calculateDistance
FN:24,toRadians
FN:28,isWithinGeofence
FN:39,getConfidenceLevel
FNF:4
FNH:4
FNDA:14,calculateDistance
FNDA:56,toRadians
FNDA:7,isWithinGeofence
FNDA:11,getConfidenceLevel
DA:1,2
DA:3,2
DA:9,14
DA:10,14
DA:13,14
DA:19,14
DA:21,14
DA:25,56
DA:28,2
DA:35,7
DA:36,7
DA:39,2
DA:44,11
DA:45,7
DA:46,4
DA:47,2
LF:16
LH:16
BRDA:44,0,0,4
BRDA:45,1,0,3
BRDA:46,2,0,2
BRF:3
BRH:3
end_of_record
TN:
SF:src/utils/pagination.ts
FN:15,getPaginationParams
FN:26,paginatedResult
FNF:2
FNH:0
FNDA:0,getPaginationParams
FNDA:0,paginatedResult
DA:15,0
DA:19,0
DA:20,0
DA:21,0
DA:23,0
DA:26,0
DA:31,0
LF:7
LH:0
BRDA:19,0,0,0
BRDA:19,0,1,0
BRDA:19,1,0,0
BRDA:19,1,1,0
BRDA:20,2,0,0
BRDA:20,2,1,0
BRDA:20,3,0,0
BRDA:20,3,1,0
BRF:8
BRH:0
end_of_record
